# JRE version: Java(TM) SE Runtime Environment (17.0.10+11) (build 17.0.10+11-LTS-240)
# Java VM: Java HotSpot(TM) 64-Bit Server VM (17.0.10+11-LTS-240, mixed mode, emulated-client, sharing, tiered, compressed oops, compressed class ptrs, g1 gc, windows-amd64)
GC Precious Log:
 CPUs: 16 total, 16 available
 Memory: 15789M
 Large Page Support: Disabled
 NUMA Support: Disabled
 Compressed Oops: Enabled (Zero based)
 Heap Region Size: 2M
 Heap Min Capacity: 8M
 Heap Initial Capacity: 248M
 Heap Max Capacity: 3948M
 Pre-touch: Disabled
 Parallel Workers: 13
 Concurrent Workers: 3
 Concurrent Refinement Workers: 13
 Periodic GC: Disabled
Heap:
 garbage-first heap   total 116736K, used 46215K [0x0000000709400000, 0x0000000800000000)
  region size 2048K, 9 young (18432K), 1 survivors (2048K)
 Metaspace       used 65062K, committed 65600K, reserved 1114112K
  class space    used 8953K, committed 9216K, reserved 1048576K
GC Heap History (20 events):
Event: 0.904 GC heap before
{Heap before GC invocations=1 (full 0):
 garbage-first heap   total 253952K, used 26286K [0x0000000709400000, 0x0000000800000000)
  region size 2048K, 12 young (24576K), 2 survivors (4096K)
 Metaspace       used 7792K, committed 8064K, reserved 1114112K
  class space    used 1109K, committed 1216K, reserved 1048576K
}
Event: 0.906 GC heap after
{Heap after GC invocations=2 (full 0):
 garbage-first heap   total 253952K, used 9569K [0x0000000709400000, 0x0000000800000000)
  region size 2048K, 1 young (2048K), 1 survivors (2048K)
 Metaspace       used 7792K, committed 8064K, reserved 1114112K
  class space    used 1109K, committed 1216K, reserved 1048576K
}
Event: 1.478 GC heap before
{Heap before GC invocations=2 (full 0):
 garbage-first heap   total 253952K, used 66913K [0x0000000709400000, 0x0000000800000000)
  region size 2048K, 29 young (59392K), 1 survivors (2048K)
 Metaspace       used 17566K, committed 17920K, reserved 1114112K
  class space    used 2360K, committed 2496K, reserved 1048576K
}
Event: 1.483 GC heap after
{Heap after GC invocations=3 (full 0):
 garbage-first heap   total 253952K, used 14278K [0x0000000709400000, 0x0000000800000000)
  region size 2048K, 4 young (8192K), 4 survivors (8192K)
 Metaspace       used 17566K, committed 17920K, reserved 1114112K
  class space    used 2360K, committed 2496K, reserved 1048576K
}
Event: 1.931 GC heap before
{Heap before GC invocations=3 (full 0):
 garbage-first heap   total 253952K, used 40902K [0x0000000709400000, 0x0000000800000000)
  region size 2048K, 18 young (36864K), 4 survivors (8192K)
 Metaspace       used 21151K, committed 21504K, reserved 1114112K
  class space    used 2863K, committed 3072K, reserved 1048576K
}
Event: 1.935 GC heap after
{Heap after GC invocations=4 (full 0):
 garbage-first heap   total 253952K, used 15753K [0x0000000709400000, 0x0000000800000000)
  region size 2048K, 4 young (8192K), 4 survivors (8192K)
 Metaspace       used 21151K, committed 21504K, reserved 1114112K
  class space    used 2863K, committed 3072K, reserved 1048576K
}
Event: 2.459 GC heap before
{Heap before GC invocations=5 (full 0):
 garbage-first heap   total 61440K, used 42377K [0x0000000709400000, 0x0000000800000000)
  region size 2048K, 18 young (36864K), 4 survivors (8192K)
 Metaspace       used 25623K, committed 26048K, reserved 1114112K
  class space    used 3504K, committed 3712K, reserved 1048576K
}
Event: 2.466 GC heap after
{Heap after GC invocations=6 (full 0):
 garbage-first heap   total 61440K, used 17989K [0x0000000709400000, 0x0000000800000000)
  region size 2048K, 3 young (6144K), 3 survivors (6144K)
 Metaspace       used 25623K, committed 26048K, reserved 1114112K
  class space    used 3504K, committed 3712K, reserved 1048576K
}
Event: 2.507 GC heap before
{Heap before GC invocations=6 (full 0):
 garbage-first heap   total 61440K, used 20037K [0x0000000709400000, 0x0000000800000000)
  region size 2048K, 4 young (8192K), 3 survivors (6144K)
 Metaspace       used 25805K, committed 26176K, reserved 1114112K
  class space    used 3521K, committed 3712K, reserved 1048576K
}
Event: 2.513 GC heap after
{Heap after GC invocations=7 (full 0):
 garbage-first heap   total 61440K, used 18588K [0x0000000709400000, 0x0000000800000000)
  region size 2048K, 1 young (2048K), 1 survivors (2048K)
 Metaspace       used 25805K, committed 26176K, reserved 1114112K
  class space    used 3521K, committed 3712K, reserved 1048576K
}
Event: 2.895 GC heap before
{Heap before GC invocations=7 (full 0):
 garbage-first heap   total 61440K, used 39068K [0x0000000709400000, 0x0000000800000000)
  region size 2048K, 12 young (24576K), 1 survivors (2048K)
 Metaspace       used 30381K, committed 30848K, reserved 1114112K
  class space    used 4082K, committed 4288K, reserved 1048576K
}
Event: 2.897 GC heap after
{Heap after GC invocations=8 (full 0):
 garbage-first heap   total 61440K, used 19415K [0x0000000709400000, 0x0000000800000000)
  region size 2048K, 1 young (2048K), 1 survivors (2048K)
 Metaspace       used 30381K, committed 30848K, reserved 1114112K
  class space    used 4082K, committed 4288K, reserved 1048576K
}
Event: 3.248 GC heap before
{Heap before GC invocations=8 (full 0):
 garbage-first heap   total 61440K, used 39895K [0x0000000709400000, 0x0000000800000000)
  region size 2048K, 12 young (24576K), 1 survivors (2048K)
 Metaspace       used 35494K, committed 35968K, reserved 1114112K
  class space    used 4798K, committed 5056K, reserved 1048576K
}
Event: 3.251 GC heap after
{Heap after GC invocations=9 (full 0):
 garbage-first heap   total 61440K, used 20186K [0x0000000709400000, 0x0000000800000000)
  region size 2048K, 2 young (4096K), 2 survivors (4096K)
 Metaspace       used 35494K, committed 35968K, reserved 1114112K
  class space    used 4798K, committed 5056K, reserved 1048576K
}
Event: 3.612 GC heap before
{Heap before GC invocations=10 (full 0):
 garbage-first heap   total 61440K, used 42714K [0x0000000709400000, 0x0000000800000000)
  region size 2048K, 13 young (26624K), 2 survivors (4096K)
 Metaspace       used 39720K, committed 40192K, reserved 1114112K
  class space    used 5527K, committed 5760K, reserved 1048576K
}
Event: 3.614 GC heap after
{Heap after GC invocations=11 (full 0):
 garbage-first heap   total 157696K, used 21160K [0x0000000709400000, 0x0000000800000000)
  region size 2048K, 1 young (2048K), 1 survivors (2048K)
 Metaspace       used 39720K, committed 40192K, reserved 1114112K
  class space    used 5527K, committed 5760K, reserved 1048576K
}
Event: 5.433 GC heap before
{Heap before GC invocations=11 (full 0):
 garbage-first heap   total 157696K, used 113320K [0x0000000709400000, 0x0000000800000000)
  region size 2048K, 46 young (94208K), 1 survivors (2048K)
 Metaspace       used 58002K, committed 58560K, reserved 1114112K
  class space    used 8044K, committed 8320K, reserved 1048576K
}
Event: 5.440 GC heap after
{Heap after GC invocations=12 (full 0):
 garbage-first heap   total 157696K, used 30323K [0x0000000709400000, 0x0000000800000000)
  region size 2048K, 6 young (12288K), 6 survivors (12288K)
 Metaspace       used 58002K, committed 58560K, reserved 1114112K
  class space    used 8044K, committed 8320K, reserved 1048576K
}
Event: 7.381 GC heap before
{Heap before GC invocations=12 (full 0):
 garbage-first heap   total 157696K, used 36467K [0x0000000709400000, 0x0000000800000000)
  region size 2048K, 10 young (20480K), 6 survivors (12288K)
 Metaspace       used 59653K, committed 60160K, reserved 1114112K
  class space    used 8216K, committed 8448K, reserved 1048576K
}
Event: 7.386 GC heap after
{Heap after GC invocations=13 (full 0):
 garbage-first heap   total 157696K, used 31879K [0x0000000709400000, 0x0000000800000000)
  region size 2048K, 1 young (2048K), 1 survivors (2048K)
 Metaspace       used 59653K, committed 60160K, reserved 1114112K
  class space    used 8216K, committed 8448K, reserved 1048576K
}

