# JRE version: Java(TM) SE Runtime Environment (17.0.10+11) (build 17.0.10+11-LTS-240)
# Java VM: Java HotSpot(TM) 64-Bit Server VM (17.0.10+11-LTS-240, mixed mode, emulated-client, sharing, tiered, compressed oops, compressed class ptrs, g1 gc, windows-amd64)
GC Precious Log:
 CPUs: 16 total, 16 available
 Memory: 15789M
 Large Page Support: Disabled
 NUMA Support: Disabled
 Compressed Oops: Enabled (Zero based)
 Heap Region Size: 2M
 Heap Min Capacity: 8M
 Heap Initial Capacity: 248M
 Heap Max Capacity: 3948M
 Pre-touch: Disabled
 Parallel Workers: 13
 Concurrent Workers: 3
 Concurrent Refinement Workers: 13
 Periodic GC: Disabled
Heap:
 garbage-first heap   total 116736K, used 46216K [0x0000000709400000, 0x0000000800000000)
  region size 2048K, 9 young (18432K), 1 survivors (2048K)
 Metaspace       used 65065K, committed 65600K, reserved 1114112K
  class space    used 8948K, committed 9216K, reserved 1048576K
GC Heap History (20 events):
Event: 1.502 GC heap before
{Heap before GC invocations=2 (full 0):
 garbage-first heap   total 253952K, used 66902K [0x0000000709400000, 0x0000000800000000)
  region size 2048K, 29 young (59392K), 1 survivors (2048K)
 Metaspace       used 17638K, committed 17920K, reserved 1114112K
  class space    used 2376K, committed 2496K, reserved 1048576K
}
Event: 1.507 GC heap after
{Heap after GC invocations=3 (full 0):
 garbage-first heap   total 253952K, used 14353K [0x0000000709400000, 0x0000000800000000)
  region size 2048K, 4 young (8192K), 4 survivors (8192K)
 Metaspace       used 17638K, committed 17920K, reserved 1114112K
  class space    used 2376K, committed 2496K, reserved 1048576K
}
Event: 1.925 GC heap before
{Heap before GC invocations=3 (full 0):
 garbage-first heap   total 253952K, used 38929K [0x0000000709400000, 0x0000000800000000)
  region size 2048K, 17 young (34816K), 4 survivors (8192K)
 Metaspace       used 21152K, committed 21504K, reserved 1114112K
  class space    used 2863K, committed 3072K, reserved 1048576K
}
Event: 1.929 GC heap after
{Heap after GC invocations=4 (full 0):
 garbage-first heap   total 253952K, used 15740K [0x0000000709400000, 0x0000000800000000)
  region size 2048K, 4 young (8192K), 4 survivors (8192K)
 Metaspace       used 21152K, committed 21504K, reserved 1114112K
  class space    used 2863K, committed 3072K, reserved 1048576K
}
Event: 2.451 GC heap before
{Heap before GC invocations=5 (full 0):
 garbage-first heap   total 61440K, used 42364K [0x0000000709400000, 0x0000000800000000)
  region size 2048K, 18 young (36864K), 4 survivors (8192K)
 Metaspace       used 25722K, committed 26112K, reserved 1114112K
  class space    used 3511K, committed 3712K, reserved 1048576K
}
Event: 2.458 GC heap after
{Heap after GC invocations=6 (full 0):
 garbage-first heap   total 61440K, used 18123K [0x0000000709400000, 0x0000000800000000)
  region size 2048K, 3 young (6144K), 3 survivors (6144K)
 Metaspace       used 25722K, committed 26112K, reserved 1114112K
  class space    used 3511K, committed 3712K, reserved 1048576K
}
Event: 2.496 GC heap before
{Heap before GC invocations=6 (full 0):
 garbage-first heap   total 61440K, used 20171K [0x0000000709400000, 0x0000000800000000)
  region size 2048K, 4 young (8192K), 3 survivors (6144K)
 Metaspace       used 26078K, committed 26496K, reserved 1114112K
  class space    used 3563K, committed 3776K, reserved 1048576K
}
Event: 2.503 GC heap after
{Heap after GC invocations=7 (full 0):
 garbage-first heap   total 61440K, used 18879K [0x0000000709400000, 0x0000000800000000)
  region size 2048K, 1 young (2048K), 1 survivors (2048K)
 Metaspace       used 26078K, committed 26496K, reserved 1114112K
  class space    used 3563K, committed 3776K, reserved 1048576K
}
Event: 2.860 GC heap before
{Heap before GC invocations=7 (full 0):
 garbage-first heap   total 61440K, used 41407K [0x0000000709400000, 0x0000000800000000)
  region size 2048K, 12 young (24576K), 1 survivors (2048K)
 Metaspace       used 30801K, committed 31232K, reserved 1114112K
  class space    used 4149K, committed 4352K, reserved 1048576K
}
Event: 2.863 GC heap after
{Heap after GC invocations=8 (full 0):
 garbage-first heap   total 61440K, used 19722K [0x0000000709400000, 0x0000000800000000)
  region size 2048K, 1 young (2048K), 1 survivors (2048K)
 Metaspace       used 30801K, committed 31232K, reserved 1114112K
  class space    used 4149K, committed 4352K, reserved 1048576K
}
Event: 3.178 GC heap before
{Heap before GC invocations=8 (full 0):
 garbage-first heap   total 61440K, used 36106K [0x0000000709400000, 0x0000000800000000)
  region size 2048K, 11 young (22528K), 1 survivors (2048K)
 Metaspace       used 35494K, committed 35968K, reserved 1114112K
  class space    used 4798K, committed 5056K, reserved 1048576K
}
Event: 3.181 GC heap after
{Heap after GC invocations=9 (full 0):
 garbage-first heap   total 61440K, used 20538K [0x0000000709400000, 0x0000000800000000)
  region size 2048K, 2 young (4096K), 2 survivors (4096K)
 Metaspace       used 35494K, committed 35968K, reserved 1114112K
  class space    used 4798K, committed 5056K, reserved 1048576K
}
Event: 3.500 GC heap before
{Heap before GC invocations=10 (full 0):
 garbage-first heap   total 61440K, used 43066K [0x0000000709400000, 0x0000000800000000)
  region size 2048K, 13 young (26624K), 2 survivors (4096K)
 Metaspace       used 39729K, committed 40192K, reserved 1114112K
  class space    used 5531K, committed 5760K, reserved 1048576K
}
Event: 3.503 GC heap after
{Heap after GC invocations=11 (full 0):
 garbage-first heap   total 157696K, used 21623K [0x0000000709400000, 0x0000000800000000)
  region size 2048K, 1 young (2048K), 1 survivors (2048K)
 Metaspace       used 39729K, committed 40192K, reserved 1114112K
  class space    used 5531K, committed 5760K, reserved 1048576K
}
Event: 3.558 GC heap before
{Heap before GC invocations=11 (full 0):
 garbage-first heap   total 157696K, used 23671K [0x0000000709400000, 0x0000000800000000)
  region size 2048K, 3 young (6144K), 1 survivors (2048K)
 Metaspace       used 40435K, committed 40960K, reserved 1114112K
  class space    used 5635K, committed 5888K, reserved 1048576K
}
Event: 3.560 GC heap after
{Heap after GC invocations=12 (full 0):
 garbage-first heap   total 157696K, used 21391K [0x0000000709400000, 0x0000000800000000)
  region size 2048K, 1 young (2048K), 1 survivors (2048K)
 Metaspace       used 40435K, committed 40960K, reserved 1114112K
  class space    used 5635K, committed 5888K, reserved 1048576K
}
Event: 12.496 GC heap before
{Heap before GC invocations=12 (full 0):
 garbage-first heap   total 157696K, used 113551K [0x0000000709400000, 0x0000000800000000)
  region size 2048K, 46 young (94208K), 1 survivors (2048K)
 Metaspace       used 59034K, committed 59520K, reserved 1114112K
  class space    used 8142K, committed 8384K, reserved 1048576K
}
Event: 12.504 GC heap after
{Heap after GC invocations=13 (full 0):
 garbage-first heap   total 157696K, used 30454K [0x0000000709400000, 0x0000000800000000)
  region size 2048K, 6 young (12288K), 6 survivors (12288K)
 Metaspace       used 59034K, committed 59520K, reserved 1114112K
  class space    used 8142K, committed 8384K, reserved 1048576K
}
Event: 13.657 GC heap before
{Heap before GC invocations=13 (full 0):
 garbage-first heap   total 157696K, used 34550K [0x0000000709400000, 0x0000000800000000)
  region size 2048K, 9 young (18432K), 6 survivors (12288K)
 Metaspace       used 59652K, committed 60160K, reserved 1114112K
  class space    used 8215K, committed 8448K, reserved 1048576K
}
Event: 13.661 GC heap after
{Heap after GC invocations=14 (full 0):
 garbage-first heap   total 157696K, used 31880K [0x0000000709400000, 0x0000000800000000)
  region size 2048K, 1 young (2048K), 1 survivors (2048K)
 Metaspace       used 59652K, committed 60160K, reserved 1114112K
  class space    used 8215K, committed 8448K, reserved 1048576K
}

