# JRE version: Java(TM) SE Runtime Environment (17.0.10+11) (build 17.0.10+11-LTS-240)
# Java VM: Java HotSpot(TM) 64-Bit Server VM (17.0.10+11-LTS-240, mixed mode, emulated-client, sharing, tiered, compressed oops, compressed class ptrs, g1 gc, windows-amd64)
GC Precious Log:
 CPUs: 16 total, 16 available
 Memory: 15789M
 Large Page Support: Disabled
 NUMA Support: Disabled
 Compressed Oops: Enabled (Zero based)
 Heap Region Size: 2M
 Heap Min Capacity: 8M
 Heap Initial Capacity: 248M
 Heap Max Capacity: 3948M
 Pre-touch: Disabled
 Parallel Workers: 13
 Concurrent Workers: 3
 Concurrent Refinement Workers: 13
 Periodic GC: Disabled
Heap:
 garbage-first heap   total 116736K, used 44056K [0x0000000709400000, 0x0000000800000000)
  region size 2048K, 9 young (18432K), 1 survivors (2048K)
 Metaspace       used 65201K, committed 65728K, reserved 1114112K
  class space    used 8968K, committed 9216K, reserved 1048576K
GC Heap History (20 events):
Event: 1.204 GC heap before
{Heap before GC invocations=1 (full 0):
 garbage-first heap   total 253952K, used 29213K [0x0000000709400000, 0x0000000800000000)
  region size 2048K, 12 young (24576K), 2 survivors (4096K)
 Metaspace       used 7679K, committed 7936K, reserved 1114112K
  class space    used 1088K, committed 1216K, reserved 1048576K
}
Event: 1.207 GC heap after
{Heap after GC invocations=2 (full 0):
 garbage-first heap   total 253952K, used 9431K [0x0000000709400000, 0x0000000800000000)
  region size 2048K, 1 young (2048K), 1 survivors (2048K)
 Metaspace       used 7679K, committed 7936K, reserved 1114112K
  class space    used 1088K, committed 1216K, reserved 1048576K
}
Event: 1.780 GC heap before
{Heap before GC invocations=2 (full 0):
 garbage-first heap   total 253952K, used 58583K [0x0000000709400000, 0x0000000800000000)
  region size 2048K, 26 young (53248K), 1 survivors (2048K)
 Metaspace       used 17156K, committed 17472K, reserved 1114112K
  class space    used 2296K, committed 2432K, reserved 1048576K
}
Event: 1.784 GC heap after
{Heap after GC invocations=3 (full 0):
 garbage-first heap   total 253952K, used 13831K [0x0000000709400000, 0x0000000800000000)
  region size 2048K, 3 young (6144K), 3 survivors (6144K)
 Metaspace       used 17156K, committed 17472K, reserved 1114112K
  class space    used 2296K, committed 2432K, reserved 1048576K
}
Event: 2.718 GC heap before
{Heap before GC invocations=3 (full 0):
 garbage-first heap   total 253952K, used 48647K [0x0000000709400000, 0x0000000800000000)
  region size 2048K, 21 young (43008K), 3 survivors (6144K)
 Metaspace       used 21151K, committed 21504K, reserved 1114112K
  class space    used 2862K, committed 3072K, reserved 1048576K
}
Event: 2.723 GC heap after
{Heap after GC invocations=4 (full 0):
 garbage-first heap   total 253952K, used 15784K [0x0000000709400000, 0x0000000800000000)
  region size 2048K, 4 young (8192K), 4 survivors (8192K)
 Metaspace       used 21151K, committed 21504K, reserved 1114112K
  class space    used 2862K, committed 3072K, reserved 1048576K
}
Event: 3.284 GC heap before
{Heap before GC invocations=5 (full 0):
 garbage-first heap   total 61440K, used 44456K [0x0000000709400000, 0x0000000800000000)
  region size 2048K, 18 young (36864K), 4 survivors (8192K)
 Metaspace       used 25625K, committed 26048K, reserved 1114112K
  class space    used 3504K, committed 3712K, reserved 1048576K
}
Event: 3.300 GC heap after
{Heap after GC invocations=6 (full 0):
 garbage-first heap   total 61440K, used 17975K [0x0000000709400000, 0x0000000800000000)
  region size 2048K, 3 young (6144K), 3 survivors (6144K)
 Metaspace       used 25625K, committed 26048K, reserved 1114112K
  class space    used 3504K, committed 3712K, reserved 1048576K
}
Event: 3.417 GC heap before
{Heap before GC invocations=6 (full 0):
 garbage-first heap   total 61440K, used 17975K [0x0000000709400000, 0x0000000800000000)
  region size 2048K, 4 young (8192K), 3 survivors (6144K)
 Metaspace       used 25767K, committed 26176K, reserved 1114112K
  class space    used 3517K, committed 3712K, reserved 1048576K
}
Event: 3.431 GC heap after
{Heap after GC invocations=7 (full 0):
 garbage-first heap   total 61440K, used 18693K [0x0000000709400000, 0x0000000800000000)
  region size 2048K, 1 young (2048K), 1 survivors (2048K)
 Metaspace       used 25767K, committed 26176K, reserved 1114112K
  class space    used 3517K, committed 3712K, reserved 1048576K
}
Event: 4.075 GC heap before
{Heap before GC invocations=7 (full 0):
 garbage-first heap   total 61440K, used 41221K [0x0000000709400000, 0x0000000800000000)
  region size 2048K, 12 young (24576K), 1 survivors (2048K)
 Metaspace       used 30312K, committed 30784K, reserved 1114112K
  class space    used 4072K, committed 4288K, reserved 1048576K
}
Event: 4.078 GC heap after
{Heap after GC invocations=8 (full 0):
 garbage-first heap   total 61440K, used 19363K [0x0000000709400000, 0x0000000800000000)
  region size 2048K, 1 young (2048K), 1 survivors (2048K)
 Metaspace       used 30312K, committed 30784K, reserved 1114112K
  class space    used 4072K, committed 4288K, reserved 1048576K
}
Event: 4.457 GC heap before
{Heap before GC invocations=8 (full 0):
 garbage-first heap   total 61440K, used 37795K [0x0000000709400000, 0x0000000800000000)
  region size 2048K, 12 young (24576K), 1 survivors (2048K)
 Metaspace       used 35496K, committed 35968K, reserved 1114112K
  class space    used 4799K, committed 5056K, reserved 1048576K
}
Event: 4.460 GC heap after
{Heap after GC invocations=9 (full 0):
 garbage-first heap   total 61440K, used 20199K [0x0000000709400000, 0x0000000800000000)
  region size 2048K, 2 young (4096K), 2 survivors (4096K)
 Metaspace       used 35496K, committed 35968K, reserved 1114112K
  class space    used 4799K, committed 5056K, reserved 1048576K
}
Event: 4.885 GC heap before
{Heap before GC invocations=10 (full 0):
 garbage-first heap   total 61440K, used 44775K [0x0000000709400000, 0x0000000800000000)
  region size 2048K, 14 young (28672K), 2 survivors (4096K)
 Metaspace       used 40267K, committed 40768K, reserved 1114112K
  class space    used 5601K, committed 5824K, reserved 1048576K
}
Event: 4.889 GC heap after
{Heap after GC invocations=11 (full 0):
 garbage-first heap   total 157696K, used 21219K [0x0000000709400000, 0x0000000800000000)
  region size 2048K, 1 young (2048K), 1 survivors (2048K)
 Metaspace       used 40267K, committed 40768K, reserved 1114112K
  class space    used 5601K, committed 5824K, reserved 1048576K
}
Event: 14.232 GC heap before
{Heap before GC invocations=11 (full 0):
 garbage-first heap   total 157696K, used 113379K [0x0000000709400000, 0x0000000800000000)
  region size 2048K, 46 young (94208K), 1 survivors (2048K)
 Metaspace       used 58545K, committed 59072K, reserved 1114112K
  class space    used 8109K, committed 8384K, reserved 1048576K
}
Event: 14.244 GC heap after
{Heap after GC invocations=12 (full 0):
 garbage-first heap   total 157696K, used 30509K [0x0000000709400000, 0x0000000800000000)
  region size 2048K, 6 young (12288K), 6 survivors (12288K)
 Metaspace       used 58545K, committed 59072K, reserved 1114112K
  class space    used 8109K, committed 8384K, reserved 1048576K
}
Event: 15.388 GC heap before
{Heap before GC invocations=12 (full 0):
 garbage-first heap   total 157696K, used 34605K [0x0000000709400000, 0x0000000800000000)
  region size 2048K, 9 young (18432K), 6 survivors (12288K)
 Metaspace       used 59663K, committed 60160K, reserved 1114112K
  class space    used 8208K, committed 8448K, reserved 1048576K
}
Event: 15.400 GC heap after
{Heap after GC invocations=13 (full 0):
 garbage-first heap   total 157696K, used 31768K [0x0000000709400000, 0x0000000800000000)
  region size 2048K, 1 young (2048K), 1 survivors (2048K)
 Metaspace       used 59663K, committed 60160K, reserved 1114112K
  class space    used 8208K, committed 8448K, reserved 1048576K
}

