# JRE version: Java(TM) SE Runtime Environment (17.0.10+11) (build 17.0.10+11-LTS-240)
# Java VM: Java HotSpot(TM) 64-Bit Server VM (17.0.10+11-LTS-240, mixed mode, emulated-client, sharing, tiered, compressed oops, compressed class ptrs, g1 gc, windows-amd64)
GC Precious Log:
 CPUs: 16 total, 16 available
 Memory: 15789M
 Large Page Support: Disabled
 NUMA Support: Disabled
 Compressed Oops: Enabled (Zero based)
 Heap Region Size: 2M
 Heap Min Capacity: 8M
 Heap Initial Capacity: 248M
 Heap Max Capacity: 3948M
 Pre-touch: Disabled
 Parallel Workers: 13
 Concurrent Workers: 3
 Concurrent Refinement Workers: 13
 Periodic GC: Disabled
Heap:
 garbage-first heap   total 116736K, used 44475K [0x0000000709400000, 0x0000000800000000)
  region size 2048K, 8 young (16384K), 1 survivors (2048K)
 Metaspace       used 65093K, committed 65664K, reserved 1114112K
  class space    used 8955K, committed 9216K, reserved 1048576K
GC Heap History (20 events):
Event: 0.979 GC heap before
{Heap before GC invocations=1 (full 0):
 garbage-first heap   total 253952K, used 26728K [0x0000000709400000, 0x0000000800000000)
  region size 2048K, 12 young (24576K), 2 survivors (4096K)
 Metaspace       used 7851K, committed 8128K, reserved 1114112K
  class space    used 1114K, committed 1216K, reserved 1048576K
}
Event: 0.982 GC heap after
{Heap after GC invocations=2 (full 0):
 garbage-first heap   total 253952K, used 9508K [0x0000000709400000, 0x0000000800000000)
  region size 2048K, 1 young (2048K), 1 survivors (2048K)
 Metaspace       used 7851K, committed 8128K, reserved 1114112K
  class space    used 1114K, committed 1216K, reserved 1048576K
}
Event: 1.500 GC heap before
{Heap before GC invocations=2 (full 0):
 garbage-first heap   total 253952K, used 58660K [0x0000000709400000, 0x0000000800000000)
  region size 2048K, 26 young (53248K), 1 survivors (2048K)
 Metaspace       used 17191K, committed 17536K, reserved 1114112K
  class space    used 2300K, committed 2432K, reserved 1048576K
}
Event: 1.505 GC heap after
{Heap after GC invocations=3 (full 0):
 garbage-first heap   total 253952K, used 13694K [0x0000000709400000, 0x0000000800000000)
  region size 2048K, 3 young (6144K), 3 survivors (6144K)
 Metaspace       used 17191K, committed 17536K, reserved 1114112K
  class space    used 2300K, committed 2432K, reserved 1048576K
}
Event: 2.118 GC heap before
{Heap before GC invocations=3 (full 0):
 garbage-first heap   total 253952K, used 48510K [0x0000000709400000, 0x0000000800000000)
  region size 2048K, 21 young (43008K), 3 survivors (6144K)
 Metaspace       used 21135K, committed 21504K, reserved 1114112K
  class space    used 2860K, committed 3072K, reserved 1048576K
}
Event: 2.122 GC heap after
{Heap after GC invocations=4 (full 0):
 garbage-first heap   total 253952K, used 15682K [0x0000000709400000, 0x0000000800000000)
  region size 2048K, 4 young (8192K), 4 survivors (8192K)
 Metaspace       used 21135K, committed 21504K, reserved 1114112K
  class space    used 2860K, committed 3072K, reserved 1048576K
}
Event: 2.731 GC heap before
{Heap before GC invocations=5 (full 0):
 garbage-first heap   total 61440K, used 44354K [0x0000000709400000, 0x0000000800000000)
  region size 2048K, 18 young (36864K), 4 survivors (8192K)
 Metaspace       used 25642K, committed 26048K, reserved 1114112K
  class space    used 3506K, committed 3712K, reserved 1048576K
}
Event: 2.738 GC heap after
{Heap after GC invocations=6 (full 0):
 garbage-first heap   total 61440K, used 18349K [0x0000000709400000, 0x0000000800000000)
  region size 2048K, 3 young (6144K), 3 survivors (6144K)
 Metaspace       used 25642K, committed 26048K, reserved 1114112K
  class space    used 3506K, committed 3712K, reserved 1048576K
}
Event: 2.786 GC heap before
{Heap before GC invocations=6 (full 0):
 garbage-first heap   total 61440K, used 20397K [0x0000000709400000, 0x0000000800000000)
  region size 2048K, 4 young (8192K), 3 survivors (6144K)
 Metaspace       used 25871K, committed 26240K, reserved 1114112K
  class space    used 3530K, committed 3712K, reserved 1048576K
}
Event: 2.793 GC heap after
{Heap after GC invocations=7 (full 0):
 garbage-first heap   total 61440K, used 18845K [0x0000000709400000, 0x0000000800000000)
  region size 2048K, 1 young (2048K), 1 survivors (2048K)
 Metaspace       used 25871K, committed 26240K, reserved 1114112K
  class space    used 3530K, committed 3712K, reserved 1048576K
}
Event: 3.180 GC heap before
{Heap before GC invocations=7 (full 0):
 garbage-first heap   total 61440K, used 41373K [0x0000000709400000, 0x0000000800000000)
  region size 2048K, 12 young (24576K), 1 survivors (2048K)
 Metaspace       used 30422K, committed 30848K, reserved 1114112K
  class space    used 4088K, committed 4288K, reserved 1048576K
}
Event: 3.182 GC heap after
{Heap after GC invocations=8 (full 0):
 garbage-first heap   total 61440K, used 19558K [0x0000000709400000, 0x0000000800000000)
  region size 2048K, 1 young (2048K), 1 survivors (2048K)
 Metaspace       used 30422K, committed 30848K, reserved 1114112K
  class space    used 4088K, committed 4288K, reserved 1048576K
}
Event: 3.566 GC heap before
{Heap before GC invocations=8 (full 0):
 garbage-first heap   total 61440K, used 40038K [0x0000000709400000, 0x0000000800000000)
  region size 2048K, 12 young (24576K), 1 survivors (2048K)
 Metaspace       used 35487K, committed 35968K, reserved 1114112K
  class space    used 4794K, committed 5056K, reserved 1048576K
}
Event: 3.568 GC heap after
{Heap after GC invocations=9 (full 0):
 garbage-first heap   total 61440K, used 20426K [0x0000000709400000, 0x0000000800000000)
  region size 2048K, 2 young (4096K), 2 survivors (4096K)
 Metaspace       used 35487K, committed 35968K, reserved 1114112K
  class space    used 4794K, committed 5056K, reserved 1048576K
}
Event: 3.929 GC heap before
{Heap before GC invocations=10 (full 0):
 garbage-first heap   total 61440K, used 42954K [0x0000000709400000, 0x0000000800000000)
  region size 2048K, 13 young (26624K), 2 survivors (4096K)
 Metaspace       used 39750K, committed 40256K, reserved 1114112K
  class space    used 5531K, committed 5760K, reserved 1048576K
}
Event: 3.932 GC heap after
{Heap after GC invocations=11 (full 0):
 garbage-first heap   total 157696K, used 21346K [0x0000000709400000, 0x0000000800000000)
  region size 2048K, 1 young (2048K), 1 survivors (2048K)
 Metaspace       used 39750K, committed 40256K, reserved 1114112K
  class space    used 5531K, committed 5760K, reserved 1048576K
}
Event: 8.689 GC heap before
{Heap before GC invocations=11 (full 0):
 garbage-first heap   total 157696K, used 113506K [0x0000000709400000, 0x0000000800000000)
  region size 2048K, 46 young (94208K), 1 survivors (2048K)
 Metaspace       used 57805K, committed 58368K, reserved 1114112K
  class space    used 8043K, committed 8320K, reserved 1048576K
}
Event: 8.696 GC heap after
{Heap after GC invocations=12 (full 0):
 garbage-first heap   total 157696K, used 30419K [0x0000000709400000, 0x0000000800000000)
  region size 2048K, 6 young (12288K), 6 survivors (12288K)
 Metaspace       used 57805K, committed 58368K, reserved 1114112K
  class space    used 8043K, committed 8320K, reserved 1048576K
}
Event: 9.692 GC heap before
{Heap before GC invocations=12 (full 0):
 garbage-first heap   total 157696K, used 38611K [0x0000000709400000, 0x0000000800000000)
  region size 2048K, 11 young (22528K), 6 survivors (12288K)
 Metaspace       used 59643K, committed 60160K, reserved 1114112K
  class space    used 8248K, committed 8512K, reserved 1048576K
}
Event: 9.697 GC heap after
{Heap after GC invocations=13 (full 0):
 garbage-first heap   total 157696K, used 32187K [0x0000000709400000, 0x0000000800000000)
  region size 2048K, 1 young (2048K), 1 survivors (2048K)
 Metaspace       used 59643K, committed 60160K, reserved 1114112K
  class space    used 8248K, committed 8512K, reserved 1048576K
}

