# JRE version: Java(TM) SE Runtime Environment (17.0.10+11) (build 17.0.10+11-LTS-240)
# Java VM: Java HotSpot(TM) 64-Bit Server VM (17.0.10+11-LTS-240, mixed mode, emulated-client, sharing, tiered, compressed oops, compressed class ptrs, g1 gc, windows-amd64)
GC Precious Log:
 CPUs: 16 total, 16 available
 Memory: 15789M
 Large Page Support: Disabled
 NUMA Support: Disabled
 Compressed Oops: Enabled (Zero based)
 Heap Region Size: 2M
 Heap Min Capacity: 8M
 Heap Initial Capacity: 248M
 Heap Max Capacity: 3948M
 Pre-touch: Disabled
 Parallel Workers: 13
 Concurrent Workers: 3
 Concurrent Refinement Workers: 13
 Periodic GC: Disabled
Heap:
 garbage-first heap   total 116736K, used 42081K [0x0000000709400000, 0x0000000800000000)
  region size 2048K, 8 young (16384K), 1 survivors (2048K)
 Metaspace       used 64894K, committed 65472K, reserved 1114112K
  class space    used 8927K, committed 9216K, reserved 1048576K
GC Heap History (20 events):
Event: 0.882 GC heap before
{Heap before GC invocations=1 (full 0):
 garbage-first heap   total 253952K, used 27019K [0x0000000709400000, 0x0000000800000000)
  region size 2048K, 12 young (24576K), 2 survivors (4096K)
 Metaspace       used 7778K, committed 8064K, reserved 1114112K
  class space    used 1106K, committed 1216K, reserved 1048576K
}
Event: 0.885 GC heap after
{Heap after GC invocations=2 (full 0):
 garbage-first heap   total 253952K, used 9452K [0x0000000709400000, 0x0000000800000000)
  region size 2048K, 1 young (2048K), 1 survivors (2048K)
 Metaspace       used 7778K, committed 8064K, reserved 1114112K
  class space    used 1106K, committed 1216K, reserved 1048576K
}
Event: 1.458 GC heap before
{Heap before GC invocations=2 (full 0):
 garbage-first heap   total 253952K, used 64748K [0x0000000709400000, 0x0000000800000000)
  region size 2048K, 29 young (59392K), 1 survivors (2048K)
 Metaspace       used 17535K, committed 17856K, reserved 1114112K
  class space    used 2354K, committed 2496K, reserved 1048576K
}
Event: 1.463 GC heap after
{Heap after GC invocations=3 (full 0):
 garbage-first heap   total 253952K, used 14161K [0x0000000709400000, 0x0000000800000000)
  region size 2048K, 4 young (8192K), 4 survivors (8192K)
 Metaspace       used 17535K, committed 17856K, reserved 1114112K
  class space    used 2354K, committed 2496K, reserved 1048576K
}
Event: 1.946 GC heap before
{Heap before GC invocations=3 (full 0):
 garbage-first heap   total 253952K, used 42833K [0x0000000709400000, 0x0000000800000000)
  region size 2048K, 19 young (38912K), 4 survivors (8192K)
 Metaspace       used 21126K, committed 21504K, reserved 1114112K
  class space    used 2860K, committed 3072K, reserved 1048576K
}
Event: 1.950 GC heap after
{Heap after GC invocations=4 (full 0):
 garbage-first heap   total 253952K, used 15887K [0x0000000709400000, 0x0000000800000000)
  region size 2048K, 4 young (8192K), 4 survivors (8192K)
 Metaspace       used 21126K, committed 21504K, reserved 1114112K
  class space    used 2860K, committed 3072K, reserved 1048576K
}
Event: 2.438 GC heap before
{Heap before GC invocations=5 (full 0):
 garbage-first heap   total 61440K, used 42511K [0x0000000709400000, 0x0000000800000000)
  region size 2048K, 18 young (36864K), 4 survivors (8192K)
 Metaspace       used 25622K, committed 26048K, reserved 1114112K
  class space    used 3503K, committed 3712K, reserved 1048576K
}
Event: 2.445 GC heap after
{Heap after GC invocations=6 (full 0):
 garbage-first heap   total 61440K, used 18372K [0x0000000709400000, 0x0000000800000000)
  region size 2048K, 3 young (6144K), 3 survivors (6144K)
 Metaspace       used 25622K, committed 26048K, reserved 1114112K
  class space    used 3503K, committed 3712K, reserved 1048576K
}
Event: 2.482 GC heap before
{Heap before GC invocations=6 (full 0):
 garbage-first heap   total 61440K, used 20420K [0x0000000709400000, 0x0000000800000000)
  region size 2048K, 4 young (8192K), 3 survivors (6144K)
 Metaspace       used 25776K, committed 26176K, reserved 1114112K
  class space    used 3517K, committed 3712K, reserved 1048576K
}
Event: 2.488 GC heap after
{Heap after GC invocations=7 (full 0):
 garbage-first heap   total 61440K, used 18685K [0x0000000709400000, 0x0000000800000000)
  region size 2048K, 1 young (2048K), 1 survivors (2048K)
 Metaspace       used 25776K, committed 26176K, reserved 1114112K
  class space    used 3517K, committed 3712K, reserved 1048576K
}
Event: 2.802 GC heap before
{Heap before GC invocations=7 (full 0):
 garbage-first heap   total 61440K, used 41213K [0x0000000709400000, 0x0000000800000000)
  region size 2048K, 12 young (24576K), 1 survivors (2048K)
 Metaspace       used 30370K, committed 30784K, reserved 1114112K
  class space    used 4084K, committed 4288K, reserved 1048576K
}
Event: 2.805 GC heap after
{Heap after GC invocations=8 (full 0):
 garbage-first heap   total 61440K, used 19455K [0x0000000709400000, 0x0000000800000000)
  region size 2048K, 1 young (2048K), 1 survivors (2048K)
 Metaspace       used 30370K, committed 30784K, reserved 1114112K
  class space    used 4084K, committed 4288K, reserved 1048576K
}
Event: 3.160 GC heap before
{Heap before GC invocations=8 (full 0):
 garbage-first heap   total 61440K, used 39935K [0x0000000709400000, 0x0000000800000000)
  region size 2048K, 12 young (24576K), 1 survivors (2048K)
 Metaspace       used 35505K, committed 35968K, reserved 1114112K
  class space    used 4802K, committed 5056K, reserved 1048576K
}
Event: 3.162 GC heap after
{Heap after GC invocations=9 (full 0):
 garbage-first heap   total 61440K, used 20266K [0x0000000709400000, 0x0000000800000000)
  region size 2048K, 2 young (4096K), 2 survivors (4096K)
 Metaspace       used 35505K, committed 35968K, reserved 1114112K
  class space    used 4802K, committed 5056K, reserved 1048576K
}
Event: 3.512 GC heap before
{Heap before GC invocations=10 (full 0):
 garbage-first heap   total 61440K, used 42794K [0x0000000709400000, 0x0000000800000000)
  region size 2048K, 13 young (26624K), 2 survivors (4096K)
 Metaspace       used 39753K, committed 40256K, reserved 1114112K
  class space    used 5547K, committed 5824K, reserved 1048576K
}
Event: 3.515 GC heap after
{Heap after GC invocations=11 (full 0):
 garbage-first heap   total 157696K, used 21306K [0x0000000709400000, 0x0000000800000000)
  region size 2048K, 1 young (2048K), 1 survivors (2048K)
 Metaspace       used 39753K, committed 40256K, reserved 1114112K
  class space    used 5547K, committed 5824K, reserved 1048576K
}
Event: 6.202 GC heap before
{Heap before GC invocations=11 (full 0):
 garbage-first heap   total 157696K, used 113466K [0x0000000709400000, 0x0000000800000000)
  region size 2048K, 46 young (94208K), 1 survivors (2048K)
 Metaspace       used 57669K, committed 58176K, reserved 1114112K
  class space    used 7999K, committed 8256K, reserved 1048576K
}
Event: 6.209 GC heap after
{Heap after GC invocations=12 (full 0):
 garbage-first heap   total 157696K, used 30362K [0x0000000709400000, 0x0000000800000000)
  region size 2048K, 6 young (12288K), 6 survivors (12288K)
 Metaspace       used 57669K, committed 58176K, reserved 1114112K
  class space    used 7999K, committed 8256K, reserved 1048576K
}
Event: 6.351 GC heap before
{Heap before GC invocations=12 (full 0):
 garbage-first heap   total 157696K, used 34458K [0x0000000709400000, 0x0000000800000000)
  region size 2048K, 10 young (20480K), 6 survivors (12288K)
 Metaspace       used 59710K, committed 60160K, reserved 1114112K
  class space    used 8226K, committed 8448K, reserved 1048576K
}
Event: 6.357 GC heap after
{Heap after GC invocations=13 (full 0):
 garbage-first heap   total 157696K, used 31841K [0x0000000709400000, 0x0000000800000000)
  region size 2048K, 1 young (2048K), 1 survivors (2048K)
 Metaspace       used 59710K, committed 60160K, reserved 1114112K
  class space    used 8226K, committed 8448K, reserved 1048576K
}

