# JRE version: Java(TM) SE Runtime Environment (17.0.10+11) (build 17.0.10+11-LTS-240)
# Java VM: Java HotSpot(TM) 64-Bit Server VM (17.0.10+11-LTS-240, mixed mode, emulated-client, sharing, tiered, compressed oops, compressed class ptrs, g1 gc, windows-amd64)
GC Precious Log:
 CPUs: 16 total, 16 available
 Memory: 15789M
 Large Page Support: Disabled
 NUMA Support: Disabled
 Compressed Oops: Enabled (Zero based)
 Heap Region Size: 2M
 Heap Min Capacity: 8M
 Heap Initial Capacity: 248M
 Heap Max Capacity: 3948M
 Pre-touch: Disabled
 Parallel Workers: 13
 Concurrent Workers: 3
 Concurrent Refinement Workers: 13
 Periodic GC: Disabled
Heap:
 garbage-first heap   total 116736K, used 46400K [0x0000000709400000, 0x0000000800000000)
  region size 2048K, 9 young (18432K), 1 survivors (2048K)
 Metaspace       used 65077K, committed 65664K, reserved 1114112K
  class space    used 8954K, committed 9216K, reserved 1048576K
GC Heap History (20 events):
Event: 1.229 GC heap before
{Heap before GC invocations=1 (full 0):
 garbage-first heap   total 253952K, used 30197K [0x0000000709400000, 0x0000000800000000)
  region size 2048K, 13 young (26624K), 2 survivors (4096K)
 Metaspace       used 8361K, committed 8576K, reserved 1114112K
  class space    used 1182K, committed 1280K, reserved 1048576K
}
Event: 1.233 GC heap after
{Heap after GC invocations=2 (full 0):
 garbage-first heap   total 253952K, used 9488K [0x0000000709400000, 0x0000000800000000)
  region size 2048K, 1 young (2048K), 1 survivors (2048K)
 Metaspace       used 8361K, committed 8576K, reserved 1114112K
  class space    used 1182K, committed 1280K, reserved 1048576K
}
Event: 2.020 GC heap before
{Heap before GC invocations=2 (full 0):
 garbage-first heap   total 253952K, used 64784K [0x0000000709400000, 0x0000000800000000)
  region size 2048K, 29 young (59392K), 1 survivors (2048K)
 Metaspace       used 17646K, committed 17984K, reserved 1114112K
  class space    used 2380K, committed 2496K, reserved 1048576K
}
Event: 2.025 GC heap after
{Heap after GC invocations=3 (full 0):
 garbage-first heap   total 253952K, used 13833K [0x0000000709400000, 0x0000000800000000)
  region size 2048K, 3 young (6144K), 3 survivors (6144K)
 Metaspace       used 17646K, committed 17984K, reserved 1114112K
  class space    used 2380K, committed 2496K, reserved 1048576K
}
Event: 2.561 GC heap before
{Heap before GC invocations=3 (full 0):
 garbage-first heap   total 253952K, used 38409K [0x0000000709400000, 0x0000000800000000)
  region size 2048K, 16 young (32768K), 3 survivors (6144K)
 Metaspace       used 21155K, committed 21504K, reserved 1114112K
  class space    used 2867K, committed 3072K, reserved 1048576K
}
Event: 2.565 GC heap after
{Heap after GC invocations=4 (full 0):
 garbage-first heap   total 253952K, used 15591K [0x0000000709400000, 0x0000000800000000)
  region size 2048K, 4 young (8192K), 4 survivors (8192K)
 Metaspace       used 21155K, committed 21504K, reserved 1114112K
  class space    used 2867K, committed 3072K, reserved 1048576K
}
Event: 3.181 GC heap before
{Heap before GC invocations=5 (full 0):
 garbage-first heap   total 61440K, used 44263K [0x0000000709400000, 0x0000000800000000)
  region size 2048K, 18 young (36864K), 4 survivors (8192K)
 Metaspace       used 25742K, committed 26112K, reserved 1114112K
  class space    used 3516K, committed 3712K, reserved 1048576K
}
Event: 3.189 GC heap after
{Heap after GC invocations=6 (full 0):
 garbage-first heap   total 61440K, used 18151K [0x0000000709400000, 0x0000000800000000)
  region size 2048K, 3 young (6144K), 3 survivors (6144K)
 Metaspace       used 25742K, committed 26112K, reserved 1114112K
  class space    used 3516K, committed 3712K, reserved 1048576K
}
Event: 3.227 GC heap before
{Heap before GC invocations=6 (full 0):
 garbage-first heap   total 61440K, used 20199K [0x0000000709400000, 0x0000000800000000)
  region size 2048K, 4 young (8192K), 3 survivors (6144K)
 Metaspace       used 26086K, committed 26496K, reserved 1114112K
  class space    used 3566K, committed 3776K, reserved 1048576K
}
Event: 3.235 GC heap after
{Heap after GC invocations=7 (full 0):
 garbage-first heap   total 61440K, used 18467K [0x0000000709400000, 0x0000000800000000)
  region size 2048K, 1 young (2048K), 1 survivors (2048K)
 Metaspace       used 26086K, committed 26496K, reserved 1114112K
  class space    used 3566K, committed 3776K, reserved 1048576K
}
Event: 3.617 GC heap before
{Heap before GC invocations=7 (full 0):
 garbage-first heap   total 61440K, used 40995K [0x0000000709400000, 0x0000000800000000)
  region size 2048K, 12 young (24576K), 1 survivors (2048K)
 Metaspace       used 30858K, committed 31296K, reserved 1114112K
  class space    used 4158K, committed 4352K, reserved 1048576K
}
Event: 3.620 GC heap after
{Heap after GC invocations=8 (full 0):
 garbage-first heap   total 61440K, used 19319K [0x0000000709400000, 0x0000000800000000)
  region size 2048K, 1 young (2048K), 1 survivors (2048K)
 Metaspace       used 30858K, committed 31296K, reserved 1114112K
  class space    used 4158K, committed 4352K, reserved 1048576K
}
Event: 4.059 GC heap before
{Heap before GC invocations=8 (full 0):
 garbage-first heap   total 61440K, used 37751K [0x0000000709400000, 0x0000000800000000)
  region size 2048K, 11 young (22528K), 1 survivors (2048K)
 Metaspace       used 35498K, committed 35968K, reserved 1114112K
  class space    used 4801K, committed 5056K, reserved 1048576K
}
Event: 4.061 GC heap after
{Heap after GC invocations=9 (full 0):
 garbage-first heap   total 61440K, used 20159K [0x0000000709400000, 0x0000000800000000)
  region size 2048K, 2 young (4096K), 2 survivors (4096K)
 Metaspace       used 35498K, committed 35968K, reserved 1114112K
  class space    used 4801K, committed 5056K, reserved 1048576K
}
Event: 4.586 GC heap before
{Heap before GC invocations=10 (full 0):
 garbage-first heap   total 61440K, used 42687K [0x0000000709400000, 0x0000000800000000)
  region size 2048K, 13 young (26624K), 2 survivors (4096K)
 Metaspace       used 39740K, committed 40192K, reserved 1114112K
  class space    used 5530K, committed 5760K, reserved 1048576K
}
Event: 4.589 GC heap after
{Heap after GC invocations=11 (full 0):
 garbage-first heap   total 157696K, used 21316K [0x0000000709400000, 0x0000000800000000)
  region size 2048K, 1 young (2048K), 1 survivors (2048K)
 Metaspace       used 39740K, committed 40192K, reserved 1114112K
  class space    used 5530K, committed 5760K, reserved 1048576K
}
Event: 43.544 GC heap before
{Heap before GC invocations=11 (full 0):
 garbage-first heap   total 157696K, used 113476K [0x0000000709400000, 0x0000000800000000)
  region size 2048K, 46 young (94208K), 1 survivors (2048K)
 Metaspace       used 57624K, committed 58176K, reserved 1114112K
  class space    used 7998K, committed 8256K, reserved 1048576K
}
Event: 43.551 GC heap after
{Heap after GC invocations=12 (full 0):
 garbage-first heap   total 157696K, used 30373K [0x0000000709400000, 0x0000000800000000)
  region size 2048K, 6 young (12288K), 6 survivors (12288K)
 Metaspace       used 57624K, committed 58176K, reserved 1114112K
  class space    used 7998K, committed 8256K, reserved 1048576K
}
Event: 45.097 GC heap before
{Heap before GC invocations=12 (full 0):
 garbage-first heap   total 157696K, used 36517K [0x0000000709400000, 0x0000000800000000)
  region size 2048K, 11 young (22528K), 6 survivors (12288K)
 Metaspace       used 59675K, committed 60160K, reserved 1114112K
  class space    used 8216K, committed 8448K, reserved 1048576K
}
Event: 45.112 GC heap after
{Heap after GC invocations=13 (full 0):
 garbage-first heap   total 157696K, used 32064K [0x0000000709400000, 0x0000000800000000)
  region size 2048K, 1 young (2048K), 1 survivors (2048K)
 Metaspace       used 59675K, committed 60160K, reserved 1114112K
  class space    used 8216K, committed 8448K, reserved 1048576K
}

