# JRE version: Java(TM) SE Runtime Environment (17.0.10+11) (build 17.0.10+11-LTS-240)
# Java VM: Java HotSpot(TM) 64-Bit Server VM (17.0.10+11-LTS-240, mixed mode, emulated-client, sharing, tiered, compressed oops, compressed class ptrs, g1 gc, windows-amd64)
GC Precious Log:
 CPUs: 16 total, 16 available
 Memory: 15789M
 Large Page Support: Disabled
 NUMA Support: Disabled
 Compressed Oops: Enabled (Zero based)
 Heap Region Size: 2M
 Heap Min Capacity: 8M
 Heap Initial Capacity: 248M
 Heap Max Capacity: 3948M
 Pre-touch: Disabled
 Parallel Workers: 13
 Concurrent Workers: 3
 Concurrent Refinement Workers: 13
 Periodic GC: Disabled
Heap:
 garbage-first heap   total 122880K, used 46831K [0x0000000709400000, 0x0000000800000000)
  region size 2048K, 9 young (18432K), 1 survivors (2048K)
 Metaspace       used 65137K, committed 65664K, reserved 1114112K
  class space    used 8963K, committed 9216K, reserved 1048576K
GC Heap History (20 events):
Event: 0.968 GC heap before
{Heap before GC invocations=1 (full 0):
 garbage-first heap   total 253952K, used 30350K [0x0000000709400000, 0x0000000800000000)
  region size 2048K, 13 young (26624K), 2 survivors (4096K)
 Metaspace       used 8350K, committed 8576K, reserved 1114112K
  class space    used 1176K, committed 1280K, reserved 1048576K
}
Event: 0.972 GC heap after
{Heap after GC invocations=2 (full 0):
 garbage-first heap   total 253952K, used 9600K [0x0000000709400000, 0x0000000800000000)
  region size 2048K, 1 young (2048K), 1 survivors (2048K)
 Metaspace       used 8350K, committed 8576K, reserved 1114112K
  class space    used 1176K, committed 1280K, reserved 1048576K
}
Event: 1.605 GC heap before
{Heap before GC invocations=2 (full 0):
 garbage-first heap   total 253952K, used 66944K [0x0000000709400000, 0x0000000800000000)
  region size 2048K, 29 young (59392K), 1 survivors (2048K)
 Metaspace       used 17599K, committed 17920K, reserved 1114112K
  class space    used 2366K, committed 2496K, reserved 1048576K
}
Event: 1.610 GC heap after
{Heap after GC invocations=3 (full 0):
 garbage-first heap   total 253952K, used 14301K [0x0000000709400000, 0x0000000800000000)
  region size 2048K, 4 young (8192K), 4 survivors (8192K)
 Metaspace       used 17599K, committed 17920K, reserved 1114112K
  class space    used 2366K, committed 2496K, reserved 1048576K
}
Event: 2.081 GC heap before
{Heap before GC invocations=3 (full 0):
 garbage-first heap   total 253952K, used 38877K [0x0000000709400000, 0x0000000800000000)
  region size 2048K, 17 young (34816K), 4 survivors (8192K)
 Metaspace       used 21141K, committed 21504K, reserved 1114112K
  class space    used 2859K, committed 3072K, reserved 1048576K
}
Event: 2.086 GC heap after
{Heap after GC invocations=4 (full 0):
 garbage-first heap   total 253952K, used 15738K [0x0000000709400000, 0x0000000800000000)
  region size 2048K, 4 young (8192K), 4 survivors (8192K)
 Metaspace       used 21141K, committed 21504K, reserved 1114112K
  class space    used 2859K, committed 3072K, reserved 1048576K
}
Event: 2.560 GC heap before
{Heap before GC invocations=5 (full 0):
 garbage-first heap   total 61440K, used 42362K [0x0000000709400000, 0x0000000800000000)
  region size 2048K, 18 young (36864K), 4 survivors (8192K)
 Metaspace       used 25381K, committed 25792K, reserved 1114112K
  class space    used 3469K, committed 3648K, reserved 1048576K
}
Event: 2.568 GC heap after
{Heap after GC invocations=6 (full 0):
 garbage-first heap   total 61440K, used 18062K [0x0000000709400000, 0x0000000800000000)
  region size 2048K, 3 young (6144K), 3 survivors (6144K)
 Metaspace       used 25381K, committed 25792K, reserved 1114112K
  class space    used 3469K, committed 3648K, reserved 1048576K
}
Event: 2.620 GC heap before
{Heap before GC invocations=6 (full 0):
 garbage-first heap   total 61440K, used 20110K [0x0000000709400000, 0x0000000800000000)
  region size 2048K, 4 young (8192K), 3 survivors (6144K)
 Metaspace       used 25705K, committed 26112K, reserved 1114112K
  class space    used 3511K, committed 3712K, reserved 1048576K
}
Event: 2.626 GC heap after
{Heap after GC invocations=7 (full 0):
 garbage-first heap   total 61440K, used 18942K [0x0000000709400000, 0x0000000800000000)
  region size 2048K, 1 young (2048K), 1 survivors (2048K)
 Metaspace       used 25705K, committed 26112K, reserved 1114112K
  class space    used 3511K, committed 3712K, reserved 1048576K
}
Event: 2.979 GC heap before
{Heap before GC invocations=7 (full 0):
 garbage-first heap   total 61440K, used 39422K [0x0000000709400000, 0x0000000800000000)
  region size 2048K, 12 young (24576K), 1 survivors (2048K)
 Metaspace       used 30229K, committed 30656K, reserved 1114112K
  class space    used 4055K, committed 4224K, reserved 1048576K
}
Event: 2.982 GC heap after
{Heap after GC invocations=8 (full 0):
 garbage-first heap   total 61440K, used 19784K [0x0000000709400000, 0x0000000800000000)
  region size 2048K, 1 young (2048K), 1 survivors (2048K)
 Metaspace       used 30229K, committed 30656K, reserved 1114112K
  class space    used 4055K, committed 4224K, reserved 1048576K
}
Event: 3.378 GC heap before
{Heap before GC invocations=8 (full 0):
 garbage-first heap   total 61440K, used 40264K [0x0000000709400000, 0x0000000800000000)
  region size 2048K, 12 young (24576K), 1 survivors (2048K)
 Metaspace       used 35498K, committed 35968K, reserved 1114112K
  class space    used 4794K, committed 5056K, reserved 1048576K
}
Event: 3.380 GC heap after
{Heap after GC invocations=9 (full 0):
 garbage-first heap   total 61440K, used 20624K [0x0000000709400000, 0x0000000800000000)
  region size 2048K, 2 young (4096K), 2 survivors (4096K)
 Metaspace       used 35498K, committed 35968K, reserved 1114112K
  class space    used 4794K, committed 5056K, reserved 1048576K
}
Event: 3.729 GC heap before
{Heap before GC invocations=10 (full 0):
 garbage-first heap   total 61440K, used 43152K [0x0000000709400000, 0x0000000800000000)
  region size 2048K, 13 young (26624K), 2 survivors (4096K)
 Metaspace       used 39747K, committed 40256K, reserved 1114112K
  class space    used 5528K, committed 5760K, reserved 1048576K
}
Event: 3.731 GC heap after
{Heap after GC invocations=11 (full 0):
 garbage-first heap   total 157696K, used 21771K [0x0000000709400000, 0x0000000800000000)
  region size 2048K, 1 young (2048K), 1 survivors (2048K)
 Metaspace       used 39747K, committed 40256K, reserved 1114112K
  class space    used 5528K, committed 5760K, reserved 1048576K
}
Event: 9.382 GC heap before
{Heap before GC invocations=11 (full 0):
 garbage-first heap   total 157696K, used 113931K [0x0000000709400000, 0x0000000800000000)
  region size 2048K, 46 young (94208K), 1 survivors (2048K)
 Metaspace       used 58042K, committed 58560K, reserved 1114112K
  class space    used 8045K, committed 8320K, reserved 1048576K
}
Event: 9.390 GC heap after
{Heap after GC invocations=12 (full 0):
 garbage-first heap   total 157696K, used 30898K [0x0000000709400000, 0x0000000800000000)
  region size 2048K, 6 young (12288K), 6 survivors (12288K)
 Metaspace       used 58042K, committed 58560K, reserved 1114112K
  class space    used 8045K, committed 8320K, reserved 1048576K
}
Event: 9.511 GC heap before
{Heap before GC invocations=12 (full 0):
 garbage-first heap   total 157696K, used 37042K [0x0000000709400000, 0x0000000800000000)
  region size 2048K, 10 young (20480K), 6 survivors (12288K)
 Metaspace       used 59675K, committed 60160K, reserved 1114112K
  class space    used 8218K, committed 8448K, reserved 1048576K
}
Event: 9.517 GC heap after
{Heap after GC invocations=13 (full 0):
 garbage-first heap   total 157696K, used 32495K [0x0000000709400000, 0x0000000800000000)
  region size 2048K, 1 young (2048K), 1 survivors (2048K)
 Metaspace       used 59675K, committed 60160K, reserved 1114112K
  class space    used 8218K, committed 8448K, reserved 1048576K
}

