# JRE version: Java(TM) SE Runtime Environment (17.0.10+11) (build 17.0.10+11-LTS-240)
# Java VM: Java HotSpot(TM) 64-Bit Server VM (17.0.10+11-LTS-240, mixed mode, emulated-client, sharing, tiered, compressed oops, compressed class ptrs, g1 gc, windows-amd64)
GC Precious Log:
 CPUs: 16 total, 16 available
 Memory: 15789M
 Large Page Support: Disabled
 NUMA Support: Disabled
 Compressed Oops: Enabled (Zero based)
 Heap Region Size: 2M
 Heap Min Capacity: 8M
 Heap Initial Capacity: 248M
 Heap Max Capacity: 3948M
 Pre-touch: Disabled
 Parallel Workers: 13
 Concurrent Workers: 3
 Concurrent Refinement Workers: 13
 Periodic GC: Disabled
Heap:
 garbage-first heap   total 116736K, used 46334K [0x0000000709400000, 0x0000000800000000)
  region size 2048K, 9 young (18432K), 1 survivors (2048K)
 Metaspace       used 65155K, committed 65728K, reserved 1114112K
  class space    used 8973K, committed 9280K, reserved 1048576K
GC Heap History (20 events):
Event: 0.971 GC heap before
{Heap before GC invocations=1 (full 0):
 garbage-first heap   total 253952K, used 28755K [0x0000000709400000, 0x0000000800000000)
  region size 2048K, 12 young (24576K), 2 survivors (4096K)
 Metaspace       used 7779K, committed 8064K, reserved 1114112K
  class space    used 1106K, committed 1216K, reserved 1048576K
}
Event: 0.974 GC heap after
{Heap after GC invocations=2 (full 0):
 garbage-first heap   total 253952K, used 9832K [0x0000000709400000, 0x0000000800000000)
  region size 2048K, 1 young (2048K), 1 survivors (2048K)
 Metaspace       used 7779K, committed 8064K, reserved 1114112K
  class space    used 1106K, committed 1216K, reserved 1048576K
}
Event: 1.564 GC heap before
{Heap before GC invocations=2 (full 0):
 garbage-first heap   total 253952K, used 67176K [0x0000000709400000, 0x0000000800000000)
  region size 2048K, 29 young (59392K), 1 survivors (2048K)
 Metaspace       used 17586K, committed 17920K, reserved 1114112K
  class space    used 2363K, committed 2496K, reserved 1048576K
}
Event: 1.569 GC heap after
{Heap after GC invocations=3 (full 0):
 garbage-first heap   total 253952K, used 14543K [0x0000000709400000, 0x0000000800000000)
  region size 2048K, 4 young (8192K), 4 survivors (8192K)
 Metaspace       used 17586K, committed 17920K, reserved 1114112K
  class space    used 2363K, committed 2496K, reserved 1048576K
}
Event: 2.058 GC heap before
{Heap before GC invocations=3 (full 0):
 garbage-first heap   total 253952K, used 41167K [0x0000000709400000, 0x0000000800000000)
  region size 2048K, 18 young (36864K), 4 survivors (8192K)
 Metaspace       used 21141K, committed 21504K, reserved 1114112K
  class space    used 2859K, committed 3072K, reserved 1048576K
}
Event: 2.063 GC heap after
{Heap after GC invocations=4 (full 0):
 garbage-first heap   total 253952K, used 16028K [0x0000000709400000, 0x0000000800000000)
  region size 2048K, 4 young (8192K), 4 survivors (8192K)
 Metaspace       used 21141K, committed 21504K, reserved 1114112K
  class space    used 2859K, committed 3072K, reserved 1048576K
}
Event: 2.608 GC heap before
{Heap before GC invocations=5 (full 0):
 garbage-first heap   total 61440K, used 42652K [0x0000000709400000, 0x0000000800000000)
  region size 2048K, 18 young (36864K), 4 survivors (8192K)
 Metaspace       used 25690K, committed 26112K, reserved 1114112K
  class space    used 3509K, committed 3712K, reserved 1048576K
}
Event: 2.617 GC heap after
{Heap after GC invocations=6 (full 0):
 garbage-first heap   total 61440K, used 18771K [0x0000000709400000, 0x0000000800000000)
  region size 2048K, 3 young (6144K), 3 survivors (6144K)
 Metaspace       used 25690K, committed 26112K, reserved 1114112K
  class space    used 3509K, committed 3712K, reserved 1048576K
}
Event: 2.658 GC heap before
{Heap before GC invocations=6 (full 0):
 garbage-first heap   total 61440K, used 18771K [0x0000000709400000, 0x0000000800000000)
  region size 2048K, 4 young (8192K), 3 survivors (6144K)
 Metaspace       used 26076K, committed 26496K, reserved 1114112K
  class space    used 3563K, committed 3776K, reserved 1048576K
}
Event: 2.668 GC heap after
{Heap after GC invocations=7 (full 0):
 garbage-first heap   total 61440K, used 18871K [0x0000000709400000, 0x0000000800000000)
  region size 2048K, 1 young (2048K), 1 survivors (2048K)
 Metaspace       used 26076K, committed 26496K, reserved 1114112K
  class space    used 3563K, committed 3776K, reserved 1048576K
}
Event: 3.051 GC heap before
{Heap before GC invocations=7 (full 0):
 garbage-first heap   total 61440K, used 39351K [0x0000000709400000, 0x0000000800000000)
  region size 2048K, 12 young (24576K), 1 survivors (2048K)
 Metaspace       used 30736K, committed 31168K, reserved 1114112K
  class space    used 4140K, committed 4352K, reserved 1048576K
}
Event: 3.053 GC heap after
{Heap after GC invocations=8 (full 0):
 garbage-first heap   total 61440K, used 19704K [0x0000000709400000, 0x0000000800000000)
  region size 2048K, 1 young (2048K), 1 survivors (2048K)
 Metaspace       used 30736K, committed 31168K, reserved 1114112K
  class space    used 4140K, committed 4352K, reserved 1048576K
}
Event: 3.456 GC heap before
{Heap before GC invocations=8 (full 0):
 garbage-first heap   total 61440K, used 38136K [0x0000000709400000, 0x0000000800000000)
  region size 2048K, 11 young (22528K), 1 survivors (2048K)
 Metaspace       used 35490K, committed 35968K, reserved 1114112K
  class space    used 4793K, committed 5056K, reserved 1048576K
}
Event: 3.458 GC heap after
{Heap after GC invocations=9 (full 0):
 garbage-first heap   total 61440K, used 20484K [0x0000000709400000, 0x0000000800000000)
  region size 2048K, 2 young (4096K), 2 survivors (4096K)
 Metaspace       used 35490K, committed 35968K, reserved 1114112K
  class space    used 4793K, committed 5056K, reserved 1048576K
}
Event: 3.864 GC heap before
{Heap before GC invocations=10 (full 0):
 garbage-first heap   total 61440K, used 43012K [0x0000000709400000, 0x0000000800000000)
  region size 2048K, 13 young (26624K), 2 survivors (4096K)
 Metaspace       used 39736K, committed 40192K, reserved 1114112K
  class space    used 5526K, committed 5760K, reserved 1048576K
}
Event: 3.867 GC heap after
{Heap after GC invocations=11 (full 0):
 garbage-first heap   total 157696K, used 21537K [0x0000000709400000, 0x0000000800000000)
  region size 2048K, 1 young (2048K), 1 survivors (2048K)
 Metaspace       used 39736K, committed 40192K, reserved 1114112K
  class space    used 5526K, committed 5760K, reserved 1048576K
}
Event: 21.503 GC heap before
{Heap before GC invocations=11 (full 0):
 garbage-first heap   total 157696K, used 113697K [0x0000000709400000, 0x0000000800000000)
  region size 2048K, 46 young (94208K), 1 survivors (2048K)
 Metaspace       used 57766K, committed 58304K, reserved 1114112K
  class space    used 8014K, committed 8256K, reserved 1048576K
}
Event: 21.512 GC heap after
{Heap after GC invocations=12 (full 0):
 garbage-first heap   total 157696K, used 30458K [0x0000000709400000, 0x0000000800000000)
  region size 2048K, 6 young (12288K), 6 survivors (12288K)
 Metaspace       used 57766K, committed 58304K, reserved 1114112K
  class space    used 8014K, committed 8256K, reserved 1048576K
}
Event: 21.662 GC heap before
{Heap before GC invocations=12 (full 0):
 garbage-first heap   total 157696K, used 34554K [0x0000000709400000, 0x0000000800000000)
  region size 2048K, 10 young (20480K), 6 survivors (12288K)
 Metaspace       used 59657K, committed 60160K, reserved 1114112K
  class space    used 8224K, committed 8448K, reserved 1048576K
}
Event: 21.667 GC heap after
{Heap after GC invocations=13 (full 0):
 garbage-first heap   total 157696K, used 31998K [0x0000000709400000, 0x0000000800000000)
  region size 2048K, 1 young (2048K), 1 survivors (2048K)
 Metaspace       used 59657K, committed 60160K, reserved 1114112K
  class space    used 8224K, committed 8448K, reserved 1048576K
}

