# JRE version: Java(TM) SE Runtime Environment (17.0.10+11) (build 17.0.10+11-LTS-240)
# Java VM: Java HotSpot(TM) 64-Bit Server VM (17.0.10+11-LTS-240, mixed mode, emulated-client, sharing, tiered, compressed oops, compressed class ptrs, g1 gc, windows-amd64)
GC Precious Log:
 CPUs: 16 total, 16 available
 Memory: 15789M
 Large Page Support: Disabled
 NUMA Support: Disabled
 Compressed Oops: Enabled (Zero based)
 Heap Region Size: 2M
 Heap Min Capacity: 8M
 Heap Initial Capacity: 248M
 Heap Max Capacity: 3948M
 Pre-touch: Disabled
 Parallel Workers: 13
 Concurrent Workers: 3
 Concurrent Refinement Workers: 13
 Periodic GC: Disabled
Heap:
 garbage-first heap   total 69632K, used 42424K [0x0000000709400000, 0x0000000800000000)
  region size 2048K, 8 young (16384K), 1 survivors (2048K)
 Metaspace       used 65109K, committed 65664K, reserved 1114112K
  class space    used 8951K, committed 9216K, reserved 1048576K
GC Heap History (20 events):
Event: 1.516 GC heap before
{Heap before GC invocations=2 (full 0):
 garbage-first heap   total 253952K, used 65307K [0x0000000709400000, 0x0000000800000000)
  region size 2048K, 29 young (59392K), 1 survivors (2048K)
 Metaspace       used 17561K, committed 17856K, reserved 1114112K
  class space    used 2358K, committed 2496K, reserved 1048576K
}
Event: 1.521 GC heap after
{Heap after GC invocations=3 (full 0):
 garbage-first heap   total 253952K, used 14642K [0x0000000709400000, 0x0000000800000000)
  region size 2048K, 4 young (8192K), 4 survivors (8192K)
 Metaspace       used 17561K, committed 17856K, reserved 1114112K
  class space    used 2358K, committed 2496K, reserved 1048576K
}
Event: 2.023 GC heap before
{Heap before GC invocations=3 (full 0):
 garbage-first heap   total 253952K, used 41266K [0x0000000709400000, 0x0000000800000000)
  region size 2048K, 18 young (36864K), 4 survivors (8192K)
 Metaspace       used 21141K, committed 21504K, reserved 1114112K
  class space    used 2859K, committed 3072K, reserved 1048576K
}
Event: 2.028 GC heap after
{Heap after GC invocations=4 (full 0):
 garbage-first heap   total 253952K, used 16173K [0x0000000709400000, 0x0000000800000000)
  region size 2048K, 4 young (8192K), 4 survivors (8192K)
 Metaspace       used 21141K, committed 21504K, reserved 1114112K
  class space    used 2859K, committed 3072K, reserved 1048576K
}
Event: 2.692 GC heap before
{Heap before GC invocations=5 (full 0):
 garbage-first heap   total 69632K, used 48941K [0x0000000709400000, 0x0000000800000000)
  region size 2048K, 20 young (40960K), 4 survivors (8192K)
 Metaspace       used 26309K, committed 26752K, reserved 1114112K
  class space    used 3590K, committed 3776K, reserved 1048576K
}
Event: 2.700 GC heap after
{Heap after GC invocations=6 (full 0):
 garbage-first heap   total 69632K, used 18844K [0x0000000709400000, 0x0000000800000000)
  region size 2048K, 3 young (6144K), 3 survivors (6144K)
 Metaspace       used 26309K, committed 26752K, reserved 1114112K
  class space    used 3590K, committed 3776K, reserved 1048576K
}
Event: 3.106 GC heap before
{Heap before GC invocations=6 (full 0):
 garbage-first heap   total 69632K, used 43420K [0x0000000709400000, 0x0000000800000000)
  region size 2048K, 16 young (32768K), 3 survivors (6144K)
 Metaspace       used 32532K, committed 32896K, reserved 1114112K
  class space    used 4320K, committed 4480K, reserved 1048576K
}
Event: 3.109 GC heap after
{Heap after GC invocations=7 (full 0):
 garbage-first heap   total 69632K, used 20426K [0x0000000709400000, 0x0000000800000000)
  region size 2048K, 1 young (2048K), 1 survivors (2048K)
 Metaspace       used 32532K, committed 32896K, reserved 1114112K
  class space    used 4320K, committed 4480K, reserved 1048576K
}
Event: 3.346 GC heap before
{Heap before GC invocations=7 (full 0):
 garbage-first heap   total 69632K, used 30666K [0x0000000709400000, 0x0000000800000000)
  region size 2048K, 8 young (16384K), 1 survivors (2048K)
 Metaspace       used 35493K, committed 35968K, reserved 1114112K
  class space    used 4789K, committed 5056K, reserved 1048576K
}
Event: 3.348 GC heap after
{Heap after GC invocations=8 (full 0):
 garbage-first heap   total 69632K, used 20804K [0x0000000709400000, 0x0000000800000000)
  region size 2048K, 2 young (4096K), 2 survivors (4096K)
 Metaspace       used 35493K, committed 35968K, reserved 1114112K
  class space    used 4789K, committed 5056K, reserved 1048576K
}
Event: 3.716 GC heap before
{Heap before GC invocations=9 (full 0):
 garbage-first heap   total 69632K, used 45380K [0x0000000709400000, 0x0000000800000000)
  region size 2048K, 15 young (30720K), 2 survivors (4096K)
 Metaspace       used 40459K, committed 40960K, reserved 1114112K
  class space    used 5632K, committed 5888K, reserved 1048576K
}
Event: 3.718 GC heap after
{Heap after GC invocations=10 (full 0):
 garbage-first heap   total 69632K, used 22070K [0x0000000709400000, 0x0000000800000000)
  region size 2048K, 1 young (2048K), 1 survivors (2048K)
 Metaspace       used 40459K, committed 40960K, reserved 1114112K
  class space    used 5632K, committed 5888K, reserved 1048576K
}
Event: 4.256 GC heap before
{Heap before GC invocations=10 (full 0):
 garbage-first heap   total 69632K, used 50742K [0x0000000709400000, 0x0000000800000000)
  region size 2048K, 15 young (30720K), 1 survivors (2048K)
 Metaspace       used 47360K, committed 47872K, reserved 1114112K
  class space    used 6677K, committed 6912K, reserved 1048576K
}
Event: 4.259 GC heap after
{Heap after GC invocations=11 (full 0):
 garbage-first heap   total 69632K, used 23722K [0x0000000709400000, 0x0000000800000000)
  region size 2048K, 2 young (4096K), 2 survivors (4096K)
 Metaspace       used 47360K, committed 47872K, reserved 1114112K
  class space    used 6677K, committed 6912K, reserved 1048576K
}
Event: 5.120 GC heap before
{Heap before GC invocations=11 (full 0):
 garbage-first heap   total 69632K, used 50346K [0x0000000709400000, 0x0000000800000000)
  region size 2048K, 15 young (30720K), 2 survivors (4096K)
 Metaspace       used 53919K, committed 54400K, reserved 1114112K
  class space    used 7507K, committed 7744K, reserved 1048576K
}
Event: 5.124 GC heap after
{Heap after GC invocations=12 (full 0):
 garbage-first heap   total 69632K, used 28180K [0x0000000709400000, 0x0000000800000000)
  region size 2048K, 2 young (4096K), 2 survivors (4096K)
 Metaspace       used 53919K, committed 54400K, reserved 1114112K
  class space    used 7507K, committed 7744K, reserved 1048576K
}
Event: 5.465 GC heap before
{Heap before GC invocations=12 (full 0):
 garbage-first heap   total 69632K, used 48660K [0x0000000709400000, 0x0000000800000000)
  region size 2048K, 12 young (24576K), 2 survivors (4096K)
 Metaspace       used 56532K, committed 57024K, reserved 1114112K
  class space    used 7848K, committed 8064K, reserved 1048576K
}
Event: 5.468 GC heap after
{Heap after GC invocations=13 (full 0):
 garbage-first heap   total 69632K, used 30831K [0x0000000709400000, 0x0000000800000000)
  region size 2048K, 2 young (4096K), 2 survivors (4096K)
 Metaspace       used 56532K, committed 57024K, reserved 1114112K
  class space    used 7848K, committed 8064K, reserved 1048576K
}
Event: 15.033 GC heap before
{Heap before GC invocations=13 (full 0):
 garbage-first heap   total 69632K, used 45167K [0x0000000709400000, 0x0000000800000000)
  region size 2048K, 10 young (20480K), 2 survivors (4096K)
 Metaspace       used 59666K, committed 60160K, reserved 1114112K
  class space    used 8208K, committed 8448K, reserved 1048576K
}
Event: 15.037 GC heap after
{Heap after GC invocations=14 (full 0):
 garbage-first heap   total 69632K, used 32184K [0x0000000709400000, 0x0000000800000000)
  region size 2048K, 1 young (2048K), 1 survivors (2048K)
 Metaspace       used 59666K, committed 60160K, reserved 1114112K
  class space    used 8208K, committed 8448K, reserved 1048576K
}

