# JRE version: Java(TM) SE Runtime Environment (17.0.10+11) (build 17.0.10+11-LTS-240)
# Java VM: Java HotSpot(TM) 64-Bit Server VM (17.0.10+11-LTS-240, mixed mode, emulated-client, sharing, tiered, compressed oops, compressed class ptrs, g1 gc, windows-amd64)
GC Precious Log:
 CPUs: 16 total, 16 available
 Memory: 15789M
 Large Page Support: Disabled
 NUMA Support: Disabled
 Compressed Oops: Enabled (Zero based)
 Heap Region Size: 2M
 Heap Min Capacity: 8M
 Heap Initial Capacity: 248M
 Heap Max Capacity: 3948M
 Pre-touch: Disabled
 Parallel Workers: 13
 Concurrent Workers: 3
 Concurrent Refinement Workers: 13
 Periodic GC: Disabled
Heap:
 garbage-first heap   total 83968K, used 42258K [0x0000000709400000, 0x0000000800000000)
  region size 2048K, 8 young (16384K), 1 survivors (2048K)
 Metaspace       used 64903K, committed 65472K, reserved 1114112K
  class space    used 8930K, committed 9216K, reserved 1048576K
GC Heap History (20 events):
Event: 0.894 GC heap before
{Heap before GC invocations=1 (full 0):
 garbage-first heap   total 253952K, used 30457K [0x0000000709400000, 0x0000000800000000)
  region size 2048K, 13 young (26624K), 2 survivors (4096K)
 Metaspace       used 8359K, committed 8576K, reserved 1114112K
  class space    used 1179K, committed 1280K, reserved 1048576K
}
Event: 0.898 GC heap after
{Heap after GC invocations=2 (full 0):
 garbage-first heap   total 253952K, used 10128K [0x0000000709400000, 0x0000000800000000)
  region size 2048K, 1 young (2048K), 1 survivors (2048K)
 Metaspace       used 8359K, committed 8576K, reserved 1114112K
  class space    used 1179K, committed 1280K, reserved 1048576K
}
Event: 1.473 GC heap before
{Heap before GC invocations=2 (full 0):
 garbage-first heap   total 253952K, used 67472K [0x0000000709400000, 0x0000000800000000)
  region size 2048K, 29 young (59392K), 1 survivors (2048K)
 Metaspace       used 17593K, committed 17920K, reserved 1114112K
  class space    used 2367K, committed 2496K, reserved 1048576K
}
Event: 1.478 GC heap after
{Heap after GC invocations=3 (full 0):
 garbage-first heap   total 253952K, used 14870K [0x0000000709400000, 0x0000000800000000)
  region size 2048K, 4 young (8192K), 4 survivors (8192K)
 Metaspace       used 17593K, committed 17920K, reserved 1114112K
  class space    used 2367K, committed 2496K, reserved 1048576K
}
Event: 1.900 GC heap before
{Heap before GC invocations=3 (full 0):
 garbage-first heap   total 253952K, used 41494K [0x0000000709400000, 0x0000000800000000)
  region size 2048K, 18 young (36864K), 4 survivors (8192K)
 Metaspace       used 21153K, committed 21504K, reserved 1114112K
  class space    used 2865K, committed 3072K, reserved 1048576K
}
Event: 1.904 GC heap after
{Heap after GC invocations=4 (full 0):
 garbage-first heap   total 253952K, used 16360K [0x0000000709400000, 0x0000000800000000)
  region size 2048K, 4 young (8192K), 4 survivors (8192K)
 Metaspace       used 21153K, committed 21504K, reserved 1114112K
  class space    used 2865K, committed 3072K, reserved 1048576K
}
Event: 2.481 GC heap before
{Heap before GC invocations=5 (full 0):
 garbage-first heap   total 69632K, used 49128K [0x0000000709400000, 0x0000000800000000)
  region size 2048K, 20 young (40960K), 4 survivors (8192K)
 Metaspace       used 26176K, committed 26560K, reserved 1114112K
  class space    used 3584K, committed 3776K, reserved 1048576K
}
Event: 2.489 GC heap after
{Heap after GC invocations=6 (full 0):
 garbage-first heap   total 69632K, used 18708K [0x0000000709400000, 0x0000000800000000)
  region size 2048K, 3 young (6144K), 3 survivors (6144K)
 Metaspace       used 26176K, committed 26560K, reserved 1114112K
  class space    used 3584K, committed 3776K, reserved 1048576K
}
Event: 2.886 GC heap before
{Heap before GC invocations=6 (full 0):
 garbage-first heap   total 69632K, used 45332K [0x0000000709400000, 0x0000000800000000)
  region size 2048K, 16 young (32768K), 3 survivors (6144K)
 Metaspace       used 32421K, committed 32832K, reserved 1114112K
  class space    used 4306K, committed 4480K, reserved 1048576K
}
Event: 2.890 GC heap after
{Heap after GC invocations=7 (full 0):
 garbage-first heap   total 69632K, used 20673K [0x0000000709400000, 0x0000000800000000)
  region size 2048K, 1 young (2048K), 1 survivors (2048K)
 Metaspace       used 32421K, committed 32832K, reserved 1114112K
  class space    used 4306K, committed 4480K, reserved 1048576K
}
Event: 3.182 GC heap before
{Heap before GC invocations=7 (full 0):
 garbage-first heap   total 69632K, used 35009K [0x0000000709400000, 0x0000000800000000)
  region size 2048K, 9 young (18432K), 1 survivors (2048K)
 Metaspace       used 35496K, committed 35968K, reserved 1114112K
  class space    used 4799K, committed 5056K, reserved 1048576K
}
Event: 3.184 GC heap after
{Heap after GC invocations=8 (full 0):
 garbage-first heap   total 69632K, used 20923K [0x0000000709400000, 0x0000000800000000)
  region size 2048K, 2 young (4096K), 2 survivors (4096K)
 Metaspace       used 35496K, committed 35968K, reserved 1114112K
  class space    used 4799K, committed 5056K, reserved 1048576K
}
Event: 3.572 GC heap before
{Heap before GC invocations=9 (full 0):
 garbage-first heap   total 69632K, used 45499K [0x0000000709400000, 0x0000000800000000)
  region size 2048K, 15 young (30720K), 2 survivors (4096K)
 Metaspace       used 40436K, committed 40960K, reserved 1114112K
  class space    used 5635K, committed 5888K, reserved 1048576K
}
Event: 3.574 GC heap after
{Heap after GC invocations=10 (full 0):
 garbage-first heap   total 83968K, used 22338K [0x0000000709400000, 0x0000000800000000)
  region size 2048K, 1 young (2048K), 1 survivors (2048K)
 Metaspace       used 40436K, committed 40960K, reserved 1114112K
  class space    used 5635K, committed 5888K, reserved 1048576K
}
Event: 4.225 GC heap before
{Heap before GC invocations=10 (full 0):
 garbage-first heap   total 83968K, used 61250K [0x0000000709400000, 0x0000000800000000)
  region size 2048K, 20 young (40960K), 1 survivors (2048K)
 Metaspace       used 50877K, committed 51328K, reserved 1114112K
  class space    used 7137K, committed 7360K, reserved 1048576K
}
Event: 4.228 GC heap after
{Heap after GC invocations=11 (full 0):
 garbage-first heap   total 83968K, used 25453K [0x0000000709400000, 0x0000000800000000)
  region size 2048K, 3 young (6144K), 3 survivors (6144K)
 Metaspace       used 50877K, committed 51328K, reserved 1114112K
  class space    used 7137K, committed 7360K, reserved 1048576K
}
Event: 5.163 GC heap before
{Heap before GC invocations=11 (full 0):
 garbage-first heap   total 83968K, used 60269K [0x0000000709400000, 0x0000000800000000)
  region size 2048K, 20 young (40960K), 3 survivors (6144K)
 Metaspace       used 56129K, committed 56576K, reserved 1114112K
  class space    used 7832K, committed 8064K, reserved 1048576K
}
Event: 5.167 GC heap after
{Heap after GC invocations=12 (full 0):
 garbage-first heap   total 83968K, used 30634K [0x0000000709400000, 0x0000000800000000)
  region size 2048K, 3 young (6144K), 3 survivors (6144K)
 Metaspace       used 56129K, committed 56576K, reserved 1114112K
  class space    used 7832K, committed 8064K, reserved 1048576K
}
Event: 11.038 GC heap before
{Heap before GC invocations=12 (full 0):
 garbage-first heap   total 83968K, used 44970K [0x0000000709400000, 0x0000000800000000)
  region size 2048K, 12 young (24576K), 3 survivors (6144K)
 Metaspace       used 59704K, committed 60160K, reserved 1114112K
  class space    used 8227K, committed 8448K, reserved 1048576K
}
Event: 11.042 GC heap after
{Heap after GC invocations=13 (full 0):
 garbage-first heap   total 83968K, used 32018K [0x0000000709400000, 0x0000000800000000)
  region size 2048K, 1 young (2048K), 1 survivors (2048K)
 Metaspace       used 59704K, committed 60160K, reserved 1114112K
  class space    used 8227K, committed 8448K, reserved 1048576K
}

