# JRE version: Java(TM) SE Runtime Environment (17.0.10+11) (build 17.0.10+11-LTS-240)
# Java VM: Java HotSpot(TM) 64-Bit Server VM (17.0.10+11-LTS-240, mixed mode, emulated-client, sharing, tiered, compressed oops, compressed class ptrs, g1 gc, windows-amd64)
GC Precious Log:
 CPUs: 16 total, 16 available
 Memory: 15789M
 Large Page Support: Disabled
 NUMA Support: Disabled
 Compressed Oops: Enabled (Zero based)
 Heap Region Size: 2M
 Heap Min Capacity: 8M
 Heap Initial Capacity: 248M
 Heap Max Capacity: 3948M
 Pre-touch: Disabled
 Parallel Workers: 13
 Concurrent Workers: 3
 Concurrent Refinement Workers: 13
 Periodic GC: Disabled
Heap:
 garbage-first heap   total 61440K, used 33279K [0x0000000709400000, 0x0000000800000000)
  region size 2048K, 3 young (6144K), 2 survivors (4096K)
 Metaspace       used 65196K, committed 65728K, reserved 1114112K
  class space    used 8976K, committed 9216K, reserved 1048576K
GC Heap History (20 events):
Event: 2.867 GC heap before
{Heap before GC invocations=5 (full 0):
 garbage-first heap   total 61440K, used 44598K [0x0000000709400000, 0x0000000800000000)
  region size 2048K, 18 young (36864K), 4 survivors (8192K)
 Metaspace       used 25625K, committed 26048K, reserved 1114112K
  class space    used 3503K, committed 3712K, reserved 1048576K
}
Event: 2.875 GC heap after
{Heap after GC invocations=6 (full 0):
 garbage-first heap   total 61440K, used 18594K [0x0000000709400000, 0x0000000800000000)
  region size 2048K, 3 young (6144K), 3 survivors (6144K)
 Metaspace       used 25625K, committed 26048K, reserved 1114112K
  class space    used 3503K, committed 3712K, reserved 1048576K
}
Event: 3.295 GC heap before
{Heap before GC invocations=6 (full 0):
 garbage-first heap   total 61440K, used 39074K [0x0000000709400000, 0x0000000800000000)
  region size 2048K, 14 young (28672K), 3 survivors (6144K)
 Metaspace       used 30125K, committed 30528K, reserved 1114112K
  class space    used 4045K, committed 4224K, reserved 1048576K
}
Event: 3.299 GC heap after
{Heap after GC invocations=7 (full 0):
 garbage-first heap   total 61440K, used 19918K [0x0000000709400000, 0x0000000800000000)
  region size 2048K, 1 young (2048K), 1 survivors (2048K)
 Metaspace       used 30125K, committed 30528K, reserved 1114112K
  class space    used 4045K, committed 4224K, reserved 1048576K
}
Event: 3.775 GC heap before
{Heap before GC invocations=7 (full 0):
 garbage-first heap   total 61440K, used 40398K [0x0000000709400000, 0x0000000800000000)
  region size 2048K, 12 young (24576K), 1 survivors (2048K)
 Metaspace       used 35497K, committed 35968K, reserved 1114112K
  class space    used 4799K, committed 5056K, reserved 1048576K
}
Event: 3.778 GC heap after
{Heap after GC invocations=8 (full 0):
 garbage-first heap   total 61440K, used 20532K [0x0000000709400000, 0x0000000800000000)
  region size 2048K, 2 young (4096K), 2 survivors (4096K)
 Metaspace       used 35497K, committed 35968K, reserved 1114112K
  class space    used 4799K, committed 5056K, reserved 1048576K
}
Event: 4.238 GC heap before
{Heap before GC invocations=9 (full 0):
 garbage-first heap   total 61440K, used 43060K [0x0000000709400000, 0x0000000800000000)
  region size 2048K, 13 young (26624K), 2 survivors (4096K)
 Metaspace       used 39733K, committed 40192K, reserved 1114112K
  class space    used 5538K, committed 5760K, reserved 1048576K
}
Event: 4.241 GC heap after
{Heap after GC invocations=10 (full 0):
 garbage-first heap   total 61440K, used 21549K [0x0000000709400000, 0x0000000800000000)
  region size 2048K, 1 young (2048K), 1 survivors (2048K)
 Metaspace       used 39733K, committed 40192K, reserved 1114112K
  class space    used 5538K, committed 5760K, reserved 1048576K
}
Event: 4.789 GC heap before
{Heap before GC invocations=10 (full 0):
 garbage-first heap   total 61440K, used 46125K [0x0000000709400000, 0x0000000800000000)
  region size 2048K, 13 young (26624K), 1 survivors (2048K)
 Metaspace       used 45835K, committed 46336K, reserved 1114112K
  class space    used 6435K, committed 6656K, reserved 1048576K
}
Event: 4.792 GC heap after
{Heap after GC invocations=11 (full 0):
 garbage-first heap   total 61440K, used 22436K [0x0000000709400000, 0x0000000800000000)
  region size 2048K, 2 young (4096K), 2 survivors (4096K)
 Metaspace       used 45835K, committed 46336K, reserved 1114112K
  class space    used 6435K, committed 6656K, reserved 1048576K
}
Event: 5.297 GC heap before
{Heap before GC invocations=11 (full 0):
 garbage-first heap   total 61440K, used 47012K [0x0000000709400000, 0x0000000800000000)
  region size 2048K, 14 young (28672K), 2 survivors (4096K)
 Metaspace       used 51946K, committed 52416K, reserved 1114112K
  class space    used 7292K, committed 7488K, reserved 1048576K
}
Event: 5.300 GC heap after
{Heap after GC invocations=12 (full 0):
 garbage-first heap   total 61440K, used 25784K [0x0000000709400000, 0x0000000800000000)
  region size 2048K, 2 young (4096K), 2 survivors (4096K)
 Metaspace       used 51946K, committed 52416K, reserved 1114112K
  class space    used 7292K, committed 7488K, reserved 1048576K
}
Event: 6.175 GC heap before
{Heap before GC invocations=12 (full 0):
 garbage-first heap   total 61440K, used 46264K [0x0000000709400000, 0x0000000800000000)
  region size 2048K, 12 young (24576K), 2 survivors (4096K)
 Metaspace       used 55109K, committed 55616K, reserved 1114112K
  class space    used 7685K, committed 7936K, reserved 1048576K
}
Event: 6.178 GC heap after
{Heap after GC invocations=13 (full 0):
 garbage-first heap   total 61440K, used 29262K [0x0000000709400000, 0x0000000800000000)
  region size 2048K, 2 young (4096K), 2 survivors (4096K)
 Metaspace       used 55109K, committed 55616K, reserved 1114112K
  class space    used 7685K, committed 7936K, reserved 1048576K
}
Event: 14.001 GC heap before
{Heap before GC invocations=13 (full 0):
 garbage-first heap   total 61440K, used 45646K [0x0000000709400000, 0x0000000800000000)
  region size 2048K, 10 young (20480K), 2 survivors (4096K)
 Metaspace       used 57351K, committed 57920K, reserved 1114112K
  class space    used 7967K, committed 8256K, reserved 1048576K
}
Event: 14.005 GC heap after
{Heap after GC invocations=14 (full 0):
 garbage-first heap   total 61440K, used 31144K [0x0000000709400000, 0x0000000800000000)
  region size 2048K, 1 young (2048K), 1 survivors (2048K)
 Metaspace       used 57351K, committed 57920K, reserved 1114112K
  class space    used 7967K, committed 8256K, reserved 1048576K
}
Event: 14.421 GC heap before
{Heap before GC invocations=14 (full 0):
 garbage-first heap   total 61440K, used 39336K [0x0000000709400000, 0x0000000800000000)
  region size 2048K, 6 young (12288K), 1 survivors (2048K)
 Metaspace       used 59677K, committed 60160K, reserved 1114112K
  class space    used 8218K, committed 8448K, reserved 1048576K
}
Event: 14.423 GC heap after
{Heap after GC invocations=15 (full 0):
 garbage-first heap   total 61440K, used 31790K [0x0000000709400000, 0x0000000800000000)
  region size 2048K, 2 young (4096K), 2 survivors (4096K)
 Metaspace       used 59677K, committed 60160K, reserved 1114112K
  class space    used 8218K, committed 8448K, reserved 1048576K
}
Event: 22.230 GC heap before
{Heap before GC invocations=16 (full 0):
 garbage-first heap   total 61440K, used 46126K [0x0000000709400000, 0x0000000800000000)
  region size 2048K, 9 young (18432K), 2 survivors (4096K)
 Metaspace       used 65128K, committed 65664K, reserved 1114112K
  class space    used 8967K, committed 9216K, reserved 1048576K
}
Event: 22.233 GC heap after
{Heap after GC invocations=17 (full 0):
 garbage-first heap   total 61440K, used 33279K [0x0000000709400000, 0x0000000800000000)
  region size 2048K, 2 young (4096K), 2 survivors (4096K)
 Metaspace       used 65128K, committed 65664K, reserved 1114112K
  class space    used 8967K, committed 9216K, reserved 1048576K
}

