# JRE version: Java(TM) SE Runtime Environment (17.0.10+11) (build 17.0.10+11-LTS-240)
# Java VM: Java HotSpot(TM) 64-Bit Server VM (17.0.10+11-LTS-240, mixed mode, emulated-client, sharing, tiered, compressed oops, compressed class ptrs, g1 gc, windows-amd64)
GC Precious Log:
 CPUs: 16 total, 16 available
 Memory: 15789M
 Large Page Support: Disabled
 NUMA Support: Disabled
 Compressed Oops: Enabled (Zero based)
 Heap Region Size: 2M
 Heap Min Capacity: 8M
 Heap Initial Capacity: 248M
 Heap Max Capacity: 3948M
 Pre-touch: Disabled
 Parallel Workers: 13
 Concurrent Workers: 3
 Concurrent Refinement Workers: 13
 Periodic GC: Disabled
Heap:
 garbage-first heap   total 116736K, used 44359K [0x0000000709400000, 0x0000000800000000)
  region size 2048K, 8 young (16384K), 1 survivors (2048K)
 Metaspace       used 65136K, committed 65664K, reserved 1114112K
  class space    used 8959K, committed 9216K, reserved 1048576K
GC Heap History (20 events):
Event: 1.834 GC heap before
{Heap before GC invocations=2 (full 0):
 garbage-first heap   total 253952K, used 65186K [0x0000000709400000, 0x0000000800000000)
  region size 2048K, 29 young (59392K), 1 survivors (2048K)
 Metaspace       used 17641K, committed 17920K, reserved 1114112K
  class space    used 2371K, committed 2496K, reserved 1048576K
}
Event: 1.841 GC heap after
{Heap after GC invocations=3 (full 0):
 garbage-first heap   total 253952K, used 14533K [0x0000000709400000, 0x0000000800000000)
  region size 2048K, 4 young (8192K), 4 survivors (8192K)
 Metaspace       used 17641K, committed 17920K, reserved 1114112K
  class space    used 2371K, committed 2496K, reserved 1048576K
}
Event: 2.462 GC heap before
{Heap before GC invocations=3 (full 0):
 garbage-first heap   total 253952K, used 39109K [0x0000000709400000, 0x0000000800000000)
  region size 2048K, 17 young (34816K), 4 survivors (8192K)
 Metaspace       used 21137K, committed 21504K, reserved 1114112K
  class space    used 2857K, committed 3072K, reserved 1048576K
}
Event: 2.466 GC heap after
{Heap after GC invocations=4 (full 0):
 garbage-first heap   total 253952K, used 15890K [0x0000000709400000, 0x0000000800000000)
  region size 2048K, 4 young (8192K), 4 survivors (8192K)
 Metaspace       used 21137K, committed 21504K, reserved 1114112K
  class space    used 2857K, committed 3072K, reserved 1048576K
}
Event: 3.018 GC heap before
{Heap before GC invocations=5 (full 0):
 garbage-first heap   total 61440K, used 42514K [0x0000000709400000, 0x0000000800000000)
  region size 2048K, 18 young (36864K), 4 survivors (8192K)
 Metaspace       used 25644K, committed 26048K, reserved 1114112K
  class space    used 3504K, committed 3712K, reserved 1048576K
}
Event: 3.026 GC heap after
{Heap after GC invocations=6 (full 0):
 garbage-first heap   total 61440K, used 18261K [0x0000000709400000, 0x0000000800000000)
  region size 2048K, 3 young (6144K), 3 survivors (6144K)
 Metaspace       used 25644K, committed 26048K, reserved 1114112K
  class space    used 3504K, committed 3712K, reserved 1048576K
}
Event: 3.077 GC heap before
{Heap before GC invocations=6 (full 0):
 garbage-first heap   total 61440K, used 20309K [0x0000000709400000, 0x0000000800000000)
  region size 2048K, 4 young (8192K), 3 survivors (6144K)
 Metaspace       used 25893K, committed 26240K, reserved 1114112K
  class space    used 3530K, committed 3712K, reserved 1048576K
}
Event: 3.083 GC heap after
{Heap after GC invocations=7 (full 0):
 garbage-first heap   total 61440K, used 18891K [0x0000000709400000, 0x0000000800000000)
  region size 2048K, 1 young (2048K), 1 survivors (2048K)
 Metaspace       used 25893K, committed 26240K, reserved 1114112K
  class space    used 3530K, committed 3712K, reserved 1048576K
}
Event: 3.492 GC heap before
{Heap before GC invocations=7 (full 0):
 garbage-first heap   total 61440K, used 41419K [0x0000000709400000, 0x0000000800000000)
  region size 2048K, 12 young (24576K), 1 survivors (2048K)
 Metaspace       used 30445K, committed 30848K, reserved 1114112K
  class space    used 4087K, committed 4288K, reserved 1048576K
}
Event: 3.493 GC heap after
{Heap after GC invocations=8 (full 0):
 garbage-first heap   total 61440K, used 19661K [0x0000000709400000, 0x0000000800000000)
  region size 2048K, 1 young (2048K), 1 survivors (2048K)
 Metaspace       used 30445K, committed 30848K, reserved 1114112K
  class space    used 4087K, committed 4288K, reserved 1048576K
}
Event: 3.934 GC heap before
{Heap before GC invocations=8 (full 0):
 garbage-first heap   total 61440K, used 40141K [0x0000000709400000, 0x0000000800000000)
  region size 2048K, 12 young (24576K), 1 survivors (2048K)
 Metaspace       used 35496K, committed 35968K, reserved 1114112K
  class space    used 4793K, committed 5056K, reserved 1048576K
}
Event: 3.936 GC heap after
{Heap after GC invocations=9 (full 0):
 garbage-first heap   total 61440K, used 20539K [0x0000000709400000, 0x0000000800000000)
  region size 2048K, 2 young (4096K), 2 survivors (4096K)
 Metaspace       used 35496K, committed 35968K, reserved 1114112K
  class space    used 4793K, committed 5056K, reserved 1048576K
}
Event: 4.395 GC heap before
{Heap before GC invocations=10 (full 0):
 garbage-first heap   total 61440K, used 43067K [0x0000000709400000, 0x0000000800000000)
  region size 2048K, 13 young (26624K), 2 survivors (4096K)
 Metaspace       used 39736K, committed 40192K, reserved 1114112K
  class space    used 5527K, committed 5760K, reserved 1048576K
}
Event: 4.398 GC heap after
{Heap after GC invocations=11 (full 0):
 garbage-first heap   total 157696K, used 21562K [0x0000000709400000, 0x0000000800000000)
  region size 2048K, 1 young (2048K), 1 survivors (2048K)
 Metaspace       used 39736K, committed 40192K, reserved 1114112K
  class space    used 5527K, committed 5760K, reserved 1048576K
}
Event: 4.460 GC heap before
{Heap before GC invocations=11 (full 0):
 garbage-first heap   total 157696K, used 25658K [0x0000000709400000, 0x0000000800000000)
  region size 2048K, 3 young (6144K), 1 survivors (2048K)
 Metaspace       used 40458K, committed 40960K, reserved 1114112K
  class space    used 5635K, committed 5888K, reserved 1048576K
}
Event: 4.462 GC heap after
{Heap after GC invocations=12 (full 0):
 garbage-first heap   total 157696K, used 21296K [0x0000000709400000, 0x0000000800000000)
  region size 2048K, 1 young (2048K), 1 survivors (2048K)
 Metaspace       used 40458K, committed 40960K, reserved 1114112K
  class space    used 5635K, committed 5888K, reserved 1048576K
}
Event: 36.763 GC heap before
{Heap before GC invocations=12 (full 0):
 garbage-first heap   total 157696K, used 113456K [0x0000000709400000, 0x0000000800000000)
  region size 2048K, 46 young (94208K), 1 survivors (2048K)
 Metaspace       used 59191K, committed 59712K, reserved 1114112K
  class space    used 8181K, committed 8448K, reserved 1048576K
}
Event: 36.771 GC heap after
{Heap after GC invocations=13 (full 0):
 garbage-first heap   total 157696K, used 30643K [0x0000000709400000, 0x0000000800000000)
  region size 2048K, 6 young (12288K), 6 survivors (12288K)
 Metaspace       used 59191K, committed 59712K, reserved 1114112K
  class space    used 8181K, committed 8448K, reserved 1048576K
}
Event: 38.198 GC heap before
{Heap before GC invocations=13 (full 0):
 garbage-first heap   total 157696K, used 30643K [0x0000000709400000, 0x0000000800000000)
  region size 2048K, 8 young (16384K), 6 survivors (12288K)
 Metaspace       used 59633K, committed 60160K, reserved 1114112K
  class space    used 8247K, committed 8512K, reserved 1048576K
}
Event: 38.203 GC heap after
{Heap after GC invocations=14 (full 0):
 garbage-first heap   total 157696K, used 32071K [0x0000000709400000, 0x0000000800000000)
  region size 2048K, 1 young (2048K), 1 survivors (2048K)
 Metaspace       used 59633K, committed 60160K, reserved 1114112K
  class space    used 8247K, committed 8512K, reserved 1048576K
}

