# JRE version: Java(TM) SE Runtime Environment (17.0.10+11) (build 17.0.10+11-LTS-240)
# Java VM: Java HotSpot(TM) 64-Bit Server VM (17.0.10+11-LTS-240, mixed mode, emulated-client, sharing, tiered, compressed oops, compressed class ptrs, g1 gc, windows-amd64)
GC Precious Log:
 CPUs: 16 total, 16 available
 Memory: 15789M
 Large Page Support: Disabled
 NUMA Support: Disabled
 Compressed Oops: Enabled (Zero based)
 Heap Region Size: 2M
 Heap Min Capacity: 8M
 Heap Initial Capacity: 248M
 Heap Max Capacity: 3948M
 Pre-touch: Disabled
 Parallel Workers: 13
 Concurrent Workers: 3
 Concurrent Refinement Workers: 13
 Periodic GC: Disabled
Heap:
 garbage-first heap   total 116736K, used 48619K [0x0000000709400000, 0x0000000800000000)
  region size 2048K, 10 young (20480K), 1 survivors (2048K)
 Metaspace       used 65091K, committed 65664K, reserved 1114112K
  class space    used 8956K, committed 9216K, reserved 1048576K
GC Heap History (20 events):
Event: 0.912 GC heap before
{Heap before GC invocations=1 (full 0):
 garbage-first heap   total 253952K, used 30282K [0x0000000709400000, 0x0000000800000000)
  region size 2048K, 13 young (26624K), 2 survivors (4096K)
 Metaspace       used 8292K, committed 8576K, reserved 1114112K
  class space    used 1156K, committed 1280K, reserved 1048576K
}
Event: 0.916 GC heap after
{Heap after GC invocations=2 (full 0):
 garbage-first heap   total 253952K, used 9557K [0x0000000709400000, 0x0000000800000000)
  region size 2048K, 1 young (2048K), 1 survivors (2048K)
 Metaspace       used 8292K, committed 8576K, reserved 1114112K
  class space    used 1156K, committed 1280K, reserved 1048576K
}
Event: 1.506 GC heap before
{Heap before GC invocations=2 (full 0):
 garbage-first heap   total 253952K, used 66901K [0x0000000709400000, 0x0000000800000000)
  region size 2048K, 29 young (59392K), 1 survivors (2048K)
 Metaspace       used 17591K, committed 17920K, reserved 1114112K
  class space    used 2366K, committed 2496K, reserved 1048576K
}
Event: 1.510 GC heap after
{Heap after GC invocations=3 (full 0):
 garbage-first heap   total 253952K, used 14248K [0x0000000709400000, 0x0000000800000000)
  region size 2048K, 4 young (8192K), 4 survivors (8192K)
 Metaspace       used 17591K, committed 17920K, reserved 1114112K
  class space    used 2366K, committed 2496K, reserved 1048576K
}
Event: 1.969 GC heap before
{Heap before GC invocations=3 (full 0):
 garbage-first heap   total 253952K, used 38824K [0x0000000709400000, 0x0000000800000000)
  region size 2048K, 17 young (34816K), 4 survivors (8192K)
 Metaspace       used 21135K, committed 21504K, reserved 1114112K
  class space    used 2859K, committed 3072K, reserved 1048576K
}
Event: 1.973 GC heap after
{Heap after GC invocations=4 (full 0):
 garbage-first heap   total 253952K, used 15731K [0x0000000709400000, 0x0000000800000000)
  region size 2048K, 4 young (8192K), 4 survivors (8192K)
 Metaspace       used 21135K, committed 21504K, reserved 1114112K
  class space    used 2859K, committed 3072K, reserved 1048576K
}
Event: 2.479 GC heap before
{Heap before GC invocations=5 (full 0):
 garbage-first heap   total 61440K, used 42355K [0x0000000709400000, 0x0000000800000000)
  region size 2048K, 18 young (36864K), 4 survivors (8192K)
 Metaspace       used 25370K, committed 25728K, reserved 1114112K
  class space    used 3467K, committed 3648K, reserved 1048576K
}
Event: 2.486 GC heap after
{Heap after GC invocations=6 (full 0):
 garbage-first heap   total 61440K, used 18520K [0x0000000709400000, 0x0000000800000000)
  region size 2048K, 3 young (6144K), 3 survivors (6144K)
 Metaspace       used 25370K, committed 25728K, reserved 1114112K
  class space    used 3467K, committed 3648K, reserved 1048576K
}
Event: 2.542 GC heap before
{Heap before GC invocations=6 (full 0):
 garbage-first heap   total 61440K, used 20568K [0x0000000709400000, 0x0000000800000000)
  region size 2048K, 4 young (8192K), 3 survivors (6144K)
 Metaspace       used 25687K, committed 26048K, reserved 1114112K
  class space    used 3508K, committed 3712K, reserved 1048576K
}
Event: 2.548 GC heap after
{Heap after GC invocations=7 (full 0):
 garbage-first heap   total 61440K, used 18932K [0x0000000709400000, 0x0000000800000000)
  region size 2048K, 1 young (2048K), 1 survivors (2048K)
 Metaspace       used 25687K, committed 26048K, reserved 1114112K
  class space    used 3508K, committed 3712K, reserved 1048576K
}
Event: 2.887 GC heap before
{Heap before GC invocations=7 (full 0):
 garbage-first heap   total 61440K, used 39412K [0x0000000709400000, 0x0000000800000000)
  region size 2048K, 12 young (24576K), 1 survivors (2048K)
 Metaspace       used 30168K, committed 30592K, reserved 1114112K
  class space    used 4049K, committed 4224K, reserved 1048576K
}
Event: 2.890 GC heap after
{Heap after GC invocations=8 (full 0):
 garbage-first heap   total 61440K, used 19749K [0x0000000709400000, 0x0000000800000000)
  region size 2048K, 1 young (2048K), 1 survivors (2048K)
 Metaspace       used 30168K, committed 30592K, reserved 1114112K
  class space    used 4049K, committed 4224K, reserved 1048576K
}
Event: 3.286 GC heap before
{Heap before GC invocations=8 (full 0):
 garbage-first heap   total 61440K, used 40229K [0x0000000709400000, 0x0000000800000000)
  region size 2048K, 12 young (24576K), 1 survivors (2048K)
 Metaspace       used 35496K, committed 35968K, reserved 1114112K
  class space    used 4793K, committed 5056K, reserved 1048576K
}
Event: 3.288 GC heap after
{Heap after GC invocations=9 (full 0):
 garbage-first heap   total 61440K, used 20609K [0x0000000709400000, 0x0000000800000000)
  region size 2048K, 2 young (4096K), 2 survivors (4096K)
 Metaspace       used 35496K, committed 35968K, reserved 1114112K
  class space    used 4793K, committed 5056K, reserved 1048576K
}
Event: 3.689 GC heap before
{Heap before GC invocations=10 (full 0):
 garbage-first heap   total 61440K, used 43137K [0x0000000709400000, 0x0000000800000000)
  region size 2048K, 13 young (26624K), 2 survivors (4096K)
 Metaspace       used 39735K, committed 40192K, reserved 1114112K
  class space    used 5528K, committed 5760K, reserved 1048576K
}
Event: 3.691 GC heap after
{Heap after GC invocations=11 (full 0):
 garbage-first heap   total 157696K, used 21673K [0x0000000709400000, 0x0000000800000000)
  region size 2048K, 1 young (2048K), 1 survivors (2048K)
 Metaspace       used 39735K, committed 40192K, reserved 1114112K
  class space    used 5528K, committed 5760K, reserved 1048576K
}
Event: 8.245 GC heap before
{Heap before GC invocations=11 (full 0):
 garbage-first heap   total 157696K, used 113833K [0x0000000709400000, 0x0000000800000000)
  region size 2048K, 46 young (94208K), 1 survivors (2048K)
 Metaspace       used 57886K, committed 58432K, reserved 1114112K
  class space    used 8056K, committed 8320K, reserved 1048576K
}
Event: 8.252 GC heap after
{Heap after GC invocations=12 (full 0):
 garbage-first heap   total 157696K, used 30758K [0x0000000709400000, 0x0000000800000000)
  region size 2048K, 6 young (12288K), 6 survivors (12288K)
 Metaspace       used 57886K, committed 58432K, reserved 1114112K
  class space    used 8056K, committed 8320K, reserved 1048576K
}
Event: 9.441 GC heap before
{Heap before GC invocations=12 (full 0):
 garbage-first heap   total 157696K, used 36902K [0x0000000709400000, 0x0000000800000000)
  region size 2048K, 10 young (20480K), 6 survivors (12288K)
 Metaspace       used 59638K, committed 60160K, reserved 1114112K
  class space    used 8249K, committed 8512K, reserved 1048576K
}
Event: 9.446 GC heap after
{Heap after GC invocations=13 (full 0):
 garbage-first heap   total 157696K, used 32235K [0x0000000709400000, 0x0000000800000000)
  region size 2048K, 1 young (2048K), 1 survivors (2048K)
 Metaspace       used 59638K, committed 60160K, reserved 1114112K
  class space    used 8249K, committed 8512K, reserved 1048576K
}

