# JRE version: Java(TM) SE Runtime Environment (17.0.10+11) (build 17.0.10+11-LTS-240)
# Java VM: Java HotSpot(TM) 64-Bit Server VM (17.0.10+11-LTS-240, mixed mode, emulated-client, sharing, tiered, compressed oops, compressed class ptrs, g1 gc, windows-amd64)
GC Precious Log:
 CPUs: 16 total, 16 available
 Memory: 15789M
 Large Page Support: Disabled
 NUMA Support: Disabled
 Compressed Oops: Enabled (Zero based)
 Heap Region Size: 2M
 Heap Min Capacity: 8M
 Heap Initial Capacity: 248M
 Heap Max Capacity: 3948M
 Pre-touch: Disabled
 Parallel Workers: 13
 Concurrent Workers: 3
 Concurrent Refinement Workers: 13
 Periodic GC: Disabled
Heap:
 garbage-first heap   total 83968K, used 40199K [0x0000000709400000, 0x0000000800000000)
  region size 2048K, 6 young (12288K), 2 survivors (4096K)
 Metaspace       used 73708K, committed 74368K, reserved 1114112K
  class space    used 10329K, committed 10624K, reserved 1048576K
GC Heap History (20 events):
Event: 1.655 GC heap before
{Heap before GC invocations=2 (full 0):
 garbage-first heap   total 253952K, used 59401K [0x0000000709400000, 0x0000000800000000)
  region size 2048K, 26 young (53248K), 1 survivors (2048K)
 Metaspace       used 17451K, committed 17728K, reserved 1114112K
  class space    used 2340K, committed 2432K, reserved 1048576K
}
Event: 1.660 GC heap after
{Heap after GC invocations=3 (full 0):
 garbage-first heap   total 253952K, used 14557K [0x0000000709400000, 0x0000000800000000)
  region size 2048K, 4 young (8192K), 4 survivors (8192K)
 Metaspace       used 17451K, committed 17728K, reserved 1114112K
  class space    used 2340K, committed 2432K, reserved 1048576K
}
Event: 2.189 GC heap before
{Heap before GC invocations=3 (full 0):
 garbage-first heap   total 253952K, used 45277K [0x0000000709400000, 0x0000000800000000)
  region size 2048K, 20 young (40960K), 4 survivors (8192K)
 Metaspace       used 21116K, committed 21504K, reserved 1114112K
  class space    used 2877K, committed 3072K, reserved 1048576K
}
Event: 2.193 GC heap after
{Heap after GC invocations=4 (full 0):
 garbage-first heap   total 253952K, used 16426K [0x0000000709400000, 0x0000000800000000)
  region size 2048K, 4 young (8192K), 4 survivors (8192K)
 Metaspace       used 21116K, committed 21504K, reserved 1114112K
  class space    used 2877K, committed 3072K, reserved 1048576K
}
Event: 2.795 GC heap before
{Heap before GC invocations=5 (full 0):
 garbage-first heap   total 69632K, used 49194K [0x0000000709400000, 0x0000000800000000)
  region size 2048K, 20 young (40960K), 4 survivors (8192K)
 Metaspace       used 26435K, committed 26880K, reserved 1114112K
  class space    used 3623K, committed 3840K, reserved 1048576K
}
Event: 2.803 GC heap after
{Heap after GC invocations=6 (full 0):
 garbage-first heap   total 69632K, used 18749K [0x0000000709400000, 0x0000000800000000)
  region size 2048K, 3 young (6144K), 3 survivors (6144K)
 Metaspace       used 26435K, committed 26880K, reserved 1114112K
  class space    used 3623K, committed 3840K, reserved 1048576K
}
Event: 3.273 GC heap before
{Heap before GC invocations=6 (full 0):
 garbage-first heap   total 69632K, used 45373K [0x0000000709400000, 0x0000000800000000)
  region size 2048K, 16 young (32768K), 3 survivors (6144K)
 Metaspace       used 31043K, committed 31488K, reserved 1114112K
  class space    used 4322K, committed 4544K, reserved 1048576K
}
Event: 3.278 GC heap after
{Heap after GC invocations=7 (full 0):
 garbage-first heap   total 69632K, used 20632K [0x0000000709400000, 0x0000000800000000)
  region size 2048K, 1 young (2048K), 1 survivors (2048K)
 Metaspace       used 31043K, committed 31488K, reserved 1114112K
  class space    used 4322K, committed 4544K, reserved 1048576K
}
Event: 3.619 GC heap before
{Heap before GC invocations=7 (full 0):
 garbage-first heap   total 69632K, used 41112K [0x0000000709400000, 0x0000000800000000)
  region size 2048K, 12 young (24576K), 1 survivors (2048K)
 Metaspace       used 35561K, committed 35968K, reserved 1114112K
  class space    used 5003K, committed 5184K, reserved 1048576K
}
Event: 3.622 GC heap after
{Heap after GC invocations=8 (full 0):
 garbage-first heap   total 83968K, used 20744K [0x0000000709400000, 0x0000000800000000)
  region size 2048K, 2 young (4096K), 2 survivors (4096K)
 Metaspace       used 35561K, committed 35968K, reserved 1114112K
  class space    used 5003K, committed 5184K, reserved 1048576K
}
Event: 4.220 GC heap before
{Heap before GC invocations=9 (full 0):
 garbage-first heap   total 83968K, used 55560K [0x0000000709400000, 0x0000000800000000)
  region size 2048K, 20 young (40960K), 2 survivors (4096K)
 Metaspace       used 44271K, committed 44736K, reserved 1114112K
  class space    used 6148K, committed 6336K, reserved 1048576K
}
Event: 4.224 GC heap after
{Heap after GC invocations=10 (full 0):
 garbage-first heap   total 83968K, used 22631K [0x0000000709400000, 0x0000000800000000)
  region size 2048K, 2 young (4096K), 2 survivors (4096K)
 Metaspace       used 44271K, committed 44736K, reserved 1114112K
  class space    used 6148K, committed 6336K, reserved 1048576K
}
Event: 4.966 GC heap before
{Heap before GC invocations=10 (full 0):
 garbage-first heap   total 83968K, used 59495K [0x0000000709400000, 0x0000000800000000)
  region size 2048K, 20 young (40960K), 2 survivors (4096K)
 Metaspace       used 53520K, committed 54016K, reserved 1114112K
  class space    used 7632K, committed 7872K, reserved 1048576K
}
Event: 4.970 GC heap after
{Heap after GC invocations=11 (full 0):
 garbage-first heap   total 83968K, used 24207K [0x0000000709400000, 0x0000000800000000)
  region size 2048K, 3 young (6144K), 3 survivors (6144K)
 Metaspace       used 53520K, committed 54016K, reserved 1114112K
  class space    used 7632K, committed 7872K, reserved 1048576K
}
Event: 5.487 GC heap before
{Heap before GC invocations=11 (full 0):
 garbage-first heap   total 83968K, used 48783K [0x0000000709400000, 0x0000000800000000)
  region size 2048K, 16 young (32768K), 3 survivors (6144K)
 Metaspace       used 59881K, committed 60416K, reserved 1114112K
  class space    used 8495K, committed 8768K, reserved 1048576K
}
Event: 5.493 GC heap after
{Heap after GC invocations=12 (full 0):
 garbage-first heap   total 83968K, used 27844K [0x0000000709400000, 0x0000000800000000)
  region size 2048K, 3 young (6144K), 3 survivors (6144K)
 Metaspace       used 59881K, committed 60416K, reserved 1114112K
  class space    used 8495K, committed 8768K, reserved 1048576K
}
Event: 6.046 GC heap before
{Heap before GC invocations=13 (full 0):
 garbage-first heap   total 83968K, used 60612K [0x0000000709400000, 0x0000000800000000)
  region size 2048K, 19 young (38912K), 3 survivors (6144K)
 Metaspace       used 64247K, committed 64896K, reserved 1114112K
  class space    used 9105K, committed 9408K, reserved 1048576K
}
Event: 6.049 GC heap after
{Heap after GC invocations=14 (full 0):
 garbage-first heap   total 83968K, used 31248K [0x0000000709400000, 0x0000000800000000)
  region size 2048K, 2 young (4096K), 2 survivors (4096K)
 Metaspace       used 64247K, committed 64896K, reserved 1114112K
  class space    used 9105K, committed 9408K, reserved 1048576K
}
Event: 21.003 GC heap before
{Heap before GC invocations=14 (full 0):
 garbage-first heap   total 83968K, used 59920K [0x0000000709400000, 0x0000000800000000)
  region size 2048K, 16 young (32768K), 2 survivors (4096K)
 Metaspace       used 73218K, committed 73856K, reserved 1114112K
  class space    used 10255K, committed 10560K, reserved 1048576K
}
Event: 21.010 GC heap after
{Heap after GC invocations=15 (full 0):
 garbage-first heap   total 83968K, used 34055K [0x0000000709400000, 0x0000000800000000)
  region size 2048K, 2 young (4096K), 2 survivors (4096K)
 Metaspace       used 73218K, committed 73856K, reserved 1114112K
  class space    used 10255K, committed 10560K, reserved 1048576K
}

