# JRE version: Java(TM) SE Runtime Environment (17.0.10+11) (build 17.0.10+11-LTS-240)
# Java VM: Java HotSpot(TM) 64-Bit Server VM (17.0.10+11-LTS-240, mixed mode, emulated-client, sharing, tiered, compressed oops, compressed class ptrs, g1 gc, windows-amd64)
GC Precious Log:
 CPUs: 16 total, 16 available
 Memory: 15789M
 Large Page Support: Disabled
 NUMA Support: Disabled
 Compressed Oops: Enabled (Zero based)
 Heap Region Size: 2M
 Heap Min Capacity: 8M
 Heap Initial Capacity: 248M
 Heap Max Capacity: 3948M
 Pre-touch: Disabled
 Parallel Workers: 13
 Concurrent Workers: 3
 Concurrent Refinement Workers: 13
 Periodic GC: Disabled
Heap:
 garbage-first heap   total 116736K, used 48543K [0x0000000709400000, 0x0000000800000000)
  region size 2048K, 10 young (20480K), 1 survivors (2048K)
 Metaspace       used 65080K, committed 65664K, reserved 1114112K
  class space    used 8950K, committed 9216K, reserved 1048576K
GC Heap History (20 events):
Event: 1.033 GC heap before
{Heap before GC invocations=1 (full 0):
 garbage-first heap   total 253952K, used 28093K [0x0000000709400000, 0x0000000800000000)
  region size 2048K, 12 young (24576K), 2 survivors (4096K)
 Metaspace       used 7791K, committed 8064K, reserved 1114112K
  class space    used 1108K, committed 1216K, reserved 1048576K
}
Event: 1.036 GC heap after
{Heap after GC invocations=2 (full 0):
 garbage-first heap   total 253952K, used 9535K [0x0000000709400000, 0x0000000800000000)
  region size 2048K, 1 young (2048K), 1 survivors (2048K)
 Metaspace       used 7791K, committed 8064K, reserved 1114112K
  class space    used 1108K, committed 1216K, reserved 1048576K
}
Event: 1.751 GC heap before
{Heap before GC invocations=2 (full 0):
 garbage-first heap   total 253952K, used 66879K [0x0000000709400000, 0x0000000800000000)
  region size 2048K, 29 young (59392K), 1 survivors (2048K)
 Metaspace       used 17577K, committed 17920K, reserved 1114112K
  class space    used 2363K, committed 2496K, reserved 1048576K
}
Event: 1.757 GC heap after
{Heap after GC invocations=3 (full 0):
 garbage-first heap   total 253952K, used 14142K [0x0000000709400000, 0x0000000800000000)
  region size 2048K, 4 young (8192K), 4 survivors (8192K)
 Metaspace       used 17577K, committed 17920K, reserved 1114112K
  class space    used 2363K, committed 2496K, reserved 1048576K
}
Event: 2.307 GC heap before
{Heap before GC invocations=3 (full 0):
 garbage-first heap   total 253952K, used 40766K [0x0000000709400000, 0x0000000800000000)
  region size 2048K, 18 young (36864K), 4 survivors (8192K)
 Metaspace       used 21136K, committed 21504K, reserved 1114112K
  class space    used 2860K, committed 3072K, reserved 1048576K
}
Event: 2.311 GC heap after
{Heap after GC invocations=4 (full 0):
 garbage-first heap   total 253952K, used 15670K [0x0000000709400000, 0x0000000800000000)
  region size 2048K, 4 young (8192K), 4 survivors (8192K)
 Metaspace       used 21136K, committed 21504K, reserved 1114112K
  class space    used 2860K, committed 3072K, reserved 1048576K
}
Event: 2.878 GC heap before
{Heap before GC invocations=5 (full 0):
 garbage-first heap   total 61440K, used 42294K [0x0000000709400000, 0x0000000800000000)
  region size 2048K, 18 young (36864K), 4 survivors (8192K)
 Metaspace       used 25642K, committed 26048K, reserved 1114112K
  class space    used 3506K, committed 3712K, reserved 1048576K
}
Event: 2.887 GC heap after
{Heap after GC invocations=6 (full 0):
 garbage-first heap   total 61440K, used 18342K [0x0000000709400000, 0x0000000800000000)
  region size 2048K, 3 young (6144K), 3 survivors (6144K)
 Metaspace       used 25642K, committed 26048K, reserved 1114112K
  class space    used 3506K, committed 3712K, reserved 1048576K
}
Event: 2.931 GC heap before
{Heap before GC invocations=6 (full 0):
 garbage-first heap   total 61440K, used 20390K [0x0000000709400000, 0x0000000800000000)
  region size 2048K, 4 young (8192K), 3 survivors (6144K)
 Metaspace       used 25990K, committed 26368K, reserved 1114112K
  class space    used 3545K, committed 3712K, reserved 1048576K
}
Event: 2.938 GC heap after
{Heap after GC invocations=7 (full 0):
 garbage-first heap   total 61440K, used 18524K [0x0000000709400000, 0x0000000800000000)
  region size 2048K, 1 young (2048K), 1 survivors (2048K)
 Metaspace       used 25990K, committed 26368K, reserved 1114112K
  class space    used 3545K, committed 3712K, reserved 1048576K
}
Event: 3.278 GC heap before
{Heap before GC invocations=7 (full 0):
 garbage-first heap   total 61440K, used 39004K [0x0000000709400000, 0x0000000800000000)
  region size 2048K, 12 young (24576K), 1 survivors (2048K)
 Metaspace       used 30574K, committed 30976K, reserved 1114112K
  class space    used 4114K, committed 4288K, reserved 1048576K
}
Event: 3.280 GC heap after
{Heap after GC invocations=8 (full 0):
 garbage-first heap   total 61440K, used 19308K [0x0000000709400000, 0x0000000800000000)
  region size 2048K, 1 young (2048K), 1 survivors (2048K)
 Metaspace       used 30574K, committed 30976K, reserved 1114112K
  class space    used 4114K, committed 4288K, reserved 1048576K
}
Event: 3.666 GC heap before
{Heap before GC invocations=8 (full 0):
 garbage-first heap   total 61440K, used 39788K [0x0000000709400000, 0x0000000800000000)
  region size 2048K, 12 young (24576K), 1 survivors (2048K)
 Metaspace       used 35498K, committed 35968K, reserved 1114112K
  class space    used 4795K, committed 5056K, reserved 1048576K
}
Event: 3.668 GC heap after
{Heap after GC invocations=9 (full 0):
 garbage-first heap   total 61440K, used 20108K [0x0000000709400000, 0x0000000800000000)
  region size 2048K, 2 young (4096K), 2 survivors (4096K)
 Metaspace       used 35498K, committed 35968K, reserved 1114112K
  class space    used 4795K, committed 5056K, reserved 1048576K
}
Event: 4.166 GC heap before
{Heap before GC invocations=10 (full 0):
 garbage-first heap   total 61440K, used 42636K [0x0000000709400000, 0x0000000800000000)
  region size 2048K, 13 young (26624K), 2 survivors (4096K)
 Metaspace       used 39752K, committed 40192K, reserved 1114112K
  class space    used 5535K, committed 5760K, reserved 1048576K
}
Event: 4.168 GC heap after
{Heap after GC invocations=11 (full 0):
 garbage-first heap   total 157696K, used 21390K [0x0000000709400000, 0x0000000800000000)
  region size 2048K, 1 young (2048K), 1 survivors (2048K)
 Metaspace       used 39752K, committed 40192K, reserved 1114112K
  class space    used 5535K, committed 5760K, reserved 1048576K
}
Event: 9.755 GC heap before
{Heap before GC invocations=11 (full 0):
 garbage-first heap   total 157696K, used 113550K [0x0000000709400000, 0x0000000800000000)
  region size 2048K, 46 young (94208K), 1 survivors (2048K)
 Metaspace       used 57888K, committed 58432K, reserved 1114112K
  class space    used 8052K, committed 8320K, reserved 1048576K
}
Event: 9.763 GC heap after
{Heap after GC invocations=12 (full 0):
 garbage-first heap   total 157696K, used 30492K [0x0000000709400000, 0x0000000800000000)
  region size 2048K, 6 young (12288K), 6 survivors (12288K)
 Metaspace       used 57888K, committed 58432K, reserved 1114112K
  class space    used 8052K, committed 8320K, reserved 1048576K
}
Event: 11.392 GC heap before
{Heap before GC invocations=12 (full 0):
 garbage-first heap   total 157696K, used 36636K [0x0000000709400000, 0x0000000800000000)
  region size 2048K, 10 young (20480K), 6 survivors (12288K)
 Metaspace       used 59628K, committed 60160K, reserved 1114112K
  class space    used 8242K, committed 8512K, reserved 1048576K
}
Event: 11.397 GC heap after
{Heap after GC invocations=13 (full 0):
 garbage-first heap   total 157696K, used 32159K [0x0000000709400000, 0x0000000800000000)
  region size 2048K, 1 young (2048K), 1 survivors (2048K)
 Metaspace       used 59628K, committed 60160K, reserved 1114112K
  class space    used 8242K, committed 8512K, reserved 1048576K
}

