# JRE version: Java(TM) SE Runtime Environment (17.0.10+11) (build 17.0.10+11-LTS-240)
# Java VM: Java HotSpot(TM) 64-Bit Server VM (17.0.10+11-LTS-240, mixed mode, emulated-client, sharing, tiered, compressed oops, compressed class ptrs, g1 gc, windows-amd64)
GC Precious Log:
 CPUs: 16 total, 16 available
 Memory: 15789M
 Large Page Support: Disabled
 NUMA Support: Disabled
 Compressed Oops: Enabled (Zero based)
 Heap Region Size: 2M
 Heap Min Capacity: 8M
 Heap Initial Capacity: 248M
 Heap Max Capacity: 3948M
 Pre-touch: Disabled
 Parallel Workers: 13
 Concurrent Workers: 3
 Concurrent Refinement Workers: 13
 Periodic GC: Disabled
Heap:
 garbage-first heap   total 122880K, used 46859K [0x0000000709400000, 0x0000000800000000)
  region size 2048K, 9 young (18432K), 1 survivors (2048K)
 Metaspace       used 65118K, committed 65664K, reserved 1114112K
  class space    used 8957K, committed 9216K, reserved 1048576K
GC Heap History (20 events):
Event: 0.877 GC heap before
{Heap before GC invocations=1 (full 0):
 garbage-first heap   total 253952K, used 28237K [0x0000000709400000, 0x0000000800000000)
  region size 2048K, 12 young (24576K), 2 survivors (4096K)
 Metaspace       used 7784K, committed 8064K, reserved 1114112K
  class space    used 1108K, committed 1216K, reserved 1048576K
}
Event: 0.880 GC heap after
{Heap after GC invocations=2 (full 0):
 garbage-first heap   total 253952K, used 9889K [0x0000000709400000, 0x0000000800000000)
  region size 2048K, 1 young (2048K), 1 survivors (2048K)
 Metaspace       used 7784K, committed 8064K, reserved 1114112K
  class space    used 1108K, committed 1216K, reserved 1048576K
}
Event: 1.440 GC heap before
{Heap before GC invocations=2 (full 0):
 garbage-first heap   total 253952K, used 65185K [0x0000000709400000, 0x0000000800000000)
  region size 2048K, 29 young (59392K), 1 survivors (2048K)
 Metaspace       used 17594K, committed 17920K, reserved 1114112K
  class space    used 2367K, committed 2496K, reserved 1048576K
}
Event: 1.445 GC heap after
{Heap after GC invocations=3 (full 0):
 garbage-first heap   total 253952K, used 14704K [0x0000000709400000, 0x0000000800000000)
  region size 2048K, 4 young (8192K), 4 survivors (8192K)
 Metaspace       used 17594K, committed 17920K, reserved 1114112K
  class space    used 2367K, committed 2496K, reserved 1048576K
}
Event: 1.872 GC heap before
{Heap before GC invocations=3 (full 0):
 garbage-first heap   total 253952K, used 41328K [0x0000000709400000, 0x0000000800000000)
  region size 2048K, 18 young (36864K), 4 survivors (8192K)
 Metaspace       used 21141K, committed 21504K, reserved 1114112K
  class space    used 2861K, committed 3072K, reserved 1048576K
}
Event: 1.875 GC heap after
{Heap after GC invocations=4 (full 0):
 garbage-first heap   total 253952K, used 16018K [0x0000000709400000, 0x0000000800000000)
  region size 2048K, 4 young (8192K), 4 survivors (8192K)
 Metaspace       used 21141K, committed 21504K, reserved 1114112K
  class space    used 2861K, committed 3072K, reserved 1048576K
}
Event: 2.401 GC heap before
{Heap before GC invocations=5 (full 0):
 garbage-first heap   total 61440K, used 42642K [0x0000000709400000, 0x0000000800000000)
  region size 2048K, 18 young (36864K), 4 survivors (8192K)
 Metaspace       used 25784K, committed 26176K, reserved 1114112K
  class space    used 3520K, committed 3712K, reserved 1048576K
}
Event: 2.408 GC heap after
{Heap after GC invocations=6 (full 0):
 garbage-first heap   total 61440K, used 18331K [0x0000000709400000, 0x0000000800000000)
  region size 2048K, 3 young (6144K), 3 survivors (6144K)
 Metaspace       used 25784K, committed 26176K, reserved 1114112K
  class space    used 3520K, committed 3712K, reserved 1048576K
}
Event: 2.445 GC heap before
{Heap before GC invocations=6 (full 0):
 garbage-first heap   total 61440K, used 20379K [0x0000000709400000, 0x0000000800000000)
  region size 2048K, 4 young (8192K), 3 survivors (6144K)
 Metaspace       used 26113K, committed 26496K, reserved 1114112K
  class space    used 3568K, committed 3776K, reserved 1048576K
}
Event: 2.451 GC heap after
{Heap after GC invocations=7 (full 0):
 garbage-first heap   total 61440K, used 19039K [0x0000000709400000, 0x0000000800000000)
  region size 2048K, 1 young (2048K), 1 survivors (2048K)
 Metaspace       used 26113K, committed 26496K, reserved 1114112K
  class space    used 3568K, committed 3776K, reserved 1048576K
}
Event: 2.754 GC heap before
{Heap before GC invocations=7 (full 0):
 garbage-first heap   total 61440K, used 41567K [0x0000000709400000, 0x0000000800000000)
  region size 2048K, 12 young (24576K), 1 survivors (2048K)
 Metaspace       used 30857K, committed 31296K, reserved 1114112K
  class space    used 4155K, committed 4352K, reserved 1048576K
}
Event: 2.757 GC heap after
{Heap after GC invocations=8 (full 0):
 garbage-first heap   total 61440K, used 19855K [0x0000000709400000, 0x0000000800000000)
  region size 2048K, 1 young (2048K), 1 survivors (2048K)
 Metaspace       used 30857K, committed 31296K, reserved 1114112K
  class space    used 4155K, committed 4352K, reserved 1048576K
}
Event: 3.080 GC heap before
{Heap before GC invocations=8 (full 0):
 garbage-first heap   total 61440K, used 38287K [0x0000000709400000, 0x0000000800000000)
  region size 2048K, 11 young (22528K), 1 survivors (2048K)
 Metaspace       used 35481K, committed 35968K, reserved 1114112K
  class space    used 4794K, committed 5056K, reserved 1048576K
}
Event: 3.082 GC heap after
{Heap after GC invocations=9 (full 0):
 garbage-first heap   total 61440K, used 20640K [0x0000000709400000, 0x0000000800000000)
  region size 2048K, 2 young (4096K), 2 survivors (4096K)
 Metaspace       used 35481K, committed 35968K, reserved 1114112K
  class space    used 4794K, committed 5056K, reserved 1048576K
}
Event: 3.424 GC heap before
{Heap before GC invocations=10 (full 0):
 garbage-first heap   total 61440K, used 43168K [0x0000000709400000, 0x0000000800000000)
  region size 2048K, 13 young (26624K), 2 survivors (4096K)
 Metaspace       used 39728K, committed 40192K, reserved 1114112K
  class space    used 5533K, committed 5760K, reserved 1048576K
}
Event: 3.427 GC heap after
{Heap after GC invocations=11 (full 0):
 garbage-first heap   total 157696K, used 21828K [0x0000000709400000, 0x0000000800000000)
  region size 2048K, 1 young (2048K), 1 survivors (2048K)
 Metaspace       used 39728K, committed 40192K, reserved 1114112K
  class space    used 5533K, committed 5760K, reserved 1048576K
}
Event: 12.614 GC heap before
{Heap before GC invocations=11 (full 0):
 garbage-first heap   total 157696K, used 113988K [0x0000000709400000, 0x0000000800000000)
  region size 2048K, 46 young (94208K), 1 survivors (2048K)
 Metaspace       used 57550K, committed 58112K, reserved 1114112K
  class space    used 7989K, committed 8256K, reserved 1048576K
}
Event: 12.621 GC heap after
{Heap after GC invocations=12 (full 0):
 garbage-first heap   total 157696K, used 30814K [0x0000000709400000, 0x0000000800000000)
  region size 2048K, 6 young (12288K), 6 survivors (12288K)
 Metaspace       used 57550K, committed 58112K, reserved 1114112K
  class space    used 7989K, committed 8256K, reserved 1048576K
}
Event: 12.765 GC heap before
{Heap before GC invocations=12 (full 0):
 garbage-first heap   total 157696K, used 36958K [0x0000000709400000, 0x0000000800000000)
  region size 2048K, 10 young (20480K), 6 survivors (12288K)
 Metaspace       used 59675K, committed 60160K, reserved 1114112K
  class space    used 8214K, committed 8448K, reserved 1048576K
}
Event: 12.771 GC heap after
{Heap after GC invocations=13 (full 0):
 garbage-first heap   total 157696K, used 32523K [0x0000000709400000, 0x0000000800000000)
  region size 2048K, 1 young (2048K), 1 survivors (2048K)
 Metaspace       used 59675K, committed 60160K, reserved 1114112K
  class space    used 8214K, committed 8448K, reserved 1048576K
}

