# JRE version: Java(TM) SE Runtime Environment (17.0.10+11) (build 17.0.10+11-LTS-240)
# Java VM: Java HotSpot(TM) 64-Bit Server VM (17.0.10+11-LTS-240, mixed mode, emulated-client, sharing, tiered, compressed oops, compressed class ptrs, g1 gc, windows-amd64)
GC Precious Log:
 CPUs: 16 total, 16 available
 Memory: 15789M
 Large Page Support: Disabled
 NUMA Support: Disabled
 Compressed Oops: Enabled (Zero based)
 Heap Region Size: 2M
 Heap Min Capacity: 8M
 Heap Initial Capacity: 248M
 Heap Max Capacity: 3948M
 Pre-touch: Disabled
 Parallel Workers: 13
 Concurrent Workers: 3
 Concurrent Refinement Workers: 13
 Periodic GC: Disabled
Heap:
 garbage-first heap   total 116736K, used 44425K [0x0000000709400000, 0x0000000800000000)
  region size 2048K, 8 young (16384K), 1 survivors (2048K)
 Metaspace       used 64898K, committed 65472K, reserved 1114112K
  class space    used 8926K, committed 9216K, reserved 1048576K
GC Heap History (20 events):
Event: 1.053 GC heap before
{Heap before GC invocations=1 (full 0):
 garbage-first heap   total 253952K, used 28776K [0x0000000709400000, 0x0000000800000000)
  region size 2048K, 12 young (24576K), 2 survivors (4096K)
 Metaspace       used 7790K, committed 8064K, reserved 1114112K
  class space    used 1108K, committed 1216K, reserved 1048576K
}
Event: 1.057 GC heap after
{Heap after GC invocations=2 (full 0):
 garbage-first heap   total 253952K, used 9646K [0x0000000709400000, 0x0000000800000000)
  region size 2048K, 1 young (2048K), 1 survivors (2048K)
 Metaspace       used 7790K, committed 8064K, reserved 1114112K
  class space    used 1108K, committed 1216K, reserved 1048576K
}
Event: 1.694 GC heap before
{Heap before GC invocations=2 (full 0):
 garbage-first heap   total 253952K, used 66990K [0x0000000709400000, 0x0000000800000000)
  region size 2048K, 29 young (59392K), 1 survivors (2048K)
 Metaspace       used 17577K, committed 17920K, reserved 1114112K
  class space    used 2362K, committed 2496K, reserved 1048576K
}
Event: 1.700 GC heap after
{Heap after GC invocations=3 (full 0):
 garbage-first heap   total 253952K, used 14294K [0x0000000709400000, 0x0000000800000000)
  region size 2048K, 4 young (8192K), 4 survivors (8192K)
 Metaspace       used 17577K, committed 17920K, reserved 1114112K
  class space    used 2362K, committed 2496K, reserved 1048576K
}
Event: 2.209 GC heap before
{Heap before GC invocations=3 (full 0):
 garbage-first heap   total 253952K, used 42966K [0x0000000709400000, 0x0000000800000000)
  region size 2048K, 19 young (38912K), 4 survivors (8192K)
 Metaspace       used 21150K, committed 21504K, reserved 1114112K
  class space    used 2862K, committed 3072K, reserved 1048576K
}
Event: 2.213 GC heap after
{Heap after GC invocations=4 (full 0):
 garbage-first heap   total 253952K, used 15824K [0x0000000709400000, 0x0000000800000000)
  region size 2048K, 4 young (8192K), 4 survivors (8192K)
 Metaspace       used 21150K, committed 21504K, reserved 1114112K
  class space    used 2862K, committed 3072K, reserved 1048576K
}
Event: 2.741 GC heap before
{Heap before GC invocations=5 (full 0):
 garbage-first heap   total 61440K, used 42448K [0x0000000709400000, 0x0000000800000000)
  region size 2048K, 18 young (36864K), 4 survivors (8192K)
 Metaspace       used 25621K, committed 26048K, reserved 1114112K
  class space    used 3500K, committed 3712K, reserved 1048576K
}
Event: 2.749 GC heap after
{Heap after GC invocations=6 (full 0):
 garbage-first heap   total 61440K, used 18067K [0x0000000709400000, 0x0000000800000000)
  region size 2048K, 3 young (6144K), 3 survivors (6144K)
 Metaspace       used 25621K, committed 26048K, reserved 1114112K
  class space    used 3500K, committed 3712K, reserved 1048576K
}
Event: 2.793 GC heap before
{Heap before GC invocations=6 (full 0):
 garbage-first heap   total 61440K, used 20115K [0x0000000709400000, 0x0000000800000000)
  region size 2048K, 4 young (8192K), 3 survivors (6144K)
 Metaspace       used 25994K, committed 26432K, reserved 1114112K
  class space    used 3541K, committed 3776K, reserved 1048576K
}
Event: 2.799 GC heap after
{Heap after GC invocations=7 (full 0):
 garbage-first heap   total 61440K, used 18916K [0x0000000709400000, 0x0000000800000000)
  region size 2048K, 1 young (2048K), 1 survivors (2048K)
 Metaspace       used 25994K, committed 26432K, reserved 1114112K
  class space    used 3541K, committed 3776K, reserved 1048576K
}
Event: 3.150 GC heap before
{Heap before GC invocations=7 (full 0):
 garbage-first heap   total 61440K, used 41444K [0x0000000709400000, 0x0000000800000000)
  region size 2048K, 12 young (24576K), 1 survivors (2048K)
 Metaspace       used 30579K, committed 30976K, reserved 1114112K
  class space    used 4112K, committed 4288K, reserved 1048576K
}
Event: 3.153 GC heap after
{Heap after GC invocations=8 (full 0):
 garbage-first heap   total 61440K, used 19682K [0x0000000709400000, 0x0000000800000000)
  region size 2048K, 1 young (2048K), 1 survivors (2048K)
 Metaspace       used 30579K, committed 30976K, reserved 1114112K
  class space    used 4112K, committed 4288K, reserved 1048576K
}
Event: 3.579 GC heap before
{Heap before GC invocations=8 (full 0):
 garbage-first heap   total 61440K, used 40162K [0x0000000709400000, 0x0000000800000000)
  region size 2048K, 12 young (24576K), 1 survivors (2048K)
 Metaspace       used 35492K, committed 35968K, reserved 1114112K
  class space    used 4794K, committed 5056K, reserved 1048576K
}
Event: 3.582 GC heap after
{Heap after GC invocations=9 (full 0):
 garbage-first heap   total 61440K, used 20488K [0x0000000709400000, 0x0000000800000000)
  region size 2048K, 2 young (4096K), 2 survivors (4096K)
 Metaspace       used 35492K, committed 35968K, reserved 1114112K
  class space    used 4794K, committed 5056K, reserved 1048576K
}
Event: 3.969 GC heap before
{Heap before GC invocations=10 (full 0):
 garbage-first heap   total 61440K, used 43016K [0x0000000709400000, 0x0000000800000000)
  region size 2048K, 13 young (26624K), 2 survivors (4096K)
 Metaspace       used 39717K, committed 40192K, reserved 1114112K
  class space    used 5524K, committed 5760K, reserved 1048576K
}
Event: 3.972 GC heap after
{Heap after GC invocations=11 (full 0):
 garbage-first heap   total 157696K, used 21572K [0x0000000709400000, 0x0000000800000000)
  region size 2048K, 1 young (2048K), 1 survivors (2048K)
 Metaspace       used 39717K, committed 40192K, reserved 1114112K
  class space    used 5524K, committed 5760K, reserved 1048576K
}
Event: 11.229 GC heap before
{Heap before GC invocations=11 (full 0):
 garbage-first heap   total 157696K, used 113732K [0x0000000709400000, 0x0000000800000000)
  region size 2048K, 46 young (94208K), 1 survivors (2048K)
 Metaspace       used 58008K, committed 58560K, reserved 1114112K
  class space    used 8040K, committed 8320K, reserved 1048576K
}
Event: 11.236 GC heap after
{Heap after GC invocations=12 (full 0):
 garbage-first heap   total 157696K, used 30666K [0x0000000709400000, 0x0000000800000000)
  region size 2048K, 6 young (12288K), 6 survivors (12288K)
 Metaspace       used 58008K, committed 58560K, reserved 1114112K
  class space    used 8040K, committed 8320K, reserved 1048576K
}
Event: 11.373 GC heap before
{Heap before GC invocations=12 (full 0):
 garbage-first heap   total 157696K, used 36810K [0x0000000709400000, 0x0000000800000000)
  region size 2048K, 10 young (20480K), 6 survivors (12288K)
 Metaspace       used 59702K, committed 60160K, reserved 1114112K
  class space    used 8223K, committed 8448K, reserved 1048576K
}
Event: 11.378 GC heap after
{Heap after GC invocations=13 (full 0):
 garbage-first heap   total 157696K, used 32137K [0x0000000709400000, 0x0000000800000000)
  region size 2048K, 1 young (2048K), 1 survivors (2048K)
 Metaspace       used 59702K, committed 60160K, reserved 1114112K
  class space    used 8223K, committed 8448K, reserved 1048576K
}

