# JRE version: Java(TM) SE Runtime Environment (17.0.10+11) (build 17.0.10+11-LTS-240)
# Java VM: Java HotSpot(TM) 64-Bit Server VM (17.0.10+11-LTS-240, mixed mode, emulated-client, sharing, tiered, compressed oops, compressed class ptrs, g1 gc, windows-amd64)
GC Precious Log:
 CPUs: 16 total, 16 available
 Memory: 15789M
 Large Page Support: Disabled
 NUMA Support: Disabled
 Compressed Oops: Enabled (Zero based)
 Heap Region Size: 2M
 Heap Min Capacity: 8M
 Heap Initial Capacity: 248M
 Heap Max Capacity: 3948M
 Pre-touch: Disabled
 Parallel Workers: 13
 Concurrent Workers: 3
 Concurrent Refinement Workers: 13
 Periodic GC: Disabled
Heap:
 garbage-first heap   total 69632K, used 45265K [0x0000000709400000, 0x0000000800000000)
  region size 2048K, 8 young (16384K), 1 survivors (2048K)
 Metaspace       used 65123K, committed 65664K, reserved 1114112K
  class space    used 8957K, committed 9216K, reserved 1048576K
GC Heap History (20 events):
Event: 1.471 GC heap before
{Heap before GC invocations=2 (full 0):
 garbage-first heap   total 253952K, used 65530K [0x0000000709400000, 0x0000000800000000)
  region size 2048K, 29 young (59392K), 1 survivors (2048K)
 Metaspace       used 17647K, committed 17984K, reserved 1114112K
  class space    used 2376K, committed 2496K, reserved 1048576K
}
Event: 1.475 GC heap after
{Heap after GC invocations=3 (full 0):
 garbage-first heap   total 253952K, used 15012K [0x0000000709400000, 0x0000000800000000)
  region size 2048K, 4 young (8192K), 4 survivors (8192K)
 Metaspace       used 17647K, committed 17984K, reserved 1114112K
  class space    used 2376K, committed 2496K, reserved 1048576K
}
Event: 1.912 GC heap before
{Heap before GC invocations=3 (full 0):
 garbage-first heap   total 253952K, used 39588K [0x0000000709400000, 0x0000000800000000)
  region size 2048K, 17 young (34816K), 4 survivors (8192K)
 Metaspace       used 21141K, committed 21504K, reserved 1114112K
  class space    used 2859K, committed 3072K, reserved 1048576K
}
Event: 1.916 GC heap after
{Heap after GC invocations=4 (full 0):
 garbage-first heap   total 253952K, used 16376K [0x0000000709400000, 0x0000000800000000)
  region size 2048K, 4 young (8192K), 4 survivors (8192K)
 Metaspace       used 21141K, committed 21504K, reserved 1114112K
  class space    used 2859K, committed 3072K, reserved 1048576K
}
Event: 2.476 GC heap before
{Heap before GC invocations=5 (full 0):
 garbage-first heap   total 69632K, used 49144K [0x0000000709400000, 0x0000000800000000)
  region size 2048K, 20 young (40960K), 4 survivors (8192K)
 Metaspace       used 26194K, committed 26560K, reserved 1114112K
  class space    used 3581K, committed 3776K, reserved 1048576K
}
Event: 2.484 GC heap after
{Heap after GC invocations=6 (full 0):
 garbage-first heap   total 69632K, used 19217K [0x0000000709400000, 0x0000000800000000)
  region size 2048K, 3 young (6144K), 3 survivors (6144K)
 Metaspace       used 26194K, committed 26560K, reserved 1114112K
  class space    used 3581K, committed 3776K, reserved 1048576K
}
Event: 2.897 GC heap before
{Heap before GC invocations=6 (full 0):
 garbage-first heap   total 69632K, used 43793K [0x0000000709400000, 0x0000000800000000)
  region size 2048K, 16 young (32768K), 3 survivors (6144K)
 Metaspace       used 32338K, committed 32768K, reserved 1114112K
  class space    used 4298K, committed 4480K, reserved 1048576K
}
Event: 2.900 GC heap after
{Heap after GC invocations=7 (full 0):
 garbage-first heap   total 69632K, used 20774K [0x0000000709400000, 0x0000000800000000)
  region size 2048K, 1 young (2048K), 1 survivors (2048K)
 Metaspace       used 32338K, committed 32768K, reserved 1114112K
  class space    used 4298K, committed 4480K, reserved 1048576K
}
Event: 3.156 GC heap before
{Heap before GC invocations=7 (full 0):
 garbage-first heap   total 69632K, used 35110K [0x0000000709400000, 0x0000000800000000)
  region size 2048K, 9 young (18432K), 1 survivors (2048K)
 Metaspace       used 35488K, committed 35968K, reserved 1114112K
  class space    used 4790K, committed 5056K, reserved 1048576K
}
Event: 3.158 GC heap after
{Heap after GC invocations=8 (full 0):
 garbage-first heap   total 69632K, used 21155K [0x0000000709400000, 0x0000000800000000)
  region size 2048K, 2 young (4096K), 2 survivors (4096K)
 Metaspace       used 35488K, committed 35968K, reserved 1114112K
  class space    used 4790K, committed 5056K, reserved 1048576K
}
Event: 3.554 GC heap before
{Heap before GC invocations=9 (full 0):
 garbage-first heap   total 69632K, used 45731K [0x0000000709400000, 0x0000000800000000)
  region size 2048K, 14 young (28672K), 2 survivors (4096K)
 Metaspace       used 40294K, committed 40768K, reserved 1114112K
  class space    used 5602K, committed 5824K, reserved 1048576K
}
Event: 3.556 GC heap after
{Heap after GC invocations=10 (full 0):
 garbage-first heap   total 69632K, used 22223K [0x0000000709400000, 0x0000000800000000)
  region size 2048K, 1 young (2048K), 1 survivors (2048K)
 Metaspace       used 40294K, committed 40768K, reserved 1114112K
  class space    used 5602K, committed 5824K, reserved 1048576K
}
Event: 4.024 GC heap before
{Heap before GC invocations=10 (full 0):
 garbage-first heap   total 69632K, used 50895K [0x0000000709400000, 0x0000000800000000)
  region size 2048K, 15 young (30720K), 1 survivors (2048K)
 Metaspace       used 46861K, committed 47360K, reserved 1114112K
  class space    used 6585K, committed 6848K, reserved 1048576K
}
Event: 4.026 GC heap after
{Heap after GC invocations=11 (full 0):
 garbage-first heap   total 69632K, used 24001K [0x0000000709400000, 0x0000000800000000)
  region size 2048K, 2 young (4096K), 2 survivors (4096K)
 Metaspace       used 46861K, committed 47360K, reserved 1114112K
  class space    used 6585K, committed 6848K, reserved 1048576K
}
Event: 4.867 GC heap before
{Heap before GC invocations=11 (full 0):
 garbage-first heap   total 69632K, used 50625K [0x0000000709400000, 0x0000000800000000)
  region size 2048K, 15 young (30720K), 2 survivors (4096K)
 Metaspace       used 53733K, committed 54272K, reserved 1114112K
  class space    used 7480K, committed 7744K, reserved 1048576K
}
Event: 4.871 GC heap after
{Heap after GC invocations=12 (full 0):
 garbage-first heap   total 69632K, used 28174K [0x0000000709400000, 0x0000000800000000)
  region size 2048K, 2 young (4096K), 2 survivors (4096K)
 Metaspace       used 53733K, committed 54272K, reserved 1114112K
  class space    used 7480K, committed 7744K, reserved 1048576K
}
Event: 5.207 GC heap before
{Heap before GC invocations=12 (full 0):
 garbage-first heap   total 69632K, used 50702K [0x0000000709400000, 0x0000000800000000)
  region size 2048K, 13 young (26624K), 2 survivors (4096K)
 Metaspace       used 56453K, committed 56896K, reserved 1114112K
  class space    used 7844K, committed 8064K, reserved 1048576K
}
Event: 5.210 GC heap after
{Heap after GC invocations=13 (full 0):
 garbage-first heap   total 69632K, used 31795K [0x0000000709400000, 0x0000000800000000)
  region size 2048K, 2 young (4096K), 2 survivors (4096K)
 Metaspace       used 56453K, committed 56896K, reserved 1114112K
  class space    used 7844K, committed 8064K, reserved 1048576K
}
Event: 12.396 GC heap before
{Heap before GC invocations=13 (full 0):
 garbage-first heap   total 69632K, used 46131K [0x0000000709400000, 0x0000000800000000)
  region size 2048K, 10 young (20480K), 2 survivors (4096K)
 Metaspace       used 59665K, committed 60160K, reserved 1114112K
  class space    used 8212K, committed 8448K, reserved 1048576K
}
Event: 12.399 GC heap after
{Heap after GC invocations=14 (full 0):
 garbage-first heap   total 69632K, used 32977K [0x0000000709400000, 0x0000000800000000)
  region size 2048K, 1 young (2048K), 1 survivors (2048K)
 Metaspace       used 59665K, committed 60160K, reserved 1114112K
  class space    used 8212K, committed 8448K, reserved 1048576K
}

