# JRE version: Java(TM) SE Runtime Environment (17.0.10+11) (build 17.0.10+11-LTS-240)
# Java VM: Java HotSpot(TM) 64-Bit Server VM (17.0.10+11-LTS-240, mixed mode, emulated-client, sharing, tiered, compressed oops, compressed class ptrs, g1 gc, windows-amd64)
GC Precious Log:
 CPUs: 16 total, 16 available
 Memory: 15789M
 Large Page Support: Disabled
 NUMA Support: Disabled
 Compressed Oops: Enabled (Zero based)
 Heap Region Size: 2M
 Heap Min Capacity: 8M
 Heap Initial Capacity: 248M
 Heap Max Capacity: 3948M
 Pre-touch: Disabled
 Parallel Workers: 13
 Concurrent Workers: 3
 Concurrent Refinement Workers: 13
 Periodic GC: Disabled
Heap:
 garbage-first heap   total 116736K, used 46754K [0x0000000709400000, 0x0000000800000000)
  region size 2048K, 9 young (18432K), 1 survivors (2048K)
 Metaspace       used 65128K, committed 65664K, reserved 1114112K
  class space    used 8950K, committed 9216K, reserved 1048576K
GC Heap History (20 events):
Event: 0.869 GC heap before
{Heap before GC invocations=1 (full 0):
 garbage-first heap   total 253952K, used 30741K [0x0000000709400000, 0x0000000800000000)
  region size 2048K, 13 young (26624K), 2 survivors (4096K)
 Metaspace       used 8256K, committed 8512K, reserved 1114112K
  class space    used 1151K, committed 1280K, reserved 1048576K
}
Event: 0.872 GC heap after
{Heap after GC invocations=2 (full 0):
 garbage-first heap   total 253952K, used 9613K [0x0000000709400000, 0x0000000800000000)
  region size 2048K, 1 young (2048K), 1 survivors (2048K)
 Metaspace       used 8256K, committed 8512K, reserved 1114112K
  class space    used 1151K, committed 1280K, reserved 1048576K
}
Event: 1.445 GC heap before
{Heap before GC invocations=2 (full 0):
 garbage-first heap   total 253952K, used 64909K [0x0000000709400000, 0x0000000800000000)
  region size 2048K, 29 young (59392K), 1 survivors (2048K)
 Metaspace       used 17637K, committed 17920K, reserved 1114112K
  class space    used 2373K, committed 2496K, reserved 1048576K
}
Event: 1.451 GC heap after
{Heap after GC invocations=3 (full 0):
 garbage-first heap   total 253952K, used 14324K [0x0000000709400000, 0x0000000800000000)
  region size 2048K, 4 young (8192K), 4 survivors (8192K)
 Metaspace       used 17637K, committed 17920K, reserved 1114112K
  class space    used 2373K, committed 2496K, reserved 1048576K
}
Event: 1.843 GC heap before
{Heap before GC invocations=3 (full 0):
 garbage-first heap   total 253952K, used 38900K [0x0000000709400000, 0x0000000800000000)
  region size 2048K, 17 young (34816K), 4 survivors (8192K)
 Metaspace       used 21135K, committed 21504K, reserved 1114112K
  class space    used 2859K, committed 3072K, reserved 1048576K
}
Event: 1.847 GC heap after
{Heap after GC invocations=4 (full 0):
 garbage-first heap   total 253952K, used 15517K [0x0000000709400000, 0x0000000800000000)
  region size 2048K, 4 young (8192K), 4 survivors (8192K)
 Metaspace       used 21135K, committed 21504K, reserved 1114112K
  class space    used 2859K, committed 3072K, reserved 1048576K
}
Event: 2.309 GC heap before
{Heap before GC invocations=5 (full 0):
 garbage-first heap   total 61440K, used 42141K [0x0000000709400000, 0x0000000800000000)
  region size 2048K, 18 young (36864K), 4 survivors (8192K)
 Metaspace       used 25643K, committed 26048K, reserved 1114112K
  class space    used 3505K, committed 3712K, reserved 1048576K
}
Event: 2.316 GC heap after
{Heap after GC invocations=6 (full 0):
 garbage-first heap   total 61440K, used 18198K [0x0000000709400000, 0x0000000800000000)
  region size 2048K, 3 young (6144K), 3 survivors (6144K)
 Metaspace       used 25643K, committed 26048K, reserved 1114112K
  class space    used 3505K, committed 3712K, reserved 1048576K
}
Event: 2.359 GC heap before
{Heap before GC invocations=6 (full 0):
 garbage-first heap   total 61440K, used 20246K [0x0000000709400000, 0x0000000800000000)
  region size 2048K, 4 young (8192K), 3 survivors (6144K)
 Metaspace       used 25837K, committed 26240K, reserved 1114112K
  class space    used 3525K, committed 3712K, reserved 1048576K
}
Event: 2.366 GC heap after
{Heap after GC invocations=7 (full 0):
 garbage-first heap   total 61440K, used 18943K [0x0000000709400000, 0x0000000800000000)
  region size 2048K, 1 young (2048K), 1 survivors (2048K)
 Metaspace       used 25837K, committed 26240K, reserved 1114112K
  class space    used 3525K, committed 3712K, reserved 1048576K
}
Event: 2.699 GC heap before
{Heap before GC invocations=7 (full 0):
 garbage-first heap   total 61440K, used 39423K [0x0000000709400000, 0x0000000800000000)
  region size 2048K, 12 young (24576K), 1 survivors (2048K)
 Metaspace       used 30367K, committed 30784K, reserved 1114112K
  class space    used 4079K, committed 4288K, reserved 1048576K
}
Event: 2.702 GC heap after
{Heap after GC invocations=8 (full 0):
 garbage-first heap   total 61440K, used 19726K [0x0000000709400000, 0x0000000800000000)
  region size 2048K, 1 young (2048K), 1 survivors (2048K)
 Metaspace       used 30367K, committed 30784K, reserved 1114112K
  class space    used 4079K, committed 4288K, reserved 1048576K
}
Event: 3.032 GC heap before
{Heap before GC invocations=8 (full 0):
 garbage-first heap   total 61440K, used 40206K [0x0000000709400000, 0x0000000800000000)
  region size 2048K, 12 young (24576K), 1 survivors (2048K)
 Metaspace       used 35496K, committed 35968K, reserved 1114112K
  class space    used 4792K, committed 5056K, reserved 1048576K
}
Event: 3.034 GC heap after
{Heap after GC invocations=9 (full 0):
 garbage-first heap   total 61440K, used 20572K [0x0000000709400000, 0x0000000800000000)
  region size 2048K, 2 young (4096K), 2 survivors (4096K)
 Metaspace       used 35496K, committed 35968K, reserved 1114112K
  class space    used 4792K, committed 5056K, reserved 1048576K
}
Event: 3.348 GC heap before
{Heap before GC invocations=10 (full 0):
 garbage-first heap   total 61440K, used 43100K [0x0000000709400000, 0x0000000800000000)
  region size 2048K, 13 young (26624K), 2 survivors (4096K)
 Metaspace       used 39732K, committed 40192K, reserved 1114112K
  class space    used 5523K, committed 5760K, reserved 1048576K
}
Event: 3.351 GC heap after
{Heap after GC invocations=11 (full 0):
 garbage-first heap   total 157696K, used 21588K [0x0000000709400000, 0x0000000800000000)
  region size 2048K, 1 young (2048K), 1 survivors (2048K)
 Metaspace       used 39732K, committed 40192K, reserved 1114112K
  class space    used 5523K, committed 5760K, reserved 1048576K
}
Event: 10.466 GC heap before
{Heap before GC invocations=11 (full 0):
 garbage-first heap   total 157696K, used 113748K [0x0000000709400000, 0x0000000800000000)
  region size 2048K, 46 young (94208K), 1 survivors (2048K)
 Metaspace       used 57883K, committed 58432K, reserved 1114112K
  class space    used 8049K, committed 8320K, reserved 1048576K
}
Event: 10.474 GC heap after
{Heap after GC invocations=12 (full 0):
 garbage-first heap   total 157696K, used 30768K [0x0000000709400000, 0x0000000800000000)
  region size 2048K, 6 young (12288K), 6 survivors (12288K)
 Metaspace       used 57883K, committed 58432K, reserved 1114112K
  class space    used 8049K, committed 8320K, reserved 1048576K
}
Event: 11.595 GC heap before
{Heap before GC invocations=12 (full 0):
 garbage-first heap   total 157696K, used 36912K [0x0000000709400000, 0x0000000800000000)
  region size 2048K, 10 young (20480K), 6 survivors (12288K)
 Metaspace       used 59638K, committed 60160K, reserved 1114112K
  class space    used 8239K, committed 8448K, reserved 1048576K
}
Event: 11.600 GC heap after
{Heap after GC invocations=13 (full 0):
 garbage-first heap   total 157696K, used 32418K [0x0000000709400000, 0x0000000800000000)
  region size 2048K, 1 young (2048K), 1 survivors (2048K)
 Metaspace       used 59638K, committed 60160K, reserved 1114112K
  class space    used 8239K, committed 8448K, reserved 1048576K
}

