# JRE version: Java(TM) SE Runtime Environment (17.0.10+11) (build 17.0.10+11-LTS-240)
# Java VM: Java HotSpot(TM) 64-Bit Server VM (17.0.10+11-LTS-240, mixed mode, emulated-client, sharing, tiered, compressed oops, compressed class ptrs, g1 gc, windows-amd64)
GC Precious Log:
 CPUs: 16 total, 16 available
 Memory: 15789M
 Large Page Support: Disabled
 NUMA Support: Disabled
 Compressed Oops: Enabled (Zero based)
 Heap Region Size: 2M
 Heap Min Capacity: 8M
 Heap Initial Capacity: 248M
 Heap Max Capacity: 3948M
 Pre-touch: Disabled
 Parallel Workers: 13
 Concurrent Workers: 3
 Concurrent Refinement Workers: 13
 Periodic GC: Disabled
Heap:
 garbage-first heap   total 83968K, used 44762K [0x0000000709400000, 0x0000000800000000)
  region size 2048K, 9 young (18432K), 1 survivors (2048K)
 Metaspace       used 65146K, committed 65664K, reserved 1114112K
  class space    used 8963K, committed 9216K, reserved 1048576K
GC Heap History (20 events):
Event: 0.943 GC heap before
{Heap before GC invocations=1 (full 0):
 garbage-first heap   total 253952K, used 26936K [0x0000000709400000, 0x0000000800000000)
  region size 2048K, 12 young (24576K), 2 survivors (4096K)
 Metaspace       used 7784K, committed 8064K, reserved 1114112K
  class space    used 1108K, committed 1216K, reserved 1048576K
}
Event: 0.946 GC heap after
{Heap after GC invocations=2 (full 0):
 garbage-first heap   total 253952K, used 10125K [0x0000000709400000, 0x0000000800000000)
  region size 2048K, 1 young (2048K), 1 survivors (2048K)
 Metaspace       used 7784K, committed 8064K, reserved 1114112K
  class space    used 1108K, committed 1216K, reserved 1048576K
}
Event: 1.433 GC heap before
{Heap before GC invocations=2 (full 0):
 garbage-first heap   total 253952K, used 59277K [0x0000000709400000, 0x0000000800000000)
  region size 2048K, 26 young (53248K), 1 survivors (2048K)
 Metaspace       used 17158K, committed 17408K, reserved 1114112K
  class space    used 2295K, committed 2432K, reserved 1048576K
}
Event: 1.437 GC heap after
{Heap after GC invocations=3 (full 0):
 garbage-first heap   total 253952K, used 14294K [0x0000000709400000, 0x0000000800000000)
  region size 2048K, 3 young (6144K), 3 survivors (6144K)
 Metaspace       used 17158K, committed 17408K, reserved 1114112K
  class space    used 2295K, committed 2432K, reserved 1048576K
}
Event: 1.996 GC heap before
{Heap before GC invocations=3 (full 0):
 garbage-first heap   total 253952K, used 49110K [0x0000000709400000, 0x0000000800000000)
  region size 2048K, 21 young (43008K), 3 survivors (6144K)
 Metaspace       used 21141K, committed 21504K, reserved 1114112K
  class space    used 2860K, committed 3072K, reserved 1048576K
}
Event: 2.000 GC heap after
{Heap after GC invocations=4 (full 0):
 garbage-first heap   total 253952K, used 16382K [0x0000000709400000, 0x0000000800000000)
  region size 2048K, 4 young (8192K), 4 survivors (8192K)
 Metaspace       used 21141K, committed 21504K, reserved 1114112K
  class space    used 2860K, committed 3072K, reserved 1048576K
}
Event: 2.526 GC heap before
{Heap before GC invocations=5 (full 0):
 garbage-first heap   total 69632K, used 49150K [0x0000000709400000, 0x0000000800000000)
  region size 2048K, 20 young (40960K), 4 survivors (8192K)
 Metaspace       used 26061K, committed 26496K, reserved 1114112K
  class space    used 3560K, committed 3776K, reserved 1048576K
}
Event: 2.534 GC heap after
{Heap after GC invocations=6 (full 0):
 garbage-first heap   total 69632K, used 19030K [0x0000000709400000, 0x0000000800000000)
  region size 2048K, 3 young (6144K), 3 survivors (6144K)
 Metaspace       used 26061K, committed 26496K, reserved 1114112K
  class space    used 3560K, committed 3776K, reserved 1048576K
}
Event: 2.904 GC heap before
{Heap before GC invocations=6 (full 0):
 garbage-first heap   total 69632K, used 43606K [0x0000000709400000, 0x0000000800000000)
  region size 2048K, 16 young (32768K), 3 survivors (6144K)
 Metaspace       used 31926K, committed 32320K, reserved 1114112K
  class space    used 4249K, committed 4416K, reserved 1048576K
}
Event: 2.908 GC heap after
{Heap after GC invocations=7 (full 0):
 garbage-first heap   total 69632K, used 20810K [0x0000000709400000, 0x0000000800000000)
  region size 2048K, 2 young (4096K), 2 survivors (4096K)
 Metaspace       used 31926K, committed 32320K, reserved 1114112K
  class space    used 4249K, committed 4416K, reserved 1048576K
}
Event: 3.169 GC heap before
{Heap before GC invocations=7 (full 0):
 garbage-first heap   total 69632K, used 33098K [0x0000000709400000, 0x0000000800000000)
  region size 2048K, 10 young (20480K), 2 survivors (4096K)
 Metaspace       used 35490K, committed 35968K, reserved 1114112K
  class space    used 4793K, committed 5056K, reserved 1048576K
}
Event: 3.171 GC heap after
{Heap after GC invocations=8 (full 0):
 garbage-first heap   total 69632K, used 20991K [0x0000000709400000, 0x0000000800000000)
  region size 2048K, 2 young (4096K), 2 survivors (4096K)
 Metaspace       used 35490K, committed 35968K, reserved 1114112K
  class space    used 4793K, committed 5056K, reserved 1048576K
}
Event: 3.574 GC heap before
{Heap before GC invocations=9 (full 0):
 garbage-first heap   total 69632K, used 47615K [0x0000000709400000, 0x0000000800000000)
  region size 2048K, 15 young (30720K), 2 survivors (4096K)
 Metaspace       used 40460K, committed 40960K, reserved 1114112K
  class space    used 5633K, committed 5888K, reserved 1048576K
}
Event: 3.577 GC heap after
{Heap after GC invocations=10 (full 0):
 garbage-first heap   total 83968K, used 22386K [0x0000000709400000, 0x0000000800000000)
  region size 2048K, 1 young (2048K), 1 survivors (2048K)
 Metaspace       used 40460K, committed 40960K, reserved 1114112K
  class space    used 5633K, committed 5888K, reserved 1048576K
}
Event: 4.284 GC heap before
{Heap before GC invocations=10 (full 0):
 garbage-first heap   total 83968K, used 61298K [0x0000000709400000, 0x0000000800000000)
  region size 2048K, 20 young (40960K), 1 survivors (2048K)
 Metaspace       used 50870K, committed 51328K, reserved 1114112K
  class space    used 7131K, committed 7360K, reserved 1048576K
}
Event: 4.287 GC heap after
{Heap after GC invocations=11 (full 0):
 garbage-first heap   total 83968K, used 25507K [0x0000000709400000, 0x0000000800000000)
  region size 2048K, 3 young (6144K), 3 survivors (6144K)
 Metaspace       used 50870K, committed 51328K, reserved 1114112K
  class space    used 7131K, committed 7360K, reserved 1048576K
}
Event: 5.203 GC heap before
{Heap before GC invocations=11 (full 0):
 garbage-first heap   total 83968K, used 58275K [0x0000000709400000, 0x0000000800000000)
  region size 2048K, 20 young (40960K), 3 survivors (6144K)
 Metaspace       used 56148K, committed 56640K, reserved 1114112K
  class space    used 7829K, committed 8064K, reserved 1048576K
}
Event: 5.208 GC heap after
{Heap after GC invocations=12 (full 0):
 garbage-first heap   total 83968K, used 30681K [0x0000000709400000, 0x0000000800000000)
  region size 2048K, 3 young (6144K), 3 survivors (6144K)
 Metaspace       used 56148K, committed 56640K, reserved 1114112K
  class space    used 7829K, committed 8064K, reserved 1048576K
}
Event: 11.316 GC heap before
{Heap before GC invocations=12 (full 0):
 garbage-first heap   total 83968K, used 45017K [0x0000000709400000, 0x0000000800000000)
  region size 2048K, 12 young (24576K), 3 survivors (6144K)
 Metaspace       used 59646K, committed 60160K, reserved 1114112K
  class space    used 8215K, committed 8448K, reserved 1048576K
}
Event: 11.320 GC heap after
{Heap after GC invocations=13 (full 0):
 garbage-first heap   total 83968K, used 32474K [0x0000000709400000, 0x0000000800000000)
  region size 2048K, 1 young (2048K), 1 survivors (2048K)
 Metaspace       used 59646K, committed 60160K, reserved 1114112K
  class space    used 8215K, committed 8448K, reserved 1048576K
}

