# JRE version: Java(TM) SE Runtime Environment (17.0.10+11) (build 17.0.10+11-LTS-240)
# Java VM: Java HotSpot(TM) 64-Bit Server VM (17.0.10+11-LTS-240, mixed mode, emulated-client, sharing, tiered, compressed oops, compressed class ptrs, g1 gc, windows-amd64)
GC Precious Log:
 CPUs: 16 total, 16 available
 Memory: 15789M
 Large Page Support: Disabled
 NUMA Support: Disabled
 Compressed Oops: Enabled (Zero based)
 Heap Region Size: 2M
 Heap Min Capacity: 8M
 Heap Initial Capacity: 248M
 Heap Max Capacity: 3948M
 Pre-touch: Disabled
 Parallel Workers: 13
 Concurrent Workers: 3
 Concurrent Refinement Workers: 13
 Periodic GC: Disabled
Heap:
 garbage-first heap   total 116736K, used 46277K [0x0000000709400000, 0x0000000800000000)
  region size 2048K, 9 young (18432K), 1 survivors (2048K)
 Metaspace       used 65114K, committed 65664K, reserved 1114112K
  class space    used 8955K, committed 9216K, reserved 1048576K
GC Heap History (20 events):
Event: 0.991 GC heap before
{Heap before GC invocations=1 (full 0):
 garbage-first heap   total 253952K, used 28205K [0x0000000709400000, 0x0000000800000000)
  region size 2048K, 12 young (24576K), 2 survivors (4096K)
 Metaspace       used 7696K, committed 7936K, reserved 1114112K
  class space    used 1092K, committed 1216K, reserved 1048576K
}
Event: 0.994 GC heap after
{Heap after GC invocations=2 (full 0):
 garbage-first heap   total 253952K, used 9753K [0x0000000709400000, 0x0000000800000000)
  region size 2048K, 1 young (2048K), 1 survivors (2048K)
 Metaspace       used 7696K, committed 7936K, reserved 1114112K
  class space    used 1092K, committed 1216K, reserved 1048576K
}
Event: 1.471 GC heap before
{Heap before GC invocations=2 (full 0):
 garbage-first heap   total 253952K, used 58905K [0x0000000709400000, 0x0000000800000000)
  region size 2048K, 26 young (53248K), 1 survivors (2048K)
 Metaspace       used 17165K, committed 17472K, reserved 1114112K
  class space    used 2297K, committed 2432K, reserved 1048576K
}
Event: 1.476 GC heap after
{Heap after GC invocations=3 (full 0):
 garbage-first heap   total 253952K, used 13985K [0x0000000709400000, 0x0000000800000000)
  region size 2048K, 3 young (6144K), 3 survivors (6144K)
 Metaspace       used 17165K, committed 17472K, reserved 1114112K
  class space    used 2297K, committed 2432K, reserved 1048576K
}
Event: 2.023 GC heap before
{Heap before GC invocations=3 (full 0):
 garbage-first heap   total 253952K, used 48801K [0x0000000709400000, 0x0000000800000000)
  region size 2048K, 21 young (43008K), 3 survivors (6144K)
 Metaspace       used 21139K, committed 21504K, reserved 1114112K
  class space    used 2859K, committed 3072K, reserved 1048576K
}
Event: 2.027 GC heap after
{Heap after GC invocations=4 (full 0):
 garbage-first heap   total 253952K, used 15657K [0x0000000709400000, 0x0000000800000000)
  region size 2048K, 4 young (8192K), 4 survivors (8192K)
 Metaspace       used 21139K, committed 21504K, reserved 1114112K
  class space    used 2859K, committed 3072K, reserved 1048576K
}
Event: 2.512 GC heap before
{Heap before GC invocations=5 (full 0):
 garbage-first heap   total 61440K, used 44329K [0x0000000709400000, 0x0000000800000000)
  region size 2048K, 18 young (36864K), 4 survivors (8192K)
 Metaspace       used 25648K, committed 26048K, reserved 1114112K
  class space    used 3506K, committed 3712K, reserved 1048576K
}
Event: 2.519 GC heap after
{Heap after GC invocations=6 (full 0):
 garbage-first heap   total 61440K, used 18644K [0x0000000709400000, 0x0000000800000000)
  region size 2048K, 3 young (6144K), 3 survivors (6144K)
 Metaspace       used 25648K, committed 26048K, reserved 1114112K
  class space    used 3506K, committed 3712K, reserved 1048576K
}
Event: 2.558 GC heap before
{Heap before GC invocations=6 (full 0):
 garbage-first heap   total 61440K, used 20692K [0x0000000709400000, 0x0000000800000000)
  region size 2048K, 4 young (8192K), 3 survivors (6144K)
 Metaspace       used 26033K, committed 26432K, reserved 1114112K
  class space    used 3549K, committed 3712K, reserved 1048576K
}
Event: 2.564 GC heap after
{Heap after GC invocations=7 (full 0):
 garbage-first heap   total 61440K, used 18684K [0x0000000709400000, 0x0000000800000000)
  region size 2048K, 1 young (2048K), 1 survivors (2048K)
 Metaspace       used 26033K, committed 26432K, reserved 1114112K
  class space    used 3549K, committed 3712K, reserved 1048576K
}
Event: 2.877 GC heap before
{Heap before GC invocations=7 (full 0):
 garbage-first heap   total 61440K, used 41212K [0x0000000709400000, 0x0000000800000000)
  region size 2048K, 12 young (24576K), 1 survivors (2048K)
 Metaspace       used 30626K, committed 31040K, reserved 1114112K
  class space    used 4120K, committed 4288K, reserved 1048576K
}
Event: 2.879 GC heap after
{Heap after GC invocations=8 (full 0):
 garbage-first heap   total 61440K, used 19442K [0x0000000709400000, 0x0000000800000000)
  region size 2048K, 1 young (2048K), 1 survivors (2048K)
 Metaspace       used 30626K, committed 31040K, reserved 1114112K
  class space    used 4120K, committed 4288K, reserved 1048576K
}
Event: 3.222 GC heap before
{Heap before GC invocations=8 (full 0):
 garbage-first heap   total 61440K, used 39922K [0x0000000709400000, 0x0000000800000000)
  region size 2048K, 12 young (24576K), 1 survivors (2048K)
 Metaspace       used 35481K, committed 35968K, reserved 1114112K
  class space    used 4793K, committed 5056K, reserved 1048576K
}
Event: 3.225 GC heap after
{Heap after GC invocations=9 (full 0):
 garbage-first heap   total 61440K, used 20238K [0x0000000709400000, 0x0000000800000000)
  region size 2048K, 2 young (4096K), 2 survivors (4096K)
 Metaspace       used 35481K, committed 35968K, reserved 1114112K
  class space    used 4793K, committed 5056K, reserved 1048576K
}
Event: 3.533 GC heap before
{Heap before GC invocations=10 (full 0):
 garbage-first heap   total 61440K, used 42766K [0x0000000709400000, 0x0000000800000000)
  region size 2048K, 13 young (26624K), 2 survivors (4096K)
 Metaspace       used 39728K, committed 40192K, reserved 1114112K
  class space    used 5523K, committed 5760K, reserved 1048576K
}
Event: 3.536 GC heap after
{Heap after GC invocations=11 (full 0):
 garbage-first heap   total 157696K, used 21303K [0x0000000709400000, 0x0000000800000000)
  region size 2048K, 1 young (2048K), 1 survivors (2048K)
 Metaspace       used 39728K, committed 40192K, reserved 1114112K
  class space    used 5523K, committed 5760K, reserved 1048576K
}
Event: 7.968 GC heap before
{Heap before GC invocations=11 (full 0):
 garbage-first heap   total 157696K, used 113463K [0x0000000709400000, 0x0000000800000000)
  region size 2048K, 46 young (94208K), 1 survivors (2048K)
 Metaspace       used 58048K, committed 58560K, reserved 1114112K
  class space    used 8045K, committed 8320K, reserved 1048576K
}
Event: 7.975 GC heap after
{Heap after GC invocations=12 (full 0):
 garbage-first heap   total 157696K, used 30437K [0x0000000709400000, 0x0000000800000000)
  region size 2048K, 6 young (12288K), 6 survivors (12288K)
 Metaspace       used 58048K, committed 58560K, reserved 1114112K
  class space    used 8045K, committed 8320K, reserved 1048576K
}
Event: 8.085 GC heap before
{Heap before GC invocations=12 (full 0):
 garbage-first heap   total 157696K, used 34533K [0x0000000709400000, 0x0000000800000000)
  region size 2048K, 9 young (18432K), 6 survivors (12288K)
 Metaspace       used 59678K, committed 60160K, reserved 1114112K
  class space    used 8212K, committed 8448K, reserved 1048576K
}
Event: 8.091 GC heap after
{Heap after GC invocations=13 (full 0):
 garbage-first heap   total 157696K, used 31941K [0x0000000709400000, 0x0000000800000000)
  region size 2048K, 1 young (2048K), 1 survivors (2048K)
 Metaspace       used 59678K, committed 60160K, reserved 1114112K
  class space    used 8212K, committed 8448K, reserved 1048576K
}

