# JRE version: Java(TM) SE Runtime Environment (17.0.10+11) (build 17.0.10+11-LTS-240)
# Java VM: Java HotSpot(TM) 64-Bit Server VM (17.0.10+11-LTS-240, mixed mode, emulated-client, sharing, tiered, compressed oops, compressed class ptrs, g1 gc, windows-amd64)
GC Precious Log:
 CPUs: 16 total, 16 available
 Memory: 15789M
 Large Page Support: Disabled
 NUMA Support: Disabled
 Compressed Oops: Enabled (Zero based)
 Heap Region Size: 2M
 Heap Min Capacity: 8M
 Heap Initial Capacity: 248M
 Heap Max Capacity: 3948M
 Pre-touch: Disabled
 Parallel Workers: 13
 Concurrent Workers: 3
 Concurrent Refinement Workers: 13
 Periodic GC: Disabled
Heap:
 garbage-first heap   total 83968K, used 46965K [0x0000000709400000, 0x0000000800000000)
  region size 2048K, 10 young (20480K), 1 survivors (2048K)
 Metaspace       used 65090K, committed 65664K, reserved 1114112K
  class space    used 8950K, committed 9216K, reserved 1048576K
GC Heap History (20 events):
Event: 1.444 GC heap before
{Heap before GC invocations=2 (full 0):
 garbage-first heap   total 253952K, used 65553K [0x0000000709400000, 0x0000000800000000)
  region size 2048K, 29 young (59392K), 1 survivors (2048K)
 Metaspace       used 17634K, committed 17920K, reserved 1114112K
  class space    used 2373K, committed 2496K, reserved 1048576K
}
Event: 1.449 GC heap after
{Heap after GC invocations=3 (full 0):
 garbage-first heap   total 253952K, used 14926K [0x0000000709400000, 0x0000000800000000)
  region size 2048K, 4 young (8192K), 4 survivors (8192K)
 Metaspace       used 17634K, committed 17920K, reserved 1114112K
  class space    used 2373K, committed 2496K, reserved 1048576K
}
Event: 1.854 GC heap before
{Heap before GC invocations=3 (full 0):
 garbage-first heap   total 253952K, used 41550K [0x0000000709400000, 0x0000000800000000)
  region size 2048K, 18 young (36864K), 4 survivors (8192K)
 Metaspace       used 21136K, committed 21504K, reserved 1114112K
  class space    used 2860K, committed 3072K, reserved 1048576K
}
Event: 1.858 GC heap after
{Heap after GC invocations=4 (full 0):
 garbage-first heap   total 253952K, used 16303K [0x0000000709400000, 0x0000000800000000)
  region size 2048K, 4 young (8192K), 4 survivors (8192K)
 Metaspace       used 21136K, committed 21504K, reserved 1114112K
  class space    used 2860K, committed 3072K, reserved 1048576K
}
Event: 2.427 GC heap before
{Heap before GC invocations=5 (full 0):
 garbage-first heap   total 69632K, used 49071K [0x0000000709400000, 0x0000000800000000)
  region size 2048K, 20 young (40960K), 4 survivors (8192K)
 Metaspace       used 26193K, committed 26560K, reserved 1114112K
  class space    used 3584K, committed 3776K, reserved 1048576K
}
Event: 2.434 GC heap after
{Heap after GC invocations=6 (full 0):
 garbage-first heap   total 69632K, used 18683K [0x0000000709400000, 0x0000000800000000)
  region size 2048K, 3 young (6144K), 3 survivors (6144K)
 Metaspace       used 26193K, committed 26560K, reserved 1114112K
  class space    used 3584K, committed 3776K, reserved 1048576K
}
Event: 2.793 GC heap before
{Heap before GC invocations=6 (full 0):
 garbage-first heap   total 69632K, used 45307K [0x0000000709400000, 0x0000000800000000)
  region size 2048K, 16 young (32768K), 3 survivors (6144K)
 Metaspace       used 32360K, committed 32768K, reserved 1114112K
  class space    used 4301K, committed 4480K, reserved 1048576K
}
Event: 2.796 GC heap after
{Heap after GC invocations=7 (full 0):
 garbage-first heap   total 69632K, used 20619K [0x0000000709400000, 0x0000000800000000)
  region size 2048K, 1 young (2048K), 1 survivors (2048K)
 Metaspace       used 32360K, committed 32768K, reserved 1114112K
  class space    used 4301K, committed 4480K, reserved 1048576K
}
Event: 3.031 GC heap before
{Heap before GC invocations=7 (full 0):
 garbage-first heap   total 69632K, used 32907K [0x0000000709400000, 0x0000000800000000)
  region size 2048K, 9 young (18432K), 1 survivors (2048K)
 Metaspace       used 35496K, committed 35968K, reserved 1114112K
  class space    used 4792K, committed 5056K, reserved 1048576K
}
Event: 3.034 GC heap after
{Heap after GC invocations=8 (full 0):
 garbage-first heap   total 69632K, used 20980K [0x0000000709400000, 0x0000000800000000)
  region size 2048K, 2 young (4096K), 2 survivors (4096K)
 Metaspace       used 35496K, committed 35968K, reserved 1114112K
  class space    used 4792K, committed 5056K, reserved 1048576K
}
Event: 3.426 GC heap before
{Heap before GC invocations=9 (full 0):
 garbage-first heap   total 69632K, used 45556K [0x0000000709400000, 0x0000000800000000)
  region size 2048K, 15 young (30720K), 2 survivors (4096K)
 Metaspace       used 40455K, committed 40960K, reserved 1114112K
  class space    used 5633K, committed 5888K, reserved 1048576K
}
Event: 3.428 GC heap after
{Heap after GC invocations=10 (full 0):
 garbage-first heap   total 69632K, used 22127K [0x0000000709400000, 0x0000000800000000)
  region size 2048K, 1 young (2048K), 1 survivors (2048K)
 Metaspace       used 40455K, committed 40960K, reserved 1114112K
  class space    used 5633K, committed 5888K, reserved 1048576K
}
Event: 3.950 GC heap before
{Heap before GC invocations=10 (full 0):
 garbage-first heap   total 69632K, used 50799K [0x0000000709400000, 0x0000000800000000)
  region size 2048K, 15 young (30720K), 1 survivors (2048K)
 Metaspace       used 47374K, committed 47872K, reserved 1114112K
  class space    used 6688K, committed 6912K, reserved 1048576K
}
Event: 3.953 GC heap after
{Heap after GC invocations=11 (full 0):
 garbage-first heap   total 69632K, used 23926K [0x0000000709400000, 0x0000000800000000)
  region size 2048K, 2 young (4096K), 2 survivors (4096K)
 Metaspace       used 47374K, committed 47872K, reserved 1114112K
  class space    used 6688K, committed 6912K, reserved 1048576K
}
Event: 4.413 GC heap before
{Heap before GC invocations=11 (full 0):
 garbage-first heap   total 69632K, used 50550K [0x0000000709400000, 0x0000000800000000)
  region size 2048K, 15 young (30720K), 2 survivors (4096K)
 Metaspace       used 53955K, committed 54464K, reserved 1114112K
  class space    used 7512K, committed 7744K, reserved 1048576K
}
Event: 4.416 GC heap after
{Heap after GC invocations=12 (full 0):
 garbage-first heap   total 69632K, used 28412K [0x0000000709400000, 0x0000000800000000)
  region size 2048K, 2 young (4096K), 2 survivors (4096K)
 Metaspace       used 53955K, committed 54464K, reserved 1114112K
  class space    used 7512K, committed 7744K, reserved 1048576K
}
Event: 4.716 GC heap before
{Heap before GC invocations=12 (full 0):
 garbage-first heap   total 69632K, used 48892K [0x0000000709400000, 0x0000000800000000)
  region size 2048K, 12 young (24576K), 2 survivors (4096K)
 Metaspace       used 56515K, committed 56960K, reserved 1114112K
  class space    used 7846K, committed 8064K, reserved 1048576K
}
Event: 4.719 GC heap after
{Heap after GC invocations=13 (full 0):
 garbage-first heap   total 69632K, used 31245K [0x0000000709400000, 0x0000000800000000)
  region size 2048K, 2 young (4096K), 2 survivors (4096K)
 Metaspace       used 56515K, committed 56960K, reserved 1114112K
  class space    used 7846K, committed 8064K, reserved 1048576K
}
Event: 9.143 GC heap before
{Heap before GC invocations=13 (full 0):
 garbage-first heap   total 69632K, used 43533K [0x0000000709400000, 0x0000000800000000)
  region size 2048K, 9 young (18432K), 2 survivors (4096K)
 Metaspace       used 59656K, committed 60160K, reserved 1114112K
  class space    used 8206K, committed 8448K, reserved 1048576K
}
Event: 9.147 GC heap after
{Heap after GC invocations=14 (full 0):
 garbage-first heap   total 83968K, used 32629K [0x0000000709400000, 0x0000000800000000)
  region size 2048K, 1 young (2048K), 1 survivors (2048K)
 Metaspace       used 59656K, committed 60160K, reserved 1114112K
  class space    used 8206K, committed 8448K, reserved 1048576K
}

