# JRE version: Java(TM) SE Runtime Environment (17.0.10+11) (build 17.0.10+11-LTS-240)
# Java VM: Java HotSpot(TM) 64-Bit Server VM (17.0.10+11-LTS-240, mixed mode, emulated-client, sharing, tiered, compressed oops, compressed class ptrs, g1 gc, windows-amd64)
GC Precious Log:
 CPUs: 16 total, 16 available
 Memory: 15789M
 Large Page Support: Disabled
 NUMA Support: Disabled
 Compressed Oops: Enabled (Zero based)
 Heap Region Size: 2M
 Heap Min Capacity: 8M
 Heap Initial Capacity: 248M
 Heap Max Capacity: 3948M
 Pre-touch: Disabled
 Parallel Workers: 13
 Concurrent Workers: 3
 Concurrent Refinement Workers: 13
 Periodic GC: Disabled
Heap:
 garbage-first heap   total 116736K, used 44370K [0x0000000709400000, 0x0000000800000000)
  region size 2048K, 8 young (16384K), 1 survivors (2048K)
 Metaspace       used 65101K, committed 65664K, reserved 1114112K
  class space    used 8957K, committed 9216K, reserved 1048576K
GC Heap History (20 events):
Event: 0.997 GC heap before
{Heap before GC invocations=1 (full 0):
 garbage-first heap   total 253952K, used 30200K [0x0000000709400000, 0x0000000800000000)
  region size 2048K, 13 young (26624K), 2 survivors (4096K)
 Metaspace       used 8351K, committed 8576K, reserved 1114112K
  class space    used 1177K, committed 1280K, reserved 1048576K
}
Event: 1.000 GC heap after
{Heap after GC invocations=2 (full 0):
 garbage-first heap   total 253952K, used 9945K [0x0000000709400000, 0x0000000800000000)
  region size 2048K, 1 young (2048K), 1 survivors (2048K)
 Metaspace       used 8351K, committed 8576K, reserved 1114112K
  class space    used 1177K, committed 1280K, reserved 1048576K
}
Event: 1.654 GC heap before
{Heap before GC invocations=2 (full 0):
 garbage-first heap   total 253952K, used 65241K [0x0000000709400000, 0x0000000800000000)
  region size 2048K, 29 young (59392K), 1 survivors (2048K)
 Metaspace       used 17642K, committed 17920K, reserved 1114112K
  class space    used 2375K, committed 2496K, reserved 1048576K
}
Event: 1.659 GC heap after
{Heap after GC invocations=3 (full 0):
 garbage-first heap   total 253952K, used 14789K [0x0000000709400000, 0x0000000800000000)
  region size 2048K, 4 young (8192K), 4 survivors (8192K)
 Metaspace       used 17642K, committed 17920K, reserved 1114112K
  class space    used 2375K, committed 2496K, reserved 1048576K
}
Event: 2.077 GC heap before
{Heap before GC invocations=3 (full 0):
 garbage-first heap   total 253952K, used 39365K [0x0000000709400000, 0x0000000800000000)
  region size 2048K, 17 young (34816K), 4 survivors (8192K)
 Metaspace       used 21136K, committed 21504K, reserved 1114112K
  class space    used 2860K, committed 3072K, reserved 1048576K
}
Event: 2.080 GC heap after
{Heap after GC invocations=4 (full 0):
 garbage-first heap   total 253952K, used 16175K [0x0000000709400000, 0x0000000800000000)
  region size 2048K, 4 young (8192K), 4 survivors (8192K)
 Metaspace       used 21136K, committed 21504K, reserved 1114112K
  class space    used 2860K, committed 3072K, reserved 1048576K
}
Event: 2.585 GC heap before
{Heap before GC invocations=5 (full 0):
 garbage-first heap   total 61440K, used 42799K [0x0000000709400000, 0x0000000800000000)
  region size 2048K, 18 young (36864K), 4 survivors (8192K)
 Metaspace       used 25699K, committed 26112K, reserved 1114112K
  class space    used 3510K, committed 3712K, reserved 1048576K
}
Event: 2.592 GC heap after
{Heap after GC invocations=6 (full 0):
 garbage-first heap   total 61440K, used 18600K [0x0000000709400000, 0x0000000800000000)
  region size 2048K, 3 young (6144K), 3 survivors (6144K)
 Metaspace       used 25699K, committed 26112K, reserved 1114112K
  class space    used 3510K, committed 3712K, reserved 1048576K
}
Event: 2.630 GC heap before
{Heap before GC invocations=6 (full 0):
 garbage-first heap   total 61440K, used 20648K [0x0000000709400000, 0x0000000800000000)
  region size 2048K, 4 young (8192K), 3 survivors (6144K)
 Metaspace       used 26089K, committed 26496K, reserved 1114112K
  class space    used 3563K, committed 3776K, reserved 1048576K
}
Event: 2.636 GC heap after
{Heap after GC invocations=7 (full 0):
 garbage-first heap   total 61440K, used 18664K [0x0000000709400000, 0x0000000800000000)
  region size 2048K, 1 young (2048K), 1 survivors (2048K)
 Metaspace       used 26089K, committed 26496K, reserved 1114112K
  class space    used 3563K, committed 3776K, reserved 1048576K
}
Event: 3.010 GC heap before
{Heap before GC invocations=7 (full 0):
 garbage-first heap   total 61440K, used 39144K [0x0000000709400000, 0x0000000800000000)
  region size 2048K, 12 young (24576K), 1 survivors (2048K)
 Metaspace       used 30724K, committed 31168K, reserved 1114112K
  class space    used 4138K, committed 4352K, reserved 1048576K
}
Event: 3.013 GC heap after
{Heap after GC invocations=8 (full 0):
 garbage-first heap   total 61440K, used 19502K [0x0000000709400000, 0x0000000800000000)
  region size 2048K, 1 young (2048K), 1 survivors (2048K)
 Metaspace       used 30724K, committed 31168K, reserved 1114112K
  class space    used 4138K, committed 4352K, reserved 1048576K
}
Event: 3.379 GC heap before
{Heap before GC invocations=8 (full 0):
 garbage-first heap   total 61440K, used 35886K [0x0000000709400000, 0x0000000800000000)
  region size 2048K, 11 young (22528K), 1 survivors (2048K)
 Metaspace       used 35498K, committed 35968K, reserved 1114112K
  class space    used 4795K, committed 5056K, reserved 1048576K
}
Event: 3.381 GC heap after
{Heap after GC invocations=9 (full 0):
 garbage-first heap   total 61440K, used 20365K [0x0000000709400000, 0x0000000800000000)
  region size 2048K, 2 young (4096K), 2 survivors (4096K)
 Metaspace       used 35498K, committed 35968K, reserved 1114112K
  class space    used 4795K, committed 5056K, reserved 1048576K
}
Event: 3.738 GC heap before
{Heap before GC invocations=10 (full 0):
 garbage-first heap   total 61440K, used 42893K [0x0000000709400000, 0x0000000800000000)
  region size 2048K, 13 young (26624K), 2 survivors (4096K)
 Metaspace       used 39749K, committed 40192K, reserved 1114112K
  class space    used 5531K, committed 5760K, reserved 1048576K
}
Event: 3.741 GC heap after
{Heap after GC invocations=11 (full 0):
 garbage-first heap   total 157696K, used 21366K [0x0000000709400000, 0x0000000800000000)
  region size 2048K, 1 young (2048K), 1 survivors (2048K)
 Metaspace       used 39749K, committed 40192K, reserved 1114112K
  class space    used 5531K, committed 5760K, reserved 1048576K
}
Event: 13.035 GC heap before
{Heap before GC invocations=11 (full 0):
 garbage-first heap   total 157696K, used 113526K [0x0000000709400000, 0x0000000800000000)
  region size 2048K, 46 young (94208K), 1 survivors (2048K)
 Metaspace       used 58011K, committed 58560K, reserved 1114112K
  class space    used 8067K, committed 8320K, reserved 1048576K
}
Event: 13.042 GC heap after
{Heap after GC invocations=12 (full 0):
 garbage-first heap   total 157696K, used 30614K [0x0000000709400000, 0x0000000800000000)
  region size 2048K, 6 young (12288K), 6 survivors (12288K)
 Metaspace       used 58011K, committed 58560K, reserved 1114112K
  class space    used 8067K, committed 8320K, reserved 1048576K
}
Event: 14.213 GC heap before
{Heap before GC invocations=12 (full 0):
 garbage-first heap   total 157696K, used 36758K [0x0000000709400000, 0x0000000800000000)
  region size 2048K, 10 young (20480K), 6 survivors (12288K)
 Metaspace       used 59639K, committed 60160K, reserved 1114112K
  class space    used 8248K, committed 8512K, reserved 1048576K
}
Event: 14.218 GC heap after
{Heap after GC invocations=13 (full 0):
 garbage-first heap   total 157696K, used 32082K [0x0000000709400000, 0x0000000800000000)
  region size 2048K, 1 young (2048K), 1 survivors (2048K)
 Metaspace       used 59639K, committed 60160K, reserved 1114112K
  class space    used 8248K, committed 8512K, reserved 1048576K
}

