# JRE version: Java(TM) SE Runtime Environment (17.0.10+11) (build 17.0.10+11-LTS-240)
# Java VM: Java HotSpot(TM) 64-Bit Server VM (17.0.10+11-LTS-240, mixed mode, emulated-client, sharing, tiered, compressed oops, compressed class ptrs, g1 gc, windows-amd64)
GC Precious Log:
 CPUs: 16 total, 16 available
 Memory: 15789M
 Large Page Support: Disabled
 NUMA Support: Disabled
 Compressed Oops: Enabled (Zero based)
 Heap Region Size: 2M
 Heap Min Capacity: 8M
 Heap Initial Capacity: 248M
 Heap Max Capacity: 3948M
 Pre-touch: Disabled
 Parallel Workers: 13
 Concurrent Workers: 3
 Concurrent Refinement Workers: 13
 Periodic GC: Disabled
Heap:
 garbage-first heap   total 116736K, used 44064K [0x0000000709400000, 0x0000000800000000)
  region size 2048K, 8 young (16384K), 1 survivors (2048K)
 Metaspace       used 65091K, committed 65664K, reserved 1114112K
  class space    used 8955K, committed 9216K, reserved 1048576K
GC Heap History (20 events):
Event: 0.966 GC heap before
{Heap before GC invocations=1 (full 0):
 garbage-first heap   total 253952K, used 28693K [0x0000000709400000, 0x0000000800000000)
  region size 2048K, 12 young (24576K), 2 survivors (4096K)
 Metaspace       used 7783K, committed 8064K, reserved 1114112K
  class space    used 1107K, committed 1216K, reserved 1048576K
}
Event: 0.970 GC heap after
{Heap after GC invocations=2 (full 0):
 garbage-first heap   total 253952K, used 9364K [0x0000000709400000, 0x0000000800000000)
  region size 2048K, 1 young (2048K), 1 survivors (2048K)
 Metaspace       used 7783K, committed 8064K, reserved 1114112K
  class space    used 1107K, committed 1216K, reserved 1048576K
}
Event: 1.595 GC heap before
{Heap before GC invocations=2 (full 0):
 garbage-first heap   total 253952K, used 66708K [0x0000000709400000, 0x0000000800000000)
  region size 2048K, 29 young (59392K), 1 survivors (2048K)
 Metaspace       used 17578K, committed 17920K, reserved 1114112K
  class space    used 2364K, committed 2496K, reserved 1048576K
}
Event: 1.599 GC heap after
{Heap after GC invocations=3 (full 0):
 garbage-first heap   total 253952K, used 14085K [0x0000000709400000, 0x0000000800000000)
  region size 2048K, 4 young (8192K), 4 survivors (8192K)
 Metaspace       used 17578K, committed 17920K, reserved 1114112K
  class space    used 2364K, committed 2496K, reserved 1048576K
}
Event: 2.231 GC heap before
{Heap before GC invocations=3 (full 0):
 garbage-first heap   total 253952K, used 42757K [0x0000000709400000, 0x0000000800000000)
  region size 2048K, 19 young (38912K), 4 survivors (8192K)
 Metaspace       used 21137K, committed 21504K, reserved 1114112K
  class space    used 2862K, committed 3072K, reserved 1048576K
}
Event: 2.235 GC heap after
{Heap after GC invocations=4 (full 0):
 garbage-first heap   total 253952K, used 15621K [0x0000000709400000, 0x0000000800000000)
  region size 2048K, 4 young (8192K), 4 survivors (8192K)
 Metaspace       used 21137K, committed 21504K, reserved 1114112K
  class space    used 2862K, committed 3072K, reserved 1048576K
}
Event: 2.815 GC heap before
{Heap before GC invocations=5 (full 0):
 garbage-first heap   total 61440K, used 42245K [0x0000000709400000, 0x0000000800000000)
  region size 2048K, 18 young (36864K), 4 survivors (8192K)
 Metaspace       used 25644K, committed 26048K, reserved 1114112K
  class space    used 3508K, committed 3712K, reserved 1048576K
}
Event: 2.823 GC heap after
{Heap after GC invocations=6 (full 0):
 garbage-first heap   total 61440K, used 17867K [0x0000000709400000, 0x0000000800000000)
  region size 2048K, 3 young (6144K), 3 survivors (6144K)
 Metaspace       used 25644K, committed 26048K, reserved 1114112K
  class space    used 3508K, committed 3712K, reserved 1048576K
}
Event: 2.889 GC heap before
{Heap before GC invocations=6 (full 0):
 garbage-first heap   total 61440K, used 19915K [0x0000000709400000, 0x0000000800000000)
  region size 2048K, 4 young (8192K), 3 survivors (6144K)
 Metaspace       used 25968K, committed 26304K, reserved 1114112K
  class space    used 3540K, committed 3712K, reserved 1048576K
}
Event: 2.897 GC heap after
{Heap after GC invocations=7 (full 0):
 garbage-first heap   total 61440K, used 18339K [0x0000000709400000, 0x0000000800000000)
  region size 2048K, 1 young (2048K), 1 survivors (2048K)
 Metaspace       used 25968K, committed 26304K, reserved 1114112K
  class space    used 3540K, committed 3712K, reserved 1048576K
}
Event: 3.293 GC heap before
{Heap before GC invocations=7 (full 0):
 garbage-first heap   total 61440K, used 40867K [0x0000000709400000, 0x0000000800000000)
  region size 2048K, 12 young (24576K), 1 survivors (2048K)
 Metaspace       used 30547K, committed 30976K, reserved 1114112K
  class space    used 4110K, committed 4288K, reserved 1048576K
}
Event: 3.295 GC heap after
{Heap after GC invocations=8 (full 0):
 garbage-first heap   total 61440K, used 19141K [0x0000000709400000, 0x0000000800000000)
  region size 2048K, 1 young (2048K), 1 survivors (2048K)
 Metaspace       used 30547K, committed 30976K, reserved 1114112K
  class space    used 4110K, committed 4288K, reserved 1048576K
}
Event: 3.684 GC heap before
{Heap before GC invocations=8 (full 0):
 garbage-first heap   total 61440K, used 39621K [0x0000000709400000, 0x0000000800000000)
  region size 2048K, 12 young (24576K), 1 survivors (2048K)
 Metaspace       used 35498K, committed 35968K, reserved 1114112K
  class space    used 4795K, committed 5056K, reserved 1048576K
}
Event: 3.687 GC heap after
{Heap after GC invocations=9 (full 0):
 garbage-first heap   total 61440K, used 20059K [0x0000000709400000, 0x0000000800000000)
  region size 2048K, 2 young (4096K), 2 survivors (4096K)
 Metaspace       used 35498K, committed 35968K, reserved 1114112K
  class space    used 4795K, committed 5056K, reserved 1048576K
}
Event: 4.067 GC heap before
{Heap before GC invocations=10 (full 0):
 garbage-first heap   total 61440K, used 42587K [0x0000000709400000, 0x0000000800000000)
  region size 2048K, 13 young (26624K), 2 survivors (4096K)
 Metaspace       used 39761K, committed 40256K, reserved 1114112K
  class space    used 5534K, committed 5760K, reserved 1048576K
}
Event: 4.070 GC heap after
{Heap after GC invocations=11 (full 0):
 garbage-first heap   total 157696K, used 20883K [0x0000000709400000, 0x0000000800000000)
  region size 2048K, 1 young (2048K), 1 survivors (2048K)
 Metaspace       used 39761K, committed 40256K, reserved 1114112K
  class space    used 5534K, committed 5760K, reserved 1048576K
}
Event: 12.832 GC heap before
{Heap before GC invocations=11 (full 0):
 garbage-first heap   total 157696K, used 113043K [0x0000000709400000, 0x0000000800000000)
  region size 2048K, 46 young (94208K), 1 survivors (2048K)
 Metaspace       used 57885K, committed 58432K, reserved 1114112K
  class space    used 8055K, committed 8320K, reserved 1048576K
}
Event: 12.839 GC heap after
{Heap after GC invocations=12 (full 0):
 garbage-first heap   total 157696K, used 30018K [0x0000000709400000, 0x0000000800000000)
  region size 2048K, 6 young (12288K), 6 survivors (12288K)
 Metaspace       used 57885K, committed 58432K, reserved 1114112K
  class space    used 8055K, committed 8320K, reserved 1048576K
}
Event: 13.937 GC heap before
{Heap before GC invocations=12 (full 0):
 garbage-first heap   total 157696K, used 34114K [0x0000000709400000, 0x0000000800000000)
  region size 2048K, 10 young (20480K), 6 survivors (12288K)
 Metaspace       used 59614K, committed 60160K, reserved 1114112K
  class space    used 8243K, committed 8512K, reserved 1048576K
}
Event: 13.943 GC heap after
{Heap after GC invocations=13 (full 0):
 garbage-first heap   total 157696K, used 31776K [0x0000000709400000, 0x0000000800000000)
  region size 2048K, 1 young (2048K), 1 survivors (2048K)
 Metaspace       used 59614K, committed 60160K, reserved 1114112K
  class space    used 8243K, committed 8512K, reserved 1048576K
}

