# JRE version: Java(TM) SE Runtime Environment (17.0.10+11) (build 17.0.10+11-LTS-240)
# Java VM: Java HotSpot(TM) 64-Bit Server VM (17.0.10+11-LTS-240, mixed mode, emulated-client, sharing, tiered, compressed oops, compressed class ptrs, g1 gc, windows-amd64)
GC Precious Log:
 CPUs: 16 total, 16 available
 Memory: 15789M
 Large Page Support: Disabled
 NUMA Support: Disabled
 Compressed Oops: Enabled (Zero based)
 Heap Region Size: 2M
 Heap Min Capacity: 8M
 Heap Initial Capacity: 248M
 Heap Max Capacity: 3948M
 Pre-touch: Disabled
 Parallel Workers: 13
 Concurrent Workers: 3
 Concurrent Refinement Workers: 13
 Periodic GC: Disabled
Heap:
 garbage-first heap   total 83968K, used 42292K [0x0000000709400000, 0x0000000800000000)
  region size 2048K, 8 young (16384K), 1 survivors (2048K)
 Metaspace       used 64916K, committed 65536K, reserved 1114112K
  class space    used 8924K, committed 9216K, reserved 1048576K
GC Heap History (20 events):
Event: 1.593 GC heap before
{Heap before GC invocations=2 (full 0):
 garbage-first heap   total 253952K, used 65390K [0x0000000709400000, 0x0000000800000000)
  region size 2048K, 29 young (59392K), 1 survivors (2048K)
 Metaspace       used 17573K, committed 17920K, reserved 1114112K
  class space    used 2359K, committed 2496K, reserved 1048576K
}
Event: 1.599 GC heap after
{Heap after GC invocations=3 (full 0):
 garbage-first heap   total 253952K, used 14702K [0x0000000709400000, 0x0000000800000000)
  region size 2048K, 4 young (8192K), 4 survivors (8192K)
 Metaspace       used 17573K, committed 17920K, reserved 1114112K
  class space    used 2359K, committed 2496K, reserved 1048576K
}
Event: 2.083 GC heap before
{Heap before GC invocations=3 (full 0):
 garbage-first heap   total 253952K, used 41326K [0x0000000709400000, 0x0000000800000000)
  region size 2048K, 18 young (36864K), 4 survivors (8192K)
 Metaspace       used 21132K, committed 21504K, reserved 1114112K
  class space    used 2856K, committed 3072K, reserved 1048576K
}
Event: 2.086 GC heap after
{Heap after GC invocations=4 (full 0):
 garbage-first heap   total 253952K, used 16035K [0x0000000709400000, 0x0000000800000000)
  region size 2048K, 4 young (8192K), 4 survivors (8192K)
 Metaspace       used 21132K, committed 21504K, reserved 1114112K
  class space    used 2856K, committed 3072K, reserved 1048576K
}
Event: 2.677 GC heap before
{Heap before GC invocations=5 (full 0):
 garbage-first heap   total 69632K, used 48803K [0x0000000709400000, 0x0000000800000000)
  region size 2048K, 20 young (40960K), 4 survivors (8192K)
 Metaspace       used 26142K, committed 26560K, reserved 1114112K
  class space    used 3575K, committed 3776K, reserved 1048576K
}
Event: 2.685 GC heap after
{Heap after GC invocations=6 (full 0):
 garbage-first heap   total 69632K, used 18920K [0x0000000709400000, 0x0000000800000000)
  region size 2048K, 3 young (6144K), 3 survivors (6144K)
 Metaspace       used 26142K, committed 26560K, reserved 1114112K
  class space    used 3575K, committed 3776K, reserved 1048576K
}
Event: 3.086 GC heap before
{Heap before GC invocations=6 (full 0):
 garbage-first heap   total 69632K, used 45544K [0x0000000709400000, 0x0000000800000000)
  region size 2048K, 16 young (32768K), 3 survivors (6144K)
 Metaspace       used 32303K, committed 32704K, reserved 1114112K
  class space    used 4293K, committed 4480K, reserved 1048576K
}
Event: 3.090 GC heap after
{Heap after GC invocations=7 (full 0):
 garbage-first heap   total 69632K, used 20441K [0x0000000709400000, 0x0000000800000000)
  region size 2048K, 1 young (2048K), 1 survivors (2048K)
 Metaspace       used 32303K, committed 32704K, reserved 1114112K
  class space    used 4293K, committed 4480K, reserved 1048576K
}
Event: 3.360 GC heap before
{Heap before GC invocations=7 (full 0):
 garbage-first heap   total 69632K, used 34777K [0x0000000709400000, 0x0000000800000000)
  region size 2048K, 9 young (18432K), 1 survivors (2048K)
 Metaspace       used 35492K, committed 35968K, reserved 1114112K
  class space    used 4791K, committed 5056K, reserved 1048576K
}
Event: 3.363 GC heap after
{Heap after GC invocations=8 (full 0):
 garbage-first heap   total 69632K, used 20813K [0x0000000709400000, 0x0000000800000000)
  region size 2048K, 2 young (4096K), 2 survivors (4096K)
 Metaspace       used 35492K, committed 35968K, reserved 1114112K
  class space    used 4791K, committed 5056K, reserved 1048576K
}
Event: 3.769 GC heap before
{Heap before GC invocations=9 (full 0):
 garbage-first heap   total 69632K, used 47437K [0x0000000709400000, 0x0000000800000000)
  region size 2048K, 15 young (30720K), 2 survivors (4096K)
 Metaspace       used 40454K, committed 40960K, reserved 1114112K
  class space    used 5633K, committed 5888K, reserved 1048576K
}
Event: 3.771 GC heap after
{Heap after GC invocations=10 (full 0):
 garbage-first heap   total 69632K, used 22144K [0x0000000709400000, 0x0000000800000000)
  region size 2048K, 1 young (2048K), 1 survivors (2048K)
 Metaspace       used 40454K, committed 40960K, reserved 1114112K
  class space    used 5633K, committed 5888K, reserved 1048576K
}
Event: 4.335 GC heap before
{Heap before GC invocations=10 (full 0):
 garbage-first heap   total 69632K, used 50816K [0x0000000709400000, 0x0000000800000000)
  region size 2048K, 15 young (30720K), 1 survivors (2048K)
 Metaspace       used 47336K, committed 47808K, reserved 1114112K
  class space    used 6682K, committed 6912K, reserved 1048576K
}
Event: 4.338 GC heap after
{Heap after GC invocations=11 (full 0):
 garbage-first heap   total 69632K, used 23774K [0x0000000709400000, 0x0000000800000000)
  region size 2048K, 2 young (4096K), 2 survivors (4096K)
 Metaspace       used 47336K, committed 47808K, reserved 1114112K
  class space    used 6682K, committed 6912K, reserved 1048576K
}
Event: 4.812 GC heap before
{Heap before GC invocations=11 (full 0):
 garbage-first heap   total 69632K, used 48350K [0x0000000709400000, 0x0000000800000000)
  region size 2048K, 15 young (30720K), 2 survivors (4096K)
 Metaspace       used 53749K, committed 54272K, reserved 1114112K
  class space    used 7514K, committed 7744K, reserved 1048576K
}
Event: 4.816 GC heap after
{Heap after GC invocations=12 (full 0):
 garbage-first heap   total 69632K, used 28353K [0x0000000709400000, 0x0000000800000000)
  region size 2048K, 2 young (4096K), 2 survivors (4096K)
 Metaspace       used 53749K, committed 54272K, reserved 1114112K
  class space    used 7514K, committed 7744K, reserved 1048576K
}
Event: 5.195 GC heap before
{Heap before GC invocations=12 (full 0):
 garbage-first heap   total 69632K, used 48833K [0x0000000709400000, 0x0000000800000000)
  region size 2048K, 12 young (24576K), 2 survivors (4096K)
 Metaspace       used 56320K, committed 56768K, reserved 1114112K
  class space    used 7846K, committed 8064K, reserved 1048576K
}
Event: 5.199 GC heap after
{Heap after GC invocations=13 (full 0):
 garbage-first heap   total 69632K, used 30984K [0x0000000709400000, 0x0000000800000000)
  region size 2048K, 2 young (4096K), 2 survivors (4096K)
 Metaspace       used 56320K, committed 56768K, reserved 1114112K
  class space    used 7846K, committed 8064K, reserved 1048576K
}
Event: 7.748 GC heap before
{Heap before GC invocations=13 (full 0):
 garbage-first heap   total 69632K, used 43272K [0x0000000709400000, 0x0000000800000000)
  region size 2048K, 10 young (20480K), 2 survivors (4096K)
 Metaspace       used 59651K, committed 60160K, reserved 1114112K
  class space    used 8239K, committed 8512K, reserved 1048576K
}
Event: 7.751 GC heap after
{Heap after GC invocations=14 (full 0):
 garbage-first heap   total 83968K, used 32052K [0x0000000709400000, 0x0000000800000000)
  region size 2048K, 1 young (2048K), 1 survivors (2048K)
 Metaspace       used 59651K, committed 60160K, reserved 1114112K
  class space    used 8239K, committed 8512K, reserved 1048576K
}

